[2025-03-20T15:00:30.143-0500] {processor.py:186} INFO - Started process (PID=151739) to work on /home/nicolas/Escritorio/proyecto/Proyecto_ETL/venv/lib/python3.8/site-packages/airflow/example_dags/subdags/subdag.py
[2025-03-20T15:00:30.144-0500] {processor.py:914} INFO - Processing file /home/nicolas/Escritorio/proyecto/Proyecto_ETL/venv/lib/python3.8/site-packages/airflow/example_dags/subdags/subdag.py for tasks to queue
[2025-03-20T15:00:30.145-0500] {logging_mixin.py:190} INFO - [2025-03-20T15:00:30.145-0500] {dagbag.py:587} INFO - Filling up the DagBag from /home/nicolas/Escritorio/proyecto/Proyecto_ETL/venv/lib/python3.8/site-packages/airflow/example_dags/subdags/subdag.py
[2025-03-20T15:00:30.146-0500] {processor.py:927} WARNING - No viable dags retrieved from /home/nicolas/Escritorio/proyecto/Proyecto_ETL/venv/lib/python3.8/site-packages/airflow/example_dags/subdags/subdag.py
[2025-03-20T15:00:30.151-0500] {processor.py:208} INFO - Processing /home/nicolas/Escritorio/proyecto/Proyecto_ETL/venv/lib/python3.8/site-packages/airflow/example_dags/subdags/subdag.py took 0.011 seconds
[2025-03-20T15:01:27.665-0500] {processor.py:186} INFO - Started process (PID=152116) to work on /home/nicolas/Escritorio/proyecto/Proyecto_ETL/venv/lib/python3.8/site-packages/airflow/example_dags/subdags/subdag.py
[2025-03-20T15:01:27.665-0500] {processor.py:914} INFO - Processing file /home/nicolas/Escritorio/proyecto/Proyecto_ETL/venv/lib/python3.8/site-packages/airflow/example_dags/subdags/subdag.py for tasks to queue
[2025-03-20T15:01:27.667-0500] {logging_mixin.py:190} INFO - [2025-03-20T15:01:27.666-0500] {dagbag.py:587} INFO - Filling up the DagBag from /home/nicolas/Escritorio/proyecto/Proyecto_ETL/venv/lib/python3.8/site-packages/airflow/example_dags/subdags/subdag.py
[2025-03-20T15:01:27.668-0500] {processor.py:927} WARNING - No viable dags retrieved from /home/nicolas/Escritorio/proyecto/Proyecto_ETL/venv/lib/python3.8/site-packages/airflow/example_dags/subdags/subdag.py
[2025-03-20T15:01:27.675-0500] {processor.py:208} INFO - Processing /home/nicolas/Escritorio/proyecto/Proyecto_ETL/venv/lib/python3.8/site-packages/airflow/example_dags/subdags/subdag.py took 0.017 seconds
[2025-03-20T15:02:17.857-0500] {processor.py:186} INFO - Started process (PID=152330) to work on /home/nicolas/Escritorio/proyecto/Proyecto_ETL/venv/lib/python3.8/site-packages/airflow/example_dags/subdags/subdag.py
[2025-03-20T15:02:17.865-0500] {processor.py:914} INFO - Processing file /home/nicolas/Escritorio/proyecto/Proyecto_ETL/venv/lib/python3.8/site-packages/airflow/example_dags/subdags/subdag.py for tasks to queue
[2025-03-20T15:02:17.867-0500] {logging_mixin.py:190} INFO - [2025-03-20T15:02:17.866-0500] {dagbag.py:587} INFO - Filling up the DagBag from /home/nicolas/Escritorio/proyecto/Proyecto_ETL/venv/lib/python3.8/site-packages/airflow/example_dags/subdags/subdag.py
[2025-03-20T15:02:17.868-0500] {processor.py:927} WARNING - No viable dags retrieved from /home/nicolas/Escritorio/proyecto/Proyecto_ETL/venv/lib/python3.8/site-packages/airflow/example_dags/subdags/subdag.py
[2025-03-20T15:02:17.873-0500] {processor.py:208} INFO - Processing /home/nicolas/Escritorio/proyecto/Proyecto_ETL/venv/lib/python3.8/site-packages/airflow/example_dags/subdags/subdag.py took 0.020 seconds
[2025-03-20T15:03:10.472-0500] {processor.py:186} INFO - Started process (PID=152631) to work on /home/nicolas/Escritorio/proyecto/Proyecto_ETL/venv/lib/python3.8/site-packages/airflow/example_dags/subdags/subdag.py
[2025-03-20T15:03:10.481-0500] {processor.py:914} INFO - Processing file /home/nicolas/Escritorio/proyecto/Proyecto_ETL/venv/lib/python3.8/site-packages/airflow/example_dags/subdags/subdag.py for tasks to queue
[2025-03-20T15:03:10.484-0500] {logging_mixin.py:190} INFO - [2025-03-20T15:03:10.483-0500] {dagbag.py:587} INFO - Filling up the DagBag from /home/nicolas/Escritorio/proyecto/Proyecto_ETL/venv/lib/python3.8/site-packages/airflow/example_dags/subdags/subdag.py
[2025-03-20T15:03:10.486-0500] {processor.py:927} WARNING - No viable dags retrieved from /home/nicolas/Escritorio/proyecto/Proyecto_ETL/venv/lib/python3.8/site-packages/airflow/example_dags/subdags/subdag.py
[2025-03-20T15:03:10.495-0500] {processor.py:208} INFO - Processing /home/nicolas/Escritorio/proyecto/Proyecto_ETL/venv/lib/python3.8/site-packages/airflow/example_dags/subdags/subdag.py took 0.029 seconds
