2025-05-18 20:09:47,152 - INFO - Inicio del merge de datos.
2025-05-18 20:09:47,154 - INFO - Ruta del archivo CSV construida con os: /home/data/clean/Airbnb_Open_Data_cleaned.csv
2025-05-18 20:09:47,155 - INFO - Ruta del archivo CSV construida con os: /home/data/clean/airbnb_top5_nearby.csv
2025-05-18 20:09:47,157 - INFO - Intentando leer los archivos CSV.
2025-05-18 20:09:47,158 - ERROR - Error: Archivo principal no encontrado en '/home/data/clean/Airbnb_Open_Data_cleaned.csv'
2025-05-18 20:10:23,703 - INFO - Inicio del merge de datos.
2025-05-18 20:10:23,706 - INFO - Ruta del archivo CSV construida con os: /home/data/clean/Airbnb_Open_Data_cleaned.csv
2025-05-18 20:10:23,708 - INFO - Ruta del archivo CSV construida con os: /home/data/clean/airbnb_top5_nearby.csv
2025-05-18 20:10:23,710 - INFO - Intentando leer los archivos CSV.
2025-05-18 20:10:23,711 - ERROR - Error: Archivo principal no encontrado en '/home/data/clean/Airbnb_Open_Data_cleaned.csv'
2025-05-18 20:12:42,650 - INFO - Inicio del merge de datos.
2025-05-18 20:12:42,652 - INFO - Ruta del archivo CSV construida con os: /home/Proyecto_ETL/data/clean/Airbnb_Open_Data_cleaned.csv
2025-05-18 20:12:42,653 - INFO - Ruta del archivo CSV construida con os: /home/Proyecto_ETL/data/clean/airbnb_top5_nearby.csv
2025-05-18 20:12:42,655 - INFO - Intentando leer los archivos CSV.
2025-05-18 20:12:42,656 - ERROR - Error: Archivo principal no encontrado en '/home/Proyecto_ETL/data/clean/Airbnb_Open_Data_cleaned.csv'
2025-05-18 20:12:48,407 - INFO - Inicio del merge de datos.
2025-05-18 20:12:48,409 - INFO - Ruta del archivo CSV construida con os: /home/Proyecto_ETL/data/clean/Airbnb_Open_Data_cleaned.csv
2025-05-18 20:12:48,410 - INFO - Ruta del archivo CSV construida con os: /home/Proyecto_ETL/data/clean/airbnb_top5_nearby.csv
2025-05-18 20:12:48,412 - INFO - Intentando leer los archivos CSV.
2025-05-18 20:12:48,412 - ERROR - Error: Archivo principal no encontrado en '/home/Proyecto_ETL/data/clean/Airbnb_Open_Data_cleaned.csv'
2025-05-18 20:12:49,686 - INFO - Inicio del merge de datos.
2025-05-18 20:12:49,688 - INFO - Ruta del archivo CSV construida con os: /home/Proyecto_ETL/data/clean/Airbnb_Open_Data_cleaned.csv
2025-05-18 20:12:49,689 - INFO - Ruta del archivo CSV construida con os: /home/Proyecto_ETL/data/clean/airbnb_top5_nearby.csv
2025-05-18 20:12:49,690 - INFO - Intentando leer los archivos CSV.
2025-05-18 20:12:49,691 - ERROR - Error: Archivo principal no encontrado en '/home/Proyecto_ETL/data/clean/Airbnb_Open_Data_cleaned.csv'
2025-05-18 20:12:50,370 - INFO - Inicio del merge de datos.
2025-05-18 20:12:50,371 - INFO - Ruta del archivo CSV construida con os: /home/Proyecto_ETL/data/clean/Airbnb_Open_Data_cleaned.csv
2025-05-18 20:12:50,373 - INFO - Ruta del archivo CSV construida con os: /home/Proyecto_ETL/data/clean/airbnb_top5_nearby.csv
2025-05-18 20:12:50,374 - INFO - Intentando leer los archivos CSV.
2025-05-18 20:12:50,375 - ERROR - Error: Archivo principal no encontrado en '/home/Proyecto_ETL/data/clean/Airbnb_Open_Data_cleaned.csv'
2025-05-18 20:13:33,149 - INFO - Inicio del merge de datos.
2025-05-18 20:13:33,153 - INFO - Ruta del archivo CSV construida con os: /home/Proyecto_ETL/data/clean/Airbnb_Open_Data_cleaned.csv
2025-05-18 20:13:33,154 - INFO - Ruta del archivo CSV construida con os: /home/Proyecto_ETL/data/clean/airbnb_top5_nearby.csv
2025-05-18 20:13:33,160 - INFO - Intentando leer los archivos CSV.
2025-05-18 20:13:33,161 - ERROR - Error: Archivo principal no encontrado en '/home/Proyecto_ETL/data/clean/Airbnb_Open_Data_cleaned.csv'
2025-05-18 20:13:38,657 - INFO - Inicio del merge de datos.
2025-05-18 20:13:38,659 - INFO - Ruta del archivo CSV construida con os: /home/Proyecto_ETL/data/clean/Airbnb_Open_Data_cleaned.csv
2025-05-18 20:13:38,660 - INFO - Ruta del archivo CSV construida con os: /home/Proyecto_ETL/data/clean/airbnb_top5_nearby.csv
2025-05-18 20:13:38,662 - INFO - Intentando leer los archivos CSV.
2025-05-18 20:13:38,663 - ERROR - Error: Archivo principal no encontrado en '/home/Proyecto_ETL/data/clean/Airbnb_Open_Data_cleaned.csv'
2025-05-18 20:14:32,176 - INFO - Inicio del merge de datos.
2025-05-18 20:14:32,180 - INFO - Ruta del archivo CSV construida con os: /home/J/Proyecto_ETL/data/clean/Airbnb_Open_Data_cleaned.csv
2025-05-18 20:14:32,181 - INFO - Ruta del archivo CSV construida con os: /home/J/Proyecto_ETL/data/clean/airbnb_top5_nearby.csv
2025-05-18 20:14:32,183 - INFO - Intentando leer los archivos CSV.
2025-05-18 20:14:32,185 - ERROR - Error: Archivo principal no encontrado en '/home/J/Proyecto_ETL/data/clean/Airbnb_Open_Data_cleaned.csv'
2025-05-18 20:14:59,763 - INFO - Inicio del merge de datos.
2025-05-18 20:14:59,765 - INFO - Ruta del archivo CSV construida con os: /home/jacobo/Proyecto_ETL/data/clean/Airbnb_Open_Data_cleaned.csv
2025-05-18 20:14:59,767 - INFO - Ruta del archivo CSV construida con os: /home/jacobo/Proyecto_ETL/data/clean/airbnb_top5_nearby.csv
2025-05-18 20:14:59,769 - INFO - Intentando leer los archivos CSV.
2025-05-18 20:15:00,272 - INFO - Archivo 'Airbnb_Open_Data_cleaned.csv' cargado. Shape: (102222, 22)
2025-05-18 20:15:00,273 - INFO - Archivo 'airbnb_top5_nearby.csv' cargado. Shape: (511110, 4)
2025-05-18 20:15:00,274 - INFO - Verificando filas duplicadas en df_data_airbnb y df_data_api.
2025-05-18 20:15:00,402 - INFO - Número de filas duplicadas encontradas en df_data_airbnb: 0
2025-05-18 20:15:00,403 - INFO - Número de filas duplicadas encontradas en df_data_api: 0
2025-05-18 20:15:00,404 - INFO - Categorías objetivo para el conteo: ['restaurants', 'parks_&_outdoor', 'retail_&_shopping', 'entertainment_&_leisure', 'landmarks', 'bars_&_clubs']
2025-05-18 20:15:00,405 - INFO - Preparando los datos de API para el merge: contando categorías por id_publicacion.
2025-05-18 20:15:00,521 - INFO - Tabla pivote de conteo de POIs creada. Shape: (102222, 8)
2025-05-18 20:15:00,523 - INFO - Columnas de poi_counts reordenadas y aseguradas. Nuevas columnas: ['restaurants', 'parks_&_outdoor', 'retail_&_shopping', 'entertainment_&_leisure', 'landmarks', 'bars_&_clubs']
2025-05-18 20:15:00,524 - INFO - Columnas de conteo de POIs renombradas: ['count_nearby_restaurants', 'count_nearby_parks_and_outdoor', 'count_nearby_retail_and_shopping', 'count_nearby_entertainment_and_leisure', 'count_nearby_landmarks', 'count_nearby_bars_and_clubs']
2025-05-18 20:15:00,525 - INFO - Realizando left merge entre df_data_airbnb (on 'id') y poi_counts (on index).
2025-05-18 20:15:00,542 - INFO - Merge completado. Shape de df_merged: (102222, 28)
2025-05-18 20:15:00,546 - INFO - Valores NaN en las nuevas columnas de conteo rellenados con 0 y convertidos a int.
2025-05-18 20:15:00,546 - INFO - Primeras filas del DataFrame fusionado (df_merged):
2025-05-18 20:15:00,554 - INFO - 
|   id | name                                             |   host_id | host_name   | neighbourhood_group   | neighbourhood   |     lat |     long | cancellation_policy   | room_type       |   construction_year |   price |   service_fee |   minimum_nights |   number_of_reviews | last_review   |   reviews_per_month |   review_rate_number |   calculated_host_listings_count |   availability_365 | host_verification   | instant_bookable_flag   |   count_nearby_restaurants |   count_nearby_parks_and_outdoor |   count_nearby_retail_and_shopping |   count_nearby_entertainment_and_leisure |   count_nearby_landmarks |   count_nearby_bars_and_clubs |
|-----:|:-------------------------------------------------|----------:|:------------|:----------------------|:----------------|--------:|---------:|:----------------------|:----------------|--------------------:|--------:|--------------:|-----------------:|--------------------:|:--------------|--------------------:|---------------------:|---------------------------------:|-------------------:|:--------------------|:------------------------|---------------------------:|---------------------------------:|-----------------------------------:|-----------------------------------------:|-------------------------:|------------------------------:|
|    1 | Clean & quiet apt home by the park               |    150000 | Madaline    | Brooklyn              | Kensington      | 40.6475 | -73.9724 | strict                | Private room    |                2020 |     966 |           193 |               10 |                   9 | 2021-10-19    |                0.21 |                    4 |                                6 |                286 | False               | False                   |                          0 |                                2 |                                  1 |                                        0 |                        1 |                             1 |
|    2 | Skylit Midtown Castle                            |    150001 | Jenna       | Manhattan             | Midtown         | 40.7536 | -73.9838 | moderate              | Entire home/apt |                2007 |     142 |            28 |               30 |                  45 | 2022-05-21    |                0.38 |                    4 |                                2 |                228 | True                | False                   |                          0 |                                4 |                                  0 |                                        1 |                        0 |                             0 |
|    3 | THE VILLAGE OF HARLEM....NEW YORK !              |    150002 | Elise       | Manhattan             | Harlem          | 40.809  | -73.9419 | flexible              | Private room    |                2005 |     620 |           124 |                3 |                   0 | 2262-04-11    |                0    |                    5 |                                1 |                352 | False               | True                    |                          0 |                                0 |                                  0 |                                        0 |                        5 |                             0 |
|    4 | no_name                                          |    150003 | Garry       | Brooklyn              | Clinton Hill    | 40.6851 | -73.9598 | moderate              | Entire home/apt |                2005 |     368 |            74 |               30 |                 270 | 2019-07-05    |                4.64 |                    4 |                                1 |                322 | False               | True                    |                          0 |                                1 |                                  2 |                                        0 |                        2 |                             0 |
|    5 | Entire Apt: Spacious Studio/Loft by central park |    150004 | Lyndon      | Manhattan             | East Harlem     | 40.7985 | -73.944  | moderate              | Entire home/apt |                2009 |     204 |            41 |               10 |                   9 | 2018-11-19    |                0.1  |                    3 |                                1 |                289 | True                | False                   |                          0 |                                0 |                                  0 |                                        0 |                        4 |                             1 |
2025-05-18 20:15:00,555 - INFO - Información del DataFrame fusionado:
2025-05-18 20:15:00,582 - INFO - Fin del script de merge de datos.
