[2025-03-20T15:00:25.757-0500] {processor.py:186} INFO - Started process (PID=151675) to work on /home/nicolas/Escritorio/proyecto/Proyecto_ETL/venv/lib/python3.8/site-packages/airflow/example_dags/plugins/event_listener.py
[2025-03-20T15:00:25.758-0500] {processor.py:914} INFO - Processing file /home/nicolas/Escritorio/proyecto/Proyecto_ETL/venv/lib/python3.8/site-packages/airflow/example_dags/plugins/event_listener.py for tasks to queue
[2025-03-20T15:00:25.759-0500] {logging_mixin.py:190} INFO - [2025-03-20T15:00:25.759-0500] {dagbag.py:587} INFO - Filling up the DagBag from /home/nicolas/Escritorio/proyecto/Proyecto_ETL/venv/lib/python3.8/site-packages/airflow/example_dags/plugins/event_listener.py
[2025-03-20T15:00:25.761-0500] {processor.py:927} WARNING - No viable dags retrieved from /home/nicolas/Escritorio/proyecto/Proyecto_ETL/venv/lib/python3.8/site-packages/airflow/example_dags/plugins/event_listener.py
[2025-03-20T15:00:25.770-0500] {processor.py:208} INFO - Processing /home/nicolas/Escritorio/proyecto/Proyecto_ETL/venv/lib/python3.8/site-packages/airflow/example_dags/plugins/event_listener.py took 0.017 seconds
[2025-03-20T15:01:23.089-0500] {processor.py:186} INFO - Started process (PID=152111) to work on /home/nicolas/Escritorio/proyecto/Proyecto_ETL/venv/lib/python3.8/site-packages/airflow/example_dags/plugins/event_listener.py
[2025-03-20T15:01:23.097-0500] {processor.py:914} INFO - Processing file /home/nicolas/Escritorio/proyecto/Proyecto_ETL/venv/lib/python3.8/site-packages/airflow/example_dags/plugins/event_listener.py for tasks to queue
[2025-03-20T15:01:23.099-0500] {logging_mixin.py:190} INFO - [2025-03-20T15:01:23.098-0500] {dagbag.py:587} INFO - Filling up the DagBag from /home/nicolas/Escritorio/proyecto/Proyecto_ETL/venv/lib/python3.8/site-packages/airflow/example_dags/plugins/event_listener.py
[2025-03-20T15:01:23.100-0500] {processor.py:927} WARNING - No viable dags retrieved from /home/nicolas/Escritorio/proyecto/Proyecto_ETL/venv/lib/python3.8/site-packages/airflow/example_dags/plugins/event_listener.py
[2025-03-20T15:01:23.106-0500] {processor.py:208} INFO - Processing /home/nicolas/Escritorio/proyecto/Proyecto_ETL/venv/lib/python3.8/site-packages/airflow/example_dags/plugins/event_listener.py took 0.023 seconds
[2025-03-20T15:02:13.671-0500] {processor.py:186} INFO - Started process (PID=152295) to work on /home/nicolas/Escritorio/proyecto/Proyecto_ETL/venv/lib/python3.8/site-packages/airflow/example_dags/plugins/event_listener.py
[2025-03-20T15:02:13.672-0500] {processor.py:914} INFO - Processing file /home/nicolas/Escritorio/proyecto/Proyecto_ETL/venv/lib/python3.8/site-packages/airflow/example_dags/plugins/event_listener.py for tasks to queue
[2025-03-20T15:02:13.673-0500] {logging_mixin.py:190} INFO - [2025-03-20T15:02:13.673-0500] {dagbag.py:587} INFO - Filling up the DagBag from /home/nicolas/Escritorio/proyecto/Proyecto_ETL/venv/lib/python3.8/site-packages/airflow/example_dags/plugins/event_listener.py
[2025-03-20T15:02:13.675-0500] {processor.py:927} WARNING - No viable dags retrieved from /home/nicolas/Escritorio/proyecto/Proyecto_ETL/venv/lib/python3.8/site-packages/airflow/example_dags/plugins/event_listener.py
[2025-03-20T15:02:13.680-0500] {processor.py:208} INFO - Processing /home/nicolas/Escritorio/proyecto/Proyecto_ETL/venv/lib/python3.8/site-packages/airflow/example_dags/plugins/event_listener.py took 0.016 seconds
[2025-03-20T15:03:06.635-0500] {processor.py:186} INFO - Started process (PID=152627) to work on /home/nicolas/Escritorio/proyecto/Proyecto_ETL/venv/lib/python3.8/site-packages/airflow/example_dags/plugins/event_listener.py
[2025-03-20T15:03:06.643-0500] {processor.py:914} INFO - Processing file /home/nicolas/Escritorio/proyecto/Proyecto_ETL/venv/lib/python3.8/site-packages/airflow/example_dags/plugins/event_listener.py for tasks to queue
[2025-03-20T15:03:06.646-0500] {logging_mixin.py:190} INFO - [2025-03-20T15:03:06.646-0500] {dagbag.py:587} INFO - Filling up the DagBag from /home/nicolas/Escritorio/proyecto/Proyecto_ETL/venv/lib/python3.8/site-packages/airflow/example_dags/plugins/event_listener.py
[2025-03-20T15:03:06.649-0500] {processor.py:927} WARNING - No viable dags retrieved from /home/nicolas/Escritorio/proyecto/Proyecto_ETL/venv/lib/python3.8/site-packages/airflow/example_dags/plugins/event_listener.py
[2025-03-20T15:03:06.657-0500] {processor.py:208} INFO - Processing /home/nicolas/Escritorio/proyecto/Proyecto_ETL/venv/lib/python3.8/site-packages/airflow/example_dags/plugins/event_listener.py took 0.028 seconds
