[2025-03-20T15:00:27.851-0500] {processor.py:186} INFO - Started process (PID=151677) to work on /home/nicolas/Escritorio/proyecto/Proyecto_ETL/venv/lib/python3.8/site-packages/airflow/example_dags/plugins/listener_plugin.py
[2025-03-20T15:00:27.852-0500] {processor.py:914} INFO - Processing file /home/nicolas/Escritorio/proyecto/Proyecto_ETL/venv/lib/python3.8/site-packages/airflow/example_dags/plugins/listener_plugin.py for tasks to queue
[2025-03-20T15:00:27.854-0500] {logging_mixin.py:190} INFO - [2025-03-20T15:00:27.853-0500] {dagbag.py:587} INFO - Filling up the DagBag from /home/nicolas/Escritorio/proyecto/Proyecto_ETL/venv/lib/python3.8/site-packages/airflow/example_dags/plugins/listener_plugin.py
[2025-03-20T15:00:27.856-0500] {processor.py:927} WARNING - No viable dags retrieved from /home/nicolas/Escritorio/proyecto/Proyecto_ETL/venv/lib/python3.8/site-packages/airflow/example_dags/plugins/listener_plugin.py
[2025-03-20T15:00:27.863-0500] {processor.py:208} INFO - Processing /home/nicolas/Escritorio/proyecto/Proyecto_ETL/venv/lib/python3.8/site-packages/airflow/example_dags/plugins/listener_plugin.py took 0.019 seconds
[2025-03-20T15:01:25.392-0500] {processor.py:186} INFO - Started process (PID=152113) to work on /home/nicolas/Escritorio/proyecto/Proyecto_ETL/venv/lib/python3.8/site-packages/airflow/example_dags/plugins/listener_plugin.py
[2025-03-20T15:01:25.401-0500] {processor.py:914} INFO - Processing file /home/nicolas/Escritorio/proyecto/Proyecto_ETL/venv/lib/python3.8/site-packages/airflow/example_dags/plugins/listener_plugin.py for tasks to queue
[2025-03-20T15:01:25.404-0500] {logging_mixin.py:190} INFO - [2025-03-20T15:01:25.403-0500] {dagbag.py:587} INFO - Filling up the DagBag from /home/nicolas/Escritorio/proyecto/Proyecto_ETL/venv/lib/python3.8/site-packages/airflow/example_dags/plugins/listener_plugin.py
[2025-03-20T15:01:25.407-0500] {processor.py:927} WARNING - No viable dags retrieved from /home/nicolas/Escritorio/proyecto/Proyecto_ETL/venv/lib/python3.8/site-packages/airflow/example_dags/plugins/listener_plugin.py
[2025-03-20T15:01:25.414-0500] {processor.py:208} INFO - Processing /home/nicolas/Escritorio/proyecto/Proyecto_ETL/venv/lib/python3.8/site-packages/airflow/example_dags/plugins/listener_plugin.py took 0.032 seconds
[2025-03-20T15:02:15.561-0500] {processor.py:186} INFO - Started process (PID=152327) to work on /home/nicolas/Escritorio/proyecto/Proyecto_ETL/venv/lib/python3.8/site-packages/airflow/example_dags/plugins/listener_plugin.py
[2025-03-20T15:02:15.570-0500] {processor.py:914} INFO - Processing file /home/nicolas/Escritorio/proyecto/Proyecto_ETL/venv/lib/python3.8/site-packages/airflow/example_dags/plugins/listener_plugin.py for tasks to queue
[2025-03-20T15:02:15.571-0500] {logging_mixin.py:190} INFO - [2025-03-20T15:02:15.571-0500] {dagbag.py:587} INFO - Filling up the DagBag from /home/nicolas/Escritorio/proyecto/Proyecto_ETL/venv/lib/python3.8/site-packages/airflow/example_dags/plugins/listener_plugin.py
[2025-03-20T15:02:15.573-0500] {processor.py:927} WARNING - No viable dags retrieved from /home/nicolas/Escritorio/proyecto/Proyecto_ETL/venv/lib/python3.8/site-packages/airflow/example_dags/plugins/listener_plugin.py
[2025-03-20T15:02:15.582-0500] {processor.py:208} INFO - Processing /home/nicolas/Escritorio/proyecto/Proyecto_ETL/venv/lib/python3.8/site-packages/airflow/example_dags/plugins/listener_plugin.py took 0.026 seconds
[2025-03-20T15:03:08.206-0500] {processor.py:186} INFO - Started process (PID=152629) to work on /home/nicolas/Escritorio/proyecto/Proyecto_ETL/venv/lib/python3.8/site-packages/airflow/example_dags/plugins/listener_plugin.py
[2025-03-20T15:03:08.215-0500] {processor.py:914} INFO - Processing file /home/nicolas/Escritorio/proyecto/Proyecto_ETL/venv/lib/python3.8/site-packages/airflow/example_dags/plugins/listener_plugin.py for tasks to queue
[2025-03-20T15:03:08.217-0500] {logging_mixin.py:190} INFO - [2025-03-20T15:03:08.217-0500] {dagbag.py:587} INFO - Filling up the DagBag from /home/nicolas/Escritorio/proyecto/Proyecto_ETL/venv/lib/python3.8/site-packages/airflow/example_dags/plugins/listener_plugin.py
[2025-03-20T15:03:08.220-0500] {processor.py:927} WARNING - No viable dags retrieved from /home/nicolas/Escritorio/proyecto/Proyecto_ETL/venv/lib/python3.8/site-packages/airflow/example_dags/plugins/listener_plugin.py
[2025-03-20T15:03:08.228-0500] {processor.py:208} INFO - Processing /home/nicolas/Escritorio/proyecto/Proyecto_ETL/venv/lib/python3.8/site-packages/airflow/example_dags/plugins/listener_plugin.py took 0.034 seconds
