[2025-03-20T15:00:26.676-0500] {processor.py:186} INFO - Started process (PID=151676) to work on /home/nicolas/Escritorio/proyecto/Proyecto_ETL/venv/lib/python3.8/site-packages/airflow/example_dags/plugins/workday.py
[2025-03-20T15:00:26.677-0500] {processor.py:914} INFO - Processing file /home/nicolas/Escritorio/proyecto/Proyecto_ETL/venv/lib/python3.8/site-packages/airflow/example_dags/plugins/workday.py for tasks to queue
[2025-03-20T15:00:26.679-0500] {logging_mixin.py:190} INFO - [2025-03-20T15:00:26.679-0500] {dagbag.py:587} INFO - Filling up the DagBag from /home/nicolas/Escritorio/proyecto/Proyecto_ETL/venv/lib/python3.8/site-packages/airflow/example_dags/plugins/workday.py
[2025-03-20T15:00:26.681-0500] {logging_mixin.py:190} INFO - [2025-03-20T15:00:26.681-0500] {workday.py:41} WARNING - Could not import pandas. Holidays will not be considered.
[2025-03-20T15:00:26.682-0500] {processor.py:927} WARNING - No viable dags retrieved from /home/nicolas/Escritorio/proyecto/Proyecto_ETL/venv/lib/python3.8/site-packages/airflow/example_dags/plugins/workday.py
[2025-03-20T15:00:26.689-0500] {processor.py:208} INFO - Processing /home/nicolas/Escritorio/proyecto/Proyecto_ETL/venv/lib/python3.8/site-packages/airflow/example_dags/plugins/workday.py took 0.019 seconds
[2025-03-20T15:01:24.229-0500] {processor.py:186} INFO - Started process (PID=152112) to work on /home/nicolas/Escritorio/proyecto/Proyecto_ETL/venv/lib/python3.8/site-packages/airflow/example_dags/plugins/workday.py
[2025-03-20T15:01:24.231-0500] {processor.py:914} INFO - Processing file /home/nicolas/Escritorio/proyecto/Proyecto_ETL/venv/lib/python3.8/site-packages/airflow/example_dags/plugins/workday.py for tasks to queue
[2025-03-20T15:01:24.232-0500] {logging_mixin.py:190} INFO - [2025-03-20T15:01:24.232-0500] {dagbag.py:587} INFO - Filling up the DagBag from /home/nicolas/Escritorio/proyecto/Proyecto_ETL/venv/lib/python3.8/site-packages/airflow/example_dags/plugins/workday.py
[2025-03-20T15:01:24.235-0500] {logging_mixin.py:190} INFO - [2025-03-20T15:01:24.234-0500] {workday.py:41} WARNING - Could not import pandas. Holidays will not be considered.
[2025-03-20T15:01:24.235-0500] {processor.py:927} WARNING - No viable dags retrieved from /home/nicolas/Escritorio/proyecto/Proyecto_ETL/venv/lib/python3.8/site-packages/airflow/example_dags/plugins/workday.py
[2025-03-20T15:01:24.243-0500] {processor.py:208} INFO - Processing /home/nicolas/Escritorio/proyecto/Proyecto_ETL/venv/lib/python3.8/site-packages/airflow/example_dags/plugins/workday.py took 0.019 seconds
[2025-03-20T15:02:14.807-0500] {processor.py:186} INFO - Started process (PID=152298) to work on /home/nicolas/Escritorio/proyecto/Proyecto_ETL/venv/lib/python3.8/site-packages/airflow/example_dags/plugins/workday.py
[2025-03-20T15:02:14.811-0500] {processor.py:914} INFO - Processing file /home/nicolas/Escritorio/proyecto/Proyecto_ETL/venv/lib/python3.8/site-packages/airflow/example_dags/plugins/workday.py for tasks to queue
[2025-03-20T15:02:14.812-0500] {logging_mixin.py:190} INFO - [2025-03-20T15:02:14.812-0500] {dagbag.py:587} INFO - Filling up the DagBag from /home/nicolas/Escritorio/proyecto/Proyecto_ETL/venv/lib/python3.8/site-packages/airflow/example_dags/plugins/workday.py
[2025-03-20T15:02:14.814-0500] {logging_mixin.py:190} INFO - [2025-03-20T15:02:14.813-0500] {workday.py:41} WARNING - Could not import pandas. Holidays will not be considered.
[2025-03-20T15:02:14.814-0500] {processor.py:927} WARNING - No viable dags retrieved from /home/nicolas/Escritorio/proyecto/Proyecto_ETL/venv/lib/python3.8/site-packages/airflow/example_dags/plugins/workday.py
[2025-03-20T15:02:14.823-0500] {processor.py:208} INFO - Processing /home/nicolas/Escritorio/proyecto/Proyecto_ETL/venv/lib/python3.8/site-packages/airflow/example_dags/plugins/workday.py took 0.022 seconds
[2025-03-20T15:03:07.799-0500] {processor.py:186} INFO - Started process (PID=152628) to work on /home/nicolas/Escritorio/proyecto/Proyecto_ETL/venv/lib/python3.8/site-packages/airflow/example_dags/plugins/workday.py
[2025-03-20T15:03:07.800-0500] {processor.py:914} INFO - Processing file /home/nicolas/Escritorio/proyecto/Proyecto_ETL/venv/lib/python3.8/site-packages/airflow/example_dags/plugins/workday.py for tasks to queue
[2025-03-20T15:03:07.802-0500] {logging_mixin.py:190} INFO - [2025-03-20T15:03:07.802-0500] {dagbag.py:587} INFO - Filling up the DagBag from /home/nicolas/Escritorio/proyecto/Proyecto_ETL/venv/lib/python3.8/site-packages/airflow/example_dags/plugins/workday.py
[2025-03-20T15:03:07.804-0500] {logging_mixin.py:190} INFO - [2025-03-20T15:03:07.804-0500] {workday.py:41} WARNING - Could not import pandas. Holidays will not be considered.
[2025-03-20T15:03:07.804-0500] {processor.py:927} WARNING - No viable dags retrieved from /home/nicolas/Escritorio/proyecto/Proyecto_ETL/venv/lib/python3.8/site-packages/airflow/example_dags/plugins/workday.py
[2025-03-20T15:03:07.810-0500] {processor.py:208} INFO - Processing /home/nicolas/Escritorio/proyecto/Proyecto_ETL/venv/lib/python3.8/site-packages/airflow/example_dags/plugins/workday.py took 0.018 seconds
