[2025-03-20T15:01:02.115-0500] {processor.py:186} INFO - Started process (PID=151947) to work on /home/nicolas/Escritorio/proyecto/Proyecto_ETL/venv/lib/python3.8/site-packages/airflow/example_dags/example_datasets.py
[2025-03-20T15:01:02.116-0500] {processor.py:914} INFO - Processing file /home/nicolas/Escritorio/proyecto/Proyecto_ETL/venv/lib/python3.8/site-packages/airflow/example_dags/example_datasets.py for tasks to queue
[2025-03-20T15:01:02.118-0500] {logging_mixin.py:190} INFO - [2025-03-20T15:01:02.117-0500] {dagbag.py:587} INFO - Filling up the DagBag from /home/nicolas/Escritorio/proyecto/Proyecto_ETL/venv/lib/python3.8/site-packages/airflow/example_dags/example_datasets.py
[2025-03-20T15:01:02.151-0500] {processor.py:925} INFO - DAG(s) 'consume_1_or_2_with_dataset_expressions', 'dataset_produces_2', 'dataset_consumes_unknown_never_scheduled', 'dataset_consumes_1_and_2', 'dataset_consumes_1_never_scheduled', 'consume_1_and_2_with_dataset_expressions', 'dataset_consumes_1', 'conditional_dataset_and_time_based_timetable', 'consume_1_or_both_2_and_3_with_dataset_expressions', 'dataset_produces_1' retrieved from /home/nicolas/Escritorio/proyecto/Proyecto_ETL/venv/lib/python3.8/site-packages/airflow/example_dags/example_datasets.py
[2025-03-20T15:01:02.261-0500] {logging_mixin.py:190} INFO - [2025-03-20T15:01:02.260-0500] {override.py:1858} INFO - Created Permission View: can read on DAG:consume_1_or_2_with_dataset_expressions
[2025-03-20T15:01:02.275-0500] {logging_mixin.py:190} INFO - [2025-03-20T15:01:02.275-0500] {override.py:1858} INFO - Created Permission View: can edit on DAG:consume_1_or_2_with_dataset_expressions
[2025-03-20T15:01:02.285-0500] {logging_mixin.py:190} INFO - [2025-03-20T15:01:02.285-0500] {override.py:1858} INFO - Created Permission View: can delete on DAG:consume_1_or_2_with_dataset_expressions
[2025-03-20T15:01:02.309-0500] {logging_mixin.py:190} INFO - [2025-03-20T15:01:02.308-0500] {override.py:1858} INFO - Created Permission View: can read on DAG:dataset_produces_2
[2025-03-20T15:01:02.321-0500] {logging_mixin.py:190} INFO - [2025-03-20T15:01:02.319-0500] {override.py:1858} INFO - Created Permission View: can edit on DAG:dataset_produces_2
[2025-03-20T15:01:02.336-0500] {logging_mixin.py:190} INFO - [2025-03-20T15:01:02.335-0500] {override.py:1858} INFO - Created Permission View: can delete on DAG:dataset_produces_2
[2025-03-20T15:01:02.357-0500] {logging_mixin.py:190} INFO - [2025-03-20T15:01:02.357-0500] {override.py:1858} INFO - Created Permission View: can read on DAG:dataset_consumes_unknown_never_scheduled
[2025-03-20T15:01:02.368-0500] {logging_mixin.py:190} INFO - [2025-03-20T15:01:02.368-0500] {override.py:1858} INFO - Created Permission View: can edit on DAG:dataset_consumes_unknown_never_scheduled
[2025-03-20T15:01:02.379-0500] {logging_mixin.py:190} INFO - [2025-03-20T15:01:02.379-0500] {override.py:1858} INFO - Created Permission View: can delete on DAG:dataset_consumes_unknown_never_scheduled
[2025-03-20T15:01:02.399-0500] {logging_mixin.py:190} INFO - [2025-03-20T15:01:02.399-0500] {override.py:1858} INFO - Created Permission View: can read on DAG:dataset_consumes_1_and_2
[2025-03-20T15:01:02.413-0500] {logging_mixin.py:190} INFO - [2025-03-20T15:01:02.412-0500] {override.py:1858} INFO - Created Permission View: can edit on DAG:dataset_consumes_1_and_2
[2025-03-20T15:01:02.427-0500] {logging_mixin.py:190} INFO - [2025-03-20T15:01:02.426-0500] {override.py:1858} INFO - Created Permission View: can delete on DAG:dataset_consumes_1_and_2
[2025-03-20T15:01:02.454-0500] {logging_mixin.py:190} INFO - [2025-03-20T15:01:02.453-0500] {override.py:1858} INFO - Created Permission View: can read on DAG:dataset_consumes_1_never_scheduled
[2025-03-20T15:01:02.465-0500] {logging_mixin.py:190} INFO - [2025-03-20T15:01:02.465-0500] {override.py:1858} INFO - Created Permission View: can edit on DAG:dataset_consumes_1_never_scheduled
[2025-03-20T15:01:02.477-0500] {logging_mixin.py:190} INFO - [2025-03-20T15:01:02.477-0500] {override.py:1858} INFO - Created Permission View: can delete on DAG:dataset_consumes_1_never_scheduled
[2025-03-20T15:01:02.496-0500] {logging_mixin.py:190} INFO - [2025-03-20T15:01:02.495-0500] {override.py:1858} INFO - Created Permission View: can read on DAG:consume_1_and_2_with_dataset_expressions
[2025-03-20T15:01:02.507-0500] {logging_mixin.py:190} INFO - [2025-03-20T15:01:02.504-0500] {override.py:1858} INFO - Created Permission View: can edit on DAG:consume_1_and_2_with_dataset_expressions
[2025-03-20T15:01:02.517-0500] {logging_mixin.py:190} INFO - [2025-03-20T15:01:02.516-0500] {override.py:1858} INFO - Created Permission View: can delete on DAG:consume_1_and_2_with_dataset_expressions
[2025-03-20T15:01:02.541-0500] {logging_mixin.py:190} INFO - [2025-03-20T15:01:02.540-0500] {override.py:1858} INFO - Created Permission View: can read on DAG:dataset_consumes_1
[2025-03-20T15:01:02.550-0500] {logging_mixin.py:190} INFO - [2025-03-20T15:01:02.550-0500] {override.py:1858} INFO - Created Permission View: can edit on DAG:dataset_consumes_1
[2025-03-20T15:01:02.559-0500] {logging_mixin.py:190} INFO - [2025-03-20T15:01:02.558-0500] {override.py:1858} INFO - Created Permission View: can delete on DAG:dataset_consumes_1
[2025-03-20T15:01:02.573-0500] {logging_mixin.py:190} INFO - [2025-03-20T15:01:02.573-0500] {override.py:1858} INFO - Created Permission View: can read on DAG:conditional_dataset_and_time_based_timetable
[2025-03-20T15:01:02.580-0500] {logging_mixin.py:190} INFO - [2025-03-20T15:01:02.580-0500] {override.py:1858} INFO - Created Permission View: can edit on DAG:conditional_dataset_and_time_based_timetable
[2025-03-20T15:01:02.592-0500] {logging_mixin.py:190} INFO - [2025-03-20T15:01:02.591-0500] {override.py:1858} INFO - Created Permission View: can delete on DAG:conditional_dataset_and_time_based_timetable
[2025-03-20T15:01:02.609-0500] {logging_mixin.py:190} INFO - [2025-03-20T15:01:02.609-0500] {override.py:1858} INFO - Created Permission View: can read on DAG:consume_1_or_both_2_and_3_with_dataset_expressions
[2025-03-20T15:01:02.617-0500] {logging_mixin.py:190} INFO - [2025-03-20T15:01:02.616-0500] {override.py:1858} INFO - Created Permission View: can edit on DAG:consume_1_or_both_2_and_3_with_dataset_expressions
[2025-03-20T15:01:02.626-0500] {logging_mixin.py:190} INFO - [2025-03-20T15:01:02.626-0500] {override.py:1858} INFO - Created Permission View: can delete on DAG:consume_1_or_both_2_and_3_with_dataset_expressions
[2025-03-20T15:01:02.646-0500] {logging_mixin.py:190} INFO - [2025-03-20T15:01:02.646-0500] {override.py:1858} INFO - Created Permission View: can read on DAG:dataset_produces_1
[2025-03-20T15:01:02.655-0500] {logging_mixin.py:190} INFO - [2025-03-20T15:01:02.654-0500] {override.py:1858} INFO - Created Permission View: can edit on DAG:dataset_produces_1
[2025-03-20T15:01:02.664-0500] {logging_mixin.py:190} INFO - [2025-03-20T15:01:02.663-0500] {override.py:1858} INFO - Created Permission View: can delete on DAG:dataset_produces_1
[2025-03-20T15:01:02.665-0500] {logging_mixin.py:190} INFO - [2025-03-20T15:01:02.665-0500] {dag.py:3211} INFO - Sync 10 DAGs
[2025-03-20T15:01:02.678-0500] {logging_mixin.py:190} INFO - [2025-03-20T15:01:02.678-0500] {dag.py:3234} INFO - Creating ORM DAG for dataset_consumes_1_and_2
[2025-03-20T15:01:02.679-0500] {logging_mixin.py:190} INFO - [2025-03-20T15:01:02.679-0500] {dag.py:3234} INFO - Creating ORM DAG for dataset_produces_2
[2025-03-20T15:01:02.680-0500] {logging_mixin.py:190} INFO - [2025-03-20T15:01:02.680-0500] {dag.py:3234} INFO - Creating ORM DAG for dataset_produces_1
[2025-03-20T15:01:02.680-0500] {logging_mixin.py:190} INFO - [2025-03-20T15:01:02.680-0500] {dag.py:3234} INFO - Creating ORM DAG for dataset_consumes_1_never_scheduled
[2025-03-20T15:01:02.681-0500] {logging_mixin.py:190} INFO - [2025-03-20T15:01:02.680-0500] {dag.py:3234} INFO - Creating ORM DAG for dataset_consumes_unknown_never_scheduled
[2025-03-20T15:01:02.681-0500] {logging_mixin.py:190} INFO - [2025-03-20T15:01:02.681-0500] {dag.py:3234} INFO - Creating ORM DAG for conditional_dataset_and_time_based_timetable
[2025-03-20T15:01:02.682-0500] {logging_mixin.py:190} INFO - [2025-03-20T15:01:02.681-0500] {dag.py:3234} INFO - Creating ORM DAG for dataset_consumes_1
[2025-03-20T15:01:02.682-0500] {logging_mixin.py:190} INFO - [2025-03-20T15:01:02.682-0500] {dag.py:3234} INFO - Creating ORM DAG for consume_1_and_2_with_dataset_expressions
[2025-03-20T15:01:02.683-0500] {logging_mixin.py:190} INFO - [2025-03-20T15:01:02.682-0500] {dag.py:3234} INFO - Creating ORM DAG for consume_1_or_both_2_and_3_with_dataset_expressions
[2025-03-20T15:01:02.683-0500] {logging_mixin.py:190} INFO - [2025-03-20T15:01:02.683-0500] {dag.py:3234} INFO - Creating ORM DAG for consume_1_or_2_with_dataset_expressions
[2025-03-20T15:01:02.693-0500] {logging_mixin.py:190} INFO - [2025-03-20T15:01:02.693-0500] {dag.py:4138} INFO - Setting next_dagrun for conditional_dataset_and_time_based_timetable to 2025-03-19 01:00:00+00:00, run_after=2025-03-19 01:00:00+00:00
[2025-03-20T15:01:02.694-0500] {logging_mixin.py:190} INFO - [2025-03-20T15:01:02.694-0500] {dag.py:4138} INFO - Setting next_dagrun for consume_1_and_2_with_dataset_expressions to None, run_after=None
[2025-03-20T15:01:02.695-0500] {logging_mixin.py:190} INFO - [2025-03-20T15:01:02.694-0500] {dag.py:4138} INFO - Setting next_dagrun for consume_1_or_2_with_dataset_expressions to None, run_after=None
[2025-03-20T15:01:02.695-0500] {logging_mixin.py:190} INFO - [2025-03-20T15:01:02.695-0500] {dag.py:4138} INFO - Setting next_dagrun for consume_1_or_both_2_and_3_with_dataset_expressions to None, run_after=None
[2025-03-20T15:01:02.695-0500] {logging_mixin.py:190} INFO - [2025-03-20T15:01:02.695-0500] {dag.py:4138} INFO - Setting next_dagrun for dataset_consumes_1 to None, run_after=None
[2025-03-20T15:01:02.695-0500] {logging_mixin.py:190} INFO - [2025-03-20T15:01:02.695-0500] {dag.py:4138} INFO - Setting next_dagrun for dataset_consumes_1_and_2 to None, run_after=None
[2025-03-20T15:01:02.696-0500] {logging_mixin.py:190} INFO - [2025-03-20T15:01:02.696-0500] {dag.py:4138} INFO - Setting next_dagrun for dataset_consumes_1_never_scheduled to None, run_after=None
[2025-03-20T15:01:02.696-0500] {logging_mixin.py:190} INFO - [2025-03-20T15:01:02.696-0500] {dag.py:4138} INFO - Setting next_dagrun for dataset_consumes_unknown_never_scheduled to None, run_after=None
[2025-03-20T15:01:02.698-0500] {logging_mixin.py:190} INFO - [2025-03-20T15:01:02.698-0500] {dag.py:4138} INFO - Setting next_dagrun for dataset_produces_1 to 2025-03-19 00:00:00+00:00, run_after=2025-03-20 00:00:00+00:00
[2025-03-20T15:01:02.699-0500] {logging_mixin.py:190} INFO - [2025-03-20T15:01:02.698-0500] {dag.py:4138} INFO - Setting next_dagrun for dataset_produces_2 to None, run_after=None
[2025-03-20T15:01:02.735-0500] {processor.py:208} INFO - Processing /home/nicolas/Escritorio/proyecto/Proyecto_ETL/venv/lib/python3.8/site-packages/airflow/example_dags/example_datasets.py took 0.626 seconds
[2025-03-20T15:01:56.097-0500] {processor.py:186} INFO - Started process (PID=152186) to work on /home/nicolas/Escritorio/proyecto/Proyecto_ETL/venv/lib/python3.8/site-packages/airflow/example_dags/example_datasets.py
[2025-03-20T15:01:56.105-0500] {processor.py:914} INFO - Processing file /home/nicolas/Escritorio/proyecto/Proyecto_ETL/venv/lib/python3.8/site-packages/airflow/example_dags/example_datasets.py for tasks to queue
[2025-03-20T15:01:56.106-0500] {logging_mixin.py:190} INFO - [2025-03-20T15:01:56.106-0500] {dagbag.py:587} INFO - Filling up the DagBag from /home/nicolas/Escritorio/proyecto/Proyecto_ETL/venv/lib/python3.8/site-packages/airflow/example_dags/example_datasets.py
[2025-03-20T15:01:56.115-0500] {processor.py:925} INFO - DAG(s) 'dataset_consumes_1', 'consume_1_and_2_with_dataset_expressions', 'conditional_dataset_and_time_based_timetable', 'dataset_consumes_1_and_2', 'dataset_produces_2', 'consume_1_or_both_2_and_3_with_dataset_expressions', 'dataset_consumes_unknown_never_scheduled', 'dataset_produces_1', 'dataset_consumes_1_never_scheduled', 'consume_1_or_2_with_dataset_expressions' retrieved from /home/nicolas/Escritorio/proyecto/Proyecto_ETL/venv/lib/python3.8/site-packages/airflow/example_dags/example_datasets.py
[2025-03-20T15:01:56.134-0500] {logging_mixin.py:190} INFO - [2025-03-20T15:01:56.134-0500] {dag.py:3211} INFO - Sync 10 DAGs
[2025-03-20T15:01:56.147-0500] {logging_mixin.py:190} INFO - [2025-03-20T15:01:56.147-0500] {dag.py:4138} INFO - Setting next_dagrun for conditional_dataset_and_time_based_timetable to 2025-03-19 01:00:00+00:00, run_after=2025-03-19 01:00:00+00:00
[2025-03-20T15:01:56.149-0500] {logging_mixin.py:190} INFO - [2025-03-20T15:01:56.149-0500] {dag.py:4138} INFO - Setting next_dagrun for consume_1_and_2_with_dataset_expressions to None, run_after=None
[2025-03-20T15:01:56.150-0500] {logging_mixin.py:190} INFO - [2025-03-20T15:01:56.150-0500] {dag.py:4138} INFO - Setting next_dagrun for consume_1_or_2_with_dataset_expressions to None, run_after=None
[2025-03-20T15:01:56.151-0500] {logging_mixin.py:190} INFO - [2025-03-20T15:01:56.150-0500] {dag.py:4138} INFO - Setting next_dagrun for consume_1_or_both_2_and_3_with_dataset_expressions to None, run_after=None
[2025-03-20T15:01:56.151-0500] {logging_mixin.py:190} INFO - [2025-03-20T15:01:56.151-0500] {dag.py:4138} INFO - Setting next_dagrun for dataset_consumes_1 to None, run_after=None
[2025-03-20T15:01:56.151-0500] {logging_mixin.py:190} INFO - [2025-03-20T15:01:56.151-0500] {dag.py:4138} INFO - Setting next_dagrun for dataset_consumes_1_and_2 to None, run_after=None
[2025-03-20T15:01:56.152-0500] {logging_mixin.py:190} INFO - [2025-03-20T15:01:56.152-0500] {dag.py:4138} INFO - Setting next_dagrun for dataset_consumes_1_never_scheduled to None, run_after=None
[2025-03-20T15:01:56.152-0500] {logging_mixin.py:190} INFO - [2025-03-20T15:01:56.152-0500] {dag.py:4138} INFO - Setting next_dagrun for dataset_consumes_unknown_never_scheduled to None, run_after=None
[2025-03-20T15:01:56.153-0500] {logging_mixin.py:190} INFO - [2025-03-20T15:01:56.153-0500] {dag.py:4138} INFO - Setting next_dagrun for dataset_produces_1 to 2025-03-19 00:00:00+00:00, run_after=2025-03-20 00:00:00+00:00
[2025-03-20T15:01:56.154-0500] {logging_mixin.py:190} INFO - [2025-03-20T15:01:56.154-0500] {dag.py:4138} INFO - Setting next_dagrun for dataset_produces_2 to None, run_after=None
[2025-03-20T15:01:56.170-0500] {processor.py:208} INFO - Processing /home/nicolas/Escritorio/proyecto/Proyecto_ETL/venv/lib/python3.8/site-packages/airflow/example_dags/example_datasets.py took 0.079 seconds
[2025-03-20T15:02:52.947-0500] {processor.py:186} INFO - Started process (PID=152553) to work on /home/nicolas/Escritorio/proyecto/Proyecto_ETL/venv/lib/python3.8/site-packages/airflow/example_dags/example_datasets.py
[2025-03-20T15:02:52.955-0500] {processor.py:914} INFO - Processing file /home/nicolas/Escritorio/proyecto/Proyecto_ETL/venv/lib/python3.8/site-packages/airflow/example_dags/example_datasets.py for tasks to queue
[2025-03-20T15:02:52.957-0500] {logging_mixin.py:190} INFO - [2025-03-20T15:02:52.957-0500] {dagbag.py:587} INFO - Filling up the DagBag from /home/nicolas/Escritorio/proyecto/Proyecto_ETL/venv/lib/python3.8/site-packages/airflow/example_dags/example_datasets.py
[2025-03-20T15:02:52.969-0500] {processor.py:925} INFO - DAG(s) 'dataset_consumes_1_never_scheduled', 'dataset_produces_1', 'dataset_consumes_1_and_2', 'dataset_consumes_unknown_never_scheduled', 'conditional_dataset_and_time_based_timetable', 'dataset_produces_2', 'dataset_consumes_1', 'consume_1_or_both_2_and_3_with_dataset_expressions', 'consume_1_or_2_with_dataset_expressions', 'consume_1_and_2_with_dataset_expressions' retrieved from /home/nicolas/Escritorio/proyecto/Proyecto_ETL/venv/lib/python3.8/site-packages/airflow/example_dags/example_datasets.py
[2025-03-20T15:02:52.994-0500] {logging_mixin.py:190} INFO - [2025-03-20T15:02:52.994-0500] {dag.py:3211} INFO - Sync 10 DAGs
[2025-03-20T15:02:53.007-0500] {logging_mixin.py:190} INFO - [2025-03-20T15:02:53.007-0500] {dag.py:4138} INFO - Setting next_dagrun for conditional_dataset_and_time_based_timetable to 2025-03-19 01:00:00+00:00, run_after=2025-03-19 01:00:00+00:00
[2025-03-20T15:02:53.009-0500] {logging_mixin.py:190} INFO - [2025-03-20T15:02:53.009-0500] {dag.py:4138} INFO - Setting next_dagrun for consume_1_and_2_with_dataset_expressions to None, run_after=None
[2025-03-20T15:02:53.010-0500] {logging_mixin.py:190} INFO - [2025-03-20T15:02:53.010-0500] {dag.py:4138} INFO - Setting next_dagrun for consume_1_or_2_with_dataset_expressions to None, run_after=None
[2025-03-20T15:02:53.010-0500] {logging_mixin.py:190} INFO - [2025-03-20T15:02:53.010-0500] {dag.py:4138} INFO - Setting next_dagrun for consume_1_or_both_2_and_3_with_dataset_expressions to None, run_after=None
[2025-03-20T15:02:53.011-0500] {logging_mixin.py:190} INFO - [2025-03-20T15:02:53.011-0500] {dag.py:4138} INFO - Setting next_dagrun for dataset_consumes_1 to None, run_after=None
[2025-03-20T15:02:53.011-0500] {logging_mixin.py:190} INFO - [2025-03-20T15:02:53.011-0500] {dag.py:4138} INFO - Setting next_dagrun for dataset_consumes_1_and_2 to None, run_after=None
[2025-03-20T15:02:53.011-0500] {logging_mixin.py:190} INFO - [2025-03-20T15:02:53.011-0500] {dag.py:4138} INFO - Setting next_dagrun for dataset_consumes_1_never_scheduled to None, run_after=None
[2025-03-20T15:02:53.012-0500] {logging_mixin.py:190} INFO - [2025-03-20T15:02:53.012-0500] {dag.py:4138} INFO - Setting next_dagrun for dataset_consumes_unknown_never_scheduled to None, run_after=None
[2025-03-20T15:02:53.013-0500] {logging_mixin.py:190} INFO - [2025-03-20T15:02:53.013-0500] {dag.py:4138} INFO - Setting next_dagrun for dataset_produces_1 to 2025-03-19 00:00:00+00:00, run_after=2025-03-20 00:00:00+00:00
[2025-03-20T15:02:53.014-0500] {logging_mixin.py:190} INFO - [2025-03-20T15:02:53.013-0500] {dag.py:4138} INFO - Setting next_dagrun for dataset_produces_2 to None, run_after=None
[2025-03-20T15:02:53.040-0500] {processor.py:208} INFO - Processing /home/nicolas/Escritorio/proyecto/Proyecto_ETL/venv/lib/python3.8/site-packages/airflow/example_dags/example_datasets.py took 0.100 seconds
