[2025-03-20T15:00:31.678-0500] {processor.py:186} INFO - Started process (PID=151741) to work on /home/nicolas/Escritorio/proyecto/Proyecto_ETL/venv/lib/python3.8/site-packages/airflow/example_dags/example_python_decorator.py
[2025-03-20T15:00:31.679-0500] {processor.py:914} INFO - Processing file /home/nicolas/Escritorio/proyecto/Proyecto_ETL/venv/lib/python3.8/site-packages/airflow/example_dags/example_python_decorator.py for tasks to queue
[2025-03-20T15:00:31.681-0500] {logging_mixin.py:190} INFO - [2025-03-20T15:00:31.681-0500] {dagbag.py:587} INFO - Filling up the DagBag from /home/nicolas/Escritorio/proyecto/Proyecto_ETL/venv/lib/python3.8/site-packages/airflow/example_dags/example_python_decorator.py
[2025-03-20T15:00:31.692-0500] {processor.py:925} INFO - DAG(s) 'example_python_decorator' retrieved from /home/nicolas/Escritorio/proyecto/Proyecto_ETL/venv/lib/python3.8/site-packages/airflow/example_dags/example_python_decorator.py
[2025-03-20T15:00:31.775-0500] {logging_mixin.py:190} INFO - [2025-03-20T15:00:31.774-0500] {override.py:1858} INFO - Created Permission View: can read on DAG:example_python_decorator
[2025-03-20T15:00:31.785-0500] {logging_mixin.py:190} INFO - [2025-03-20T15:00:31.784-0500] {override.py:1858} INFO - Created Permission View: can edit on DAG:example_python_decorator
[2025-03-20T15:00:31.790-0500] {logging_mixin.py:190} INFO - [2025-03-20T15:00:31.790-0500] {override.py:1858} INFO - Created Permission View: can delete on DAG:example_python_decorator
[2025-03-20T15:00:31.790-0500] {logging_mixin.py:190} INFO - [2025-03-20T15:00:31.790-0500] {dag.py:3211} INFO - Sync 1 DAGs
[2025-03-20T15:00:31.797-0500] {logging_mixin.py:190} INFO - [2025-03-20T15:00:31.796-0500] {dag.py:3234} INFO - Creating ORM DAG for example_python_decorator
[2025-03-20T15:00:31.797-0500] {logging_mixin.py:190} INFO - [2025-03-20T15:00:31.797-0500] {dag.py:4138} INFO - Setting next_dagrun for example_python_decorator to None, run_after=None
[2025-03-20T15:00:31.808-0500] {processor.py:208} INFO - Processing /home/nicolas/Escritorio/proyecto/Proyecto_ETL/venv/lib/python3.8/site-packages/airflow/example_dags/example_python_decorator.py took 0.138 seconds
[2025-03-20T15:01:29.380-0500] {processor.py:186} INFO - Started process (PID=152118) to work on /home/nicolas/Escritorio/proyecto/Proyecto_ETL/venv/lib/python3.8/site-packages/airflow/example_dags/example_python_decorator.py
[2025-03-20T15:01:29.389-0500] {processor.py:914} INFO - Processing file /home/nicolas/Escritorio/proyecto/Proyecto_ETL/venv/lib/python3.8/site-packages/airflow/example_dags/example_python_decorator.py for tasks to queue
[2025-03-20T15:01:29.390-0500] {logging_mixin.py:190} INFO - [2025-03-20T15:01:29.390-0500] {dagbag.py:587} INFO - Filling up the DagBag from /home/nicolas/Escritorio/proyecto/Proyecto_ETL/venv/lib/python3.8/site-packages/airflow/example_dags/example_python_decorator.py
[2025-03-20T15:01:29.399-0500] {processor.py:925} INFO - DAG(s) 'example_python_decorator' retrieved from /home/nicolas/Escritorio/proyecto/Proyecto_ETL/venv/lib/python3.8/site-packages/airflow/example_dags/example_python_decorator.py
[2025-03-20T15:01:29.412-0500] {logging_mixin.py:190} INFO - [2025-03-20T15:01:29.412-0500] {dag.py:3211} INFO - Sync 1 DAGs
[2025-03-20T15:01:29.422-0500] {logging_mixin.py:190} INFO - [2025-03-20T15:01:29.421-0500] {dag.py:4138} INFO - Setting next_dagrun for example_python_decorator to None, run_after=None
[2025-03-20T15:01:29.436-0500] {processor.py:208} INFO - Processing /home/nicolas/Escritorio/proyecto/Proyecto_ETL/venv/lib/python3.8/site-packages/airflow/example_dags/example_python_decorator.py took 0.062 seconds
[2025-03-20T15:02:20.132-0500] {processor.py:186} INFO - Started process (PID=152333) to work on /home/nicolas/Escritorio/proyecto/Proyecto_ETL/venv/lib/python3.8/site-packages/airflow/example_dags/example_python_decorator.py
[2025-03-20T15:02:20.136-0500] {processor.py:914} INFO - Processing file /home/nicolas/Escritorio/proyecto/Proyecto_ETL/venv/lib/python3.8/site-packages/airflow/example_dags/example_python_decorator.py for tasks to queue
[2025-03-20T15:02:20.138-0500] {logging_mixin.py:190} INFO - [2025-03-20T15:02:20.138-0500] {dagbag.py:587} INFO - Filling up the DagBag from /home/nicolas/Escritorio/proyecto/Proyecto_ETL/venv/lib/python3.8/site-packages/airflow/example_dags/example_python_decorator.py
[2025-03-20T15:02:20.149-0500] {processor.py:925} INFO - DAG(s) 'example_python_decorator' retrieved from /home/nicolas/Escritorio/proyecto/Proyecto_ETL/venv/lib/python3.8/site-packages/airflow/example_dags/example_python_decorator.py
[2025-03-20T15:02:20.158-0500] {logging_mixin.py:190} INFO - [2025-03-20T15:02:20.158-0500] {dag.py:3211} INFO - Sync 1 DAGs
[2025-03-20T15:02:20.165-0500] {logging_mixin.py:190} INFO - [2025-03-20T15:02:20.165-0500] {dag.py:4138} INFO - Setting next_dagrun for example_python_decorator to None, run_after=None
[2025-03-20T15:02:20.177-0500] {processor.py:208} INFO - Processing /home/nicolas/Escritorio/proyecto/Proyecto_ETL/venv/lib/python3.8/site-packages/airflow/example_dags/example_python_decorator.py took 0.051 seconds
[2025-03-20T15:03:11.796-0500] {processor.py:186} INFO - Started process (PID=152633) to work on /home/nicolas/Escritorio/proyecto/Proyecto_ETL/venv/lib/python3.8/site-packages/airflow/example_dags/example_python_decorator.py
[2025-03-20T15:03:11.804-0500] {processor.py:914} INFO - Processing file /home/nicolas/Escritorio/proyecto/Proyecto_ETL/venv/lib/python3.8/site-packages/airflow/example_dags/example_python_decorator.py for tasks to queue
[2025-03-20T15:03:11.805-0500] {logging_mixin.py:190} INFO - [2025-03-20T15:03:11.805-0500] {dagbag.py:587} INFO - Filling up the DagBag from /home/nicolas/Escritorio/proyecto/Proyecto_ETL/venv/lib/python3.8/site-packages/airflow/example_dags/example_python_decorator.py
[2025-03-20T15:03:11.813-0500] {processor.py:925} INFO - DAG(s) 'example_python_decorator' retrieved from /home/nicolas/Escritorio/proyecto/Proyecto_ETL/venv/lib/python3.8/site-packages/airflow/example_dags/example_python_decorator.py
[2025-03-20T15:03:11.823-0500] {logging_mixin.py:190} INFO - [2025-03-20T15:03:11.822-0500] {dag.py:3211} INFO - Sync 1 DAGs
[2025-03-20T15:03:11.833-0500] {logging_mixin.py:190} INFO - [2025-03-20T15:03:11.833-0500] {dag.py:4138} INFO - Setting next_dagrun for example_python_decorator to None, run_after=None
[2025-03-20T15:03:11.846-0500] {processor.py:208} INFO - Processing /home/nicolas/Escritorio/proyecto/Proyecto_ETL/venv/lib/python3.8/site-packages/airflow/example_dags/example_python_decorator.py took 0.055 seconds
