[2025-03-20T15:00:54.025-0500] {processor.py:186} INFO - Started process (PID=151854) to work on /home/nicolas/Escritorio/proyecto/Proyecto_ETL/venv/lib/python3.8/site-packages/airflow/example_dags/example_nested_branch_dag.py
[2025-03-20T15:00:54.025-0500] {processor.py:914} INFO - Processing file /home/nicolas/Escritorio/proyecto/Proyecto_ETL/venv/lib/python3.8/site-packages/airflow/example_dags/example_nested_branch_dag.py for tasks to queue
[2025-03-20T15:00:54.026-0500] {logging_mixin.py:190} INFO - [2025-03-20T15:00:54.026-0500] {dagbag.py:587} INFO - Filling up the DagBag from /home/nicolas/Escritorio/proyecto/Proyecto_ETL/venv/lib/python3.8/site-packages/airflow/example_dags/example_nested_branch_dag.py
[2025-03-20T15:00:54.034-0500] {processor.py:925} INFO - DAG(s) 'example_nested_branch_dag' retrieved from /home/nicolas/Escritorio/proyecto/Proyecto_ETL/venv/lib/python3.8/site-packages/airflow/example_dags/example_nested_branch_dag.py
[2025-03-20T15:00:54.101-0500] {logging_mixin.py:190} INFO - [2025-03-20T15:00:54.100-0500] {override.py:1858} INFO - Created Permission View: can read on DAG:example_nested_branch_dag
[2025-03-20T15:00:54.111-0500] {logging_mixin.py:190} INFO - [2025-03-20T15:00:54.110-0500] {override.py:1858} INFO - Created Permission View: can edit on DAG:example_nested_branch_dag
[2025-03-20T15:00:54.117-0500] {logging_mixin.py:190} INFO - [2025-03-20T15:00:54.117-0500] {override.py:1858} INFO - Created Permission View: can delete on DAG:example_nested_branch_dag
[2025-03-20T15:00:54.118-0500] {logging_mixin.py:190} INFO - [2025-03-20T15:00:54.118-0500] {dag.py:3211} INFO - Sync 1 DAGs
[2025-03-20T15:00:54.126-0500] {logging_mixin.py:190} INFO - [2025-03-20T15:00:54.126-0500] {dag.py:3234} INFO - Creating ORM DAG for example_nested_branch_dag
[2025-03-20T15:00:54.132-0500] {logging_mixin.py:190} INFO - [2025-03-20T15:00:54.132-0500] {dag.py:4138} INFO - Setting next_dagrun for example_nested_branch_dag to 2025-03-19 00:00:00+00:00, run_after=2025-03-20 00:00:00+00:00
[2025-03-20T15:00:54.146-0500] {processor.py:208} INFO - Processing /home/nicolas/Escritorio/proyecto/Proyecto_ETL/venv/lib/python3.8/site-packages/airflow/example_dags/example_nested_branch_dag.py took 0.125 seconds
[2025-03-20T15:01:49.221-0500] {processor.py:186} INFO - Started process (PID=152175) to work on /home/nicolas/Escritorio/proyecto/Proyecto_ETL/venv/lib/python3.8/site-packages/airflow/example_dags/example_nested_branch_dag.py
[2025-03-20T15:01:49.229-0500] {processor.py:914} INFO - Processing file /home/nicolas/Escritorio/proyecto/Proyecto_ETL/venv/lib/python3.8/site-packages/airflow/example_dags/example_nested_branch_dag.py for tasks to queue
[2025-03-20T15:01:49.231-0500] {logging_mixin.py:190} INFO - [2025-03-20T15:01:49.230-0500] {dagbag.py:587} INFO - Filling up the DagBag from /home/nicolas/Escritorio/proyecto/Proyecto_ETL/venv/lib/python3.8/site-packages/airflow/example_dags/example_nested_branch_dag.py
[2025-03-20T15:01:49.237-0500] {processor.py:925} INFO - DAG(s) 'example_nested_branch_dag' retrieved from /home/nicolas/Escritorio/proyecto/Proyecto_ETL/venv/lib/python3.8/site-packages/airflow/example_dags/example_nested_branch_dag.py
[2025-03-20T15:01:49.246-0500] {logging_mixin.py:190} INFO - [2025-03-20T15:01:49.246-0500] {dag.py:3211} INFO - Sync 1 DAGs
[2025-03-20T15:01:49.256-0500] {logging_mixin.py:190} INFO - [2025-03-20T15:01:49.256-0500] {dag.py:4138} INFO - Setting next_dagrun for example_nested_branch_dag to 2025-03-19 00:00:00+00:00, run_after=2025-03-20 00:00:00+00:00
[2025-03-20T15:01:49.267-0500] {processor.py:208} INFO - Processing /home/nicolas/Escritorio/proyecto/Proyecto_ETL/venv/lib/python3.8/site-packages/airflow/example_dags/example_nested_branch_dag.py took 0.053 seconds
[2025-03-20T15:02:45.201-0500] {processor.py:186} INFO - Started process (PID=152424) to work on /home/nicolas/Escritorio/proyecto/Proyecto_ETL/venv/lib/python3.8/site-packages/airflow/example_dags/example_nested_branch_dag.py
[2025-03-20T15:02:45.209-0500] {processor.py:914} INFO - Processing file /home/nicolas/Escritorio/proyecto/Proyecto_ETL/venv/lib/python3.8/site-packages/airflow/example_dags/example_nested_branch_dag.py for tasks to queue
[2025-03-20T15:02:45.211-0500] {logging_mixin.py:190} INFO - [2025-03-20T15:02:45.210-0500] {dagbag.py:587} INFO - Filling up the DagBag from /home/nicolas/Escritorio/proyecto/Proyecto_ETL/venv/lib/python3.8/site-packages/airflow/example_dags/example_nested_branch_dag.py
[2025-03-20T15:02:45.217-0500] {processor.py:925} INFO - DAG(s) 'example_nested_branch_dag' retrieved from /home/nicolas/Escritorio/proyecto/Proyecto_ETL/venv/lib/python3.8/site-packages/airflow/example_dags/example_nested_branch_dag.py
[2025-03-20T15:02:45.226-0500] {logging_mixin.py:190} INFO - [2025-03-20T15:02:45.226-0500] {dag.py:3211} INFO - Sync 1 DAGs
[2025-03-20T15:02:45.237-0500] {logging_mixin.py:190} INFO - [2025-03-20T15:02:45.237-0500] {dag.py:4138} INFO - Setting next_dagrun for example_nested_branch_dag to 2025-03-19 00:00:00+00:00, run_after=2025-03-20 00:00:00+00:00
[2025-03-20T15:02:45.249-0500] {processor.py:208} INFO - Processing /home/nicolas/Escritorio/proyecto/Proyecto_ETL/venv/lib/python3.8/site-packages/airflow/example_dags/example_nested_branch_dag.py took 0.052 seconds
