[2025-03-20T15:01:08.515-0500] {processor.py:186} INFO - Started process (PID=151978) to work on /home/nicolas/Escritorio/proyecto/Proyecto_ETL/venv/lib/python3.8/site-packages/airflow/example_dags/example_external_task_marker_dag.py
[2025-03-20T15:01:08.515-0500] {processor.py:914} INFO - Processing file /home/nicolas/Escritorio/proyecto/Proyecto_ETL/venv/lib/python3.8/site-packages/airflow/example_dags/example_external_task_marker_dag.py for tasks to queue
[2025-03-20T15:01:08.516-0500] {logging_mixin.py:190} INFO - [2025-03-20T15:01:08.516-0500] {dagbag.py:587} INFO - Filling up the DagBag from /home/nicolas/Escritorio/proyecto/Proyecto_ETL/venv/lib/python3.8/site-packages/airflow/example_dags/example_external_task_marker_dag.py
[2025-03-20T15:01:08.521-0500] {processor.py:925} INFO - DAG(s) 'example_external_task_marker_parent', 'example_external_task_marker_child' retrieved from /home/nicolas/Escritorio/proyecto/Proyecto_ETL/venv/lib/python3.8/site-packages/airflow/example_dags/example_external_task_marker_dag.py
[2025-03-20T15:01:08.580-0500] {logging_mixin.py:190} INFO - [2025-03-20T15:01:08.580-0500] {override.py:1858} INFO - Created Permission View: can read on DAG:example_external_task_marker_parent
[2025-03-20T15:01:08.588-0500] {logging_mixin.py:190} INFO - [2025-03-20T15:01:08.587-0500] {override.py:1858} INFO - Created Permission View: can edit on DAG:example_external_task_marker_parent
[2025-03-20T15:01:08.596-0500] {logging_mixin.py:190} INFO - [2025-03-20T15:01:08.595-0500] {override.py:1858} INFO - Created Permission View: can delete on DAG:example_external_task_marker_parent
[2025-03-20T15:01:08.609-0500] {logging_mixin.py:190} INFO - [2025-03-20T15:01:08.608-0500] {override.py:1858} INFO - Created Permission View: can read on DAG:example_external_task_marker_child
[2025-03-20T15:01:08.614-0500] {logging_mixin.py:190} INFO - [2025-03-20T15:01:08.614-0500] {override.py:1858} INFO - Created Permission View: can edit on DAG:example_external_task_marker_child
[2025-03-20T15:01:08.620-0500] {logging_mixin.py:190} INFO - [2025-03-20T15:01:08.619-0500] {override.py:1858} INFO - Created Permission View: can delete on DAG:example_external_task_marker_child
[2025-03-20T15:01:08.620-0500] {logging_mixin.py:190} INFO - [2025-03-20T15:01:08.620-0500] {dag.py:3211} INFO - Sync 2 DAGs
[2025-03-20T15:01:08.629-0500] {logging_mixin.py:190} INFO - [2025-03-20T15:01:08.629-0500] {dag.py:3234} INFO - Creating ORM DAG for example_external_task_marker_child
[2025-03-20T15:01:08.630-0500] {logging_mixin.py:190} INFO - [2025-03-20T15:01:08.630-0500] {dag.py:3234} INFO - Creating ORM DAG for example_external_task_marker_parent
[2025-03-20T15:01:08.630-0500] {logging_mixin.py:190} INFO - [2025-03-20T15:01:08.630-0500] {dag.py:4138} INFO - Setting next_dagrun for example_external_task_marker_child to None, run_after=None
[2025-03-20T15:01:08.630-0500] {logging_mixin.py:190} INFO - [2025-03-20T15:01:08.630-0500] {dag.py:4138} INFO - Setting next_dagrun for example_external_task_marker_parent to None, run_after=None
[2025-03-20T15:01:08.643-0500] {processor.py:208} INFO - Processing /home/nicolas/Escritorio/proyecto/Proyecto_ETL/venv/lib/python3.8/site-packages/airflow/example_dags/example_external_task_marker_dag.py took 0.132 seconds
[2025-03-20T15:02:02.407-0500] {processor.py:186} INFO - Started process (PID=152192) to work on /home/nicolas/Escritorio/proyecto/Proyecto_ETL/venv/lib/python3.8/site-packages/airflow/example_dags/example_external_task_marker_dag.py
[2025-03-20T15:02:02.415-0500] {processor.py:914} INFO - Processing file /home/nicolas/Escritorio/proyecto/Proyecto_ETL/venv/lib/python3.8/site-packages/airflow/example_dags/example_external_task_marker_dag.py for tasks to queue
[2025-03-20T15:02:02.417-0500] {logging_mixin.py:190} INFO - [2025-03-20T15:02:02.416-0500] {dagbag.py:587} INFO - Filling up the DagBag from /home/nicolas/Escritorio/proyecto/Proyecto_ETL/venv/lib/python3.8/site-packages/airflow/example_dags/example_external_task_marker_dag.py
[2025-03-20T15:02:02.421-0500] {processor.py:925} INFO - DAG(s) 'example_external_task_marker_child', 'example_external_task_marker_parent' retrieved from /home/nicolas/Escritorio/proyecto/Proyecto_ETL/venv/lib/python3.8/site-packages/airflow/example_dags/example_external_task_marker_dag.py
[2025-03-20T15:02:02.430-0500] {logging_mixin.py:190} INFO - [2025-03-20T15:02:02.430-0500] {dag.py:3211} INFO - Sync 2 DAGs
[2025-03-20T15:02:02.437-0500] {logging_mixin.py:190} INFO - [2025-03-20T15:02:02.437-0500] {dag.py:4138} INFO - Setting next_dagrun for example_external_task_marker_child to None, run_after=None
[2025-03-20T15:02:02.438-0500] {logging_mixin.py:190} INFO - [2025-03-20T15:02:02.438-0500] {dag.py:4138} INFO - Setting next_dagrun for example_external_task_marker_parent to None, run_after=None
[2025-03-20T15:02:02.448-0500] {processor.py:208} INFO - Processing /home/nicolas/Escritorio/proyecto/Proyecto_ETL/venv/lib/python3.8/site-packages/airflow/example_dags/example_external_task_marker_dag.py took 0.046 seconds
[2025-03-20T15:03:00.013-0500] {processor.py:186} INFO - Started process (PID=152620) to work on /home/nicolas/Escritorio/proyecto/Proyecto_ETL/venv/lib/python3.8/site-packages/airflow/example_dags/example_external_task_marker_dag.py
[2025-03-20T15:03:00.022-0500] {processor.py:914} INFO - Processing file /home/nicolas/Escritorio/proyecto/Proyecto_ETL/venv/lib/python3.8/site-packages/airflow/example_dags/example_external_task_marker_dag.py for tasks to queue
[2025-03-20T15:03:00.023-0500] {logging_mixin.py:190} INFO - [2025-03-20T15:03:00.023-0500] {dagbag.py:587} INFO - Filling up the DagBag from /home/nicolas/Escritorio/proyecto/Proyecto_ETL/venv/lib/python3.8/site-packages/airflow/example_dags/example_external_task_marker_dag.py
[2025-03-20T15:03:00.028-0500] {processor.py:925} INFO - DAG(s) 'example_external_task_marker_parent', 'example_external_task_marker_child' retrieved from /home/nicolas/Escritorio/proyecto/Proyecto_ETL/venv/lib/python3.8/site-packages/airflow/example_dags/example_external_task_marker_dag.py
[2025-03-20T15:03:00.041-0500] {logging_mixin.py:190} INFO - [2025-03-20T15:03:00.041-0500] {dag.py:3211} INFO - Sync 2 DAGs
[2025-03-20T15:03:00.048-0500] {logging_mixin.py:190} INFO - [2025-03-20T15:03:00.048-0500] {dag.py:4138} INFO - Setting next_dagrun for example_external_task_marker_child to None, run_after=None
[2025-03-20T15:03:00.051-0500] {logging_mixin.py:190} INFO - [2025-03-20T15:03:00.051-0500] {dag.py:4138} INFO - Setting next_dagrun for example_external_task_marker_parent to None, run_after=None
[2025-03-20T15:03:00.063-0500] {processor.py:208} INFO - Processing /home/nicolas/Escritorio/proyecto/Proyecto_ETL/venv/lib/python3.8/site-packages/airflow/example_dags/example_external_task_marker_dag.py took 0.056 seconds
