[2025-03-20T15:00:59.268-0500] {processor.py:186} INFO - Started process (PID=151924) to work on /home/nicolas/Escritorio/proyecto/Proyecto_ETL/venv/lib/python3.8/site-packages/airflow/example_dags/example_dag_decorator.py
[2025-03-20T15:00:59.269-0500] {processor.py:914} INFO - Processing file /home/nicolas/Escritorio/proyecto/Proyecto_ETL/venv/lib/python3.8/site-packages/airflow/example_dags/example_dag_decorator.py for tasks to queue
[2025-03-20T15:00:59.270-0500] {logging_mixin.py:190} INFO - [2025-03-20T15:00:59.270-0500] {dagbag.py:587} INFO - Filling up the DagBag from /home/nicolas/Escritorio/proyecto/Proyecto_ETL/venv/lib/python3.8/site-packages/airflow/example_dags/example_dag_decorator.py
[2025-03-20T15:00:59.278-0500] {processor.py:925} INFO - DAG(s) 'example_dag_decorator' retrieved from /home/nicolas/Escritorio/proyecto/Proyecto_ETL/venv/lib/python3.8/site-packages/airflow/example_dags/example_dag_decorator.py
[2025-03-20T15:00:59.346-0500] {logging_mixin.py:190} INFO - [2025-03-20T15:00:59.346-0500] {override.py:1858} INFO - Created Permission View: can read on DAG:example_dag_decorator
[2025-03-20T15:00:59.367-0500] {logging_mixin.py:190} INFO - [2025-03-20T15:00:59.367-0500] {override.py:1858} INFO - Created Permission View: can edit on DAG:example_dag_decorator
[2025-03-20T15:00:59.373-0500] {logging_mixin.py:190} INFO - [2025-03-20T15:00:59.372-0500] {override.py:1858} INFO - Created Permission View: can delete on DAG:example_dag_decorator
[2025-03-20T15:00:59.373-0500] {logging_mixin.py:190} INFO - [2025-03-20T15:00:59.373-0500] {dag.py:3211} INFO - Sync 1 DAGs
[2025-03-20T15:00:59.379-0500] {logging_mixin.py:190} INFO - [2025-03-20T15:00:59.379-0500] {dag.py:3234} INFO - Creating ORM DAG for example_dag_decorator
[2025-03-20T15:00:59.379-0500] {logging_mixin.py:190} INFO - [2025-03-20T15:00:59.379-0500] {dag.py:4138} INFO - Setting next_dagrun for example_dag_decorator to None, run_after=None
[2025-03-20T15:00:59.392-0500] {processor.py:208} INFO - Processing /home/nicolas/Escritorio/proyecto/Proyecto_ETL/venv/lib/python3.8/site-packages/airflow/example_dags/example_dag_decorator.py took 0.128 seconds
[2025-03-20T15:01:53.499-0500] {processor.py:186} INFO - Started process (PID=152181) to work on /home/nicolas/Escritorio/proyecto/Proyecto_ETL/venv/lib/python3.8/site-packages/airflow/example_dags/example_dag_decorator.py
[2025-03-20T15:01:53.508-0500] {processor.py:914} INFO - Processing file /home/nicolas/Escritorio/proyecto/Proyecto_ETL/venv/lib/python3.8/site-packages/airflow/example_dags/example_dag_decorator.py for tasks to queue
[2025-03-20T15:01:53.510-0500] {logging_mixin.py:190} INFO - [2025-03-20T15:01:53.510-0500] {dagbag.py:587} INFO - Filling up the DagBag from /home/nicolas/Escritorio/proyecto/Proyecto_ETL/venv/lib/python3.8/site-packages/airflow/example_dags/example_dag_decorator.py
[2025-03-20T15:01:53.521-0500] {processor.py:925} INFO - DAG(s) 'example_dag_decorator' retrieved from /home/nicolas/Escritorio/proyecto/Proyecto_ETL/venv/lib/python3.8/site-packages/airflow/example_dags/example_dag_decorator.py
[2025-03-20T15:01:53.567-0500] {logging_mixin.py:190} INFO - [2025-03-20T15:01:53.567-0500] {dag.py:3211} INFO - Sync 1 DAGs
[2025-03-20T15:01:53.573-0500] {logging_mixin.py:190} INFO - [2025-03-20T15:01:53.573-0500] {dag.py:4138} INFO - Setting next_dagrun for example_dag_decorator to None, run_after=None
[2025-03-20T15:01:53.584-0500] {processor.py:208} INFO - Processing /home/nicolas/Escritorio/proyecto/Proyecto_ETL/venv/lib/python3.8/site-packages/airflow/example_dags/example_dag_decorator.py took 0.091 seconds
[2025-03-20T15:02:50.913-0500] {processor.py:186} INFO - Started process (PID=152515) to work on /home/nicolas/Escritorio/proyecto/Proyecto_ETL/venv/lib/python3.8/site-packages/airflow/example_dags/example_dag_decorator.py
[2025-03-20T15:02:50.922-0500] {processor.py:914} INFO - Processing file /home/nicolas/Escritorio/proyecto/Proyecto_ETL/venv/lib/python3.8/site-packages/airflow/example_dags/example_dag_decorator.py for tasks to queue
[2025-03-20T15:02:50.925-0500] {logging_mixin.py:190} INFO - [2025-03-20T15:02:50.924-0500] {dagbag.py:587} INFO - Filling up the DagBag from /home/nicolas/Escritorio/proyecto/Proyecto_ETL/venv/lib/python3.8/site-packages/airflow/example_dags/example_dag_decorator.py
[2025-03-20T15:02:50.935-0500] {processor.py:925} INFO - DAG(s) 'example_dag_decorator' retrieved from /home/nicolas/Escritorio/proyecto/Proyecto_ETL/venv/lib/python3.8/site-packages/airflow/example_dags/example_dag_decorator.py
[2025-03-20T15:02:50.982-0500] {logging_mixin.py:190} INFO - [2025-03-20T15:02:50.982-0500] {dag.py:3211} INFO - Sync 1 DAGs
[2025-03-20T15:02:50.987-0500] {logging_mixin.py:190} INFO - [2025-03-20T15:02:50.987-0500] {dag.py:4138} INFO - Setting next_dagrun for example_dag_decorator to None, run_after=None
[2025-03-20T15:02:51.005-0500] {processor.py:208} INFO - Processing /home/nicolas/Escritorio/proyecto/Proyecto_ETL/venv/lib/python3.8/site-packages/airflow/example_dags/example_dag_decorator.py took 0.097 seconds
