[2025-03-20T15:00:31.271-0500] {processor.py:186} INFO - Started process (PID=151740) to work on /home/nicolas/Escritorio/proyecto/Proyecto_ETL/venv/lib/python3.8/site-packages/airflow/example_dags/example_dataset_alias.py
[2025-03-20T15:00:31.271-0500] {processor.py:914} INFO - Processing file /home/nicolas/Escritorio/proyecto/Proyecto_ETL/venv/lib/python3.8/site-packages/airflow/example_dags/example_dataset_alias.py for tasks to queue
[2025-03-20T15:00:31.272-0500] {logging_mixin.py:190} INFO - [2025-03-20T15:00:31.272-0500] {dagbag.py:587} INFO - Filling up the DagBag from /home/nicolas/Escritorio/proyecto/Proyecto_ETL/venv/lib/python3.8/site-packages/airflow/example_dags/example_dataset_alias.py
[2025-03-20T15:00:31.282-0500] {processor.py:925} INFO - DAG(s) 'dataset_alias_example_alias_producer', 'dataset_alias_example_alias_consumer', 'dataset_s3_bucket_consumer', 'dataset_s3_bucket_producer' retrieved from /home/nicolas/Escritorio/proyecto/Proyecto_ETL/venv/lib/python3.8/site-packages/airflow/example_dags/example_dataset_alias.py
[2025-03-20T15:00:31.346-0500] {logging_mixin.py:190} INFO - [2025-03-20T15:00:31.345-0500] {override.py:1858} INFO - Created Permission View: can read on DAG:dataset_alias_example_alias_producer
[2025-03-20T15:00:31.354-0500] {logging_mixin.py:190} INFO - [2025-03-20T15:00:31.353-0500] {override.py:1858} INFO - Created Permission View: can edit on DAG:dataset_alias_example_alias_producer
[2025-03-20T15:00:31.360-0500] {logging_mixin.py:190} INFO - [2025-03-20T15:00:31.360-0500] {override.py:1858} INFO - Created Permission View: can delete on DAG:dataset_alias_example_alias_producer
[2025-03-20T15:00:31.370-0500] {logging_mixin.py:190} INFO - [2025-03-20T15:00:31.370-0500] {override.py:1858} INFO - Created Permission View: can read on DAG:dataset_alias_example_alias_consumer
[2025-03-20T15:00:31.376-0500] {logging_mixin.py:190} INFO - [2025-03-20T15:00:31.375-0500] {override.py:1858} INFO - Created Permission View: can edit on DAG:dataset_alias_example_alias_consumer
[2025-03-20T15:00:31.380-0500] {logging_mixin.py:190} INFO - [2025-03-20T15:00:31.380-0500] {override.py:1858} INFO - Created Permission View: can delete on DAG:dataset_alias_example_alias_consumer
[2025-03-20T15:00:31.391-0500] {logging_mixin.py:190} INFO - [2025-03-20T15:00:31.390-0500] {override.py:1858} INFO - Created Permission View: can read on DAG:dataset_s3_bucket_consumer
[2025-03-20T15:00:31.395-0500] {logging_mixin.py:190} INFO - [2025-03-20T15:00:31.395-0500] {override.py:1858} INFO - Created Permission View: can edit on DAG:dataset_s3_bucket_consumer
[2025-03-20T15:00:31.400-0500] {logging_mixin.py:190} INFO - [2025-03-20T15:00:31.400-0500] {override.py:1858} INFO - Created Permission View: can delete on DAG:dataset_s3_bucket_consumer
[2025-03-20T15:00:31.411-0500] {logging_mixin.py:190} INFO - [2025-03-20T15:00:31.411-0500] {override.py:1858} INFO - Created Permission View: can read on DAG:dataset_s3_bucket_producer
[2025-03-20T15:00:31.416-0500] {logging_mixin.py:190} INFO - [2025-03-20T15:00:31.415-0500] {override.py:1858} INFO - Created Permission View: can edit on DAG:dataset_s3_bucket_producer
[2025-03-20T15:00:31.420-0500] {logging_mixin.py:190} INFO - [2025-03-20T15:00:31.420-0500] {override.py:1858} INFO - Created Permission View: can delete on DAG:dataset_s3_bucket_producer
[2025-03-20T15:00:31.420-0500] {logging_mixin.py:190} INFO - [2025-03-20T15:00:31.420-0500] {dag.py:3211} INFO - Sync 4 DAGs
[2025-03-20T15:00:31.427-0500] {logging_mixin.py:190} INFO - [2025-03-20T15:00:31.426-0500] {dag.py:3234} INFO - Creating ORM DAG for dataset_alias_example_alias_consumer
[2025-03-20T15:00:31.427-0500] {logging_mixin.py:190} INFO - [2025-03-20T15:00:31.427-0500] {dag.py:3234} INFO - Creating ORM DAG for dataset_s3_bucket_consumer
[2025-03-20T15:00:31.427-0500] {logging_mixin.py:190} INFO - [2025-03-20T15:00:31.427-0500] {dag.py:3234} INFO - Creating ORM DAG for dataset_alias_example_alias_producer
[2025-03-20T15:00:31.428-0500] {logging_mixin.py:190} INFO - [2025-03-20T15:00:31.427-0500] {dag.py:3234} INFO - Creating ORM DAG for dataset_s3_bucket_producer
[2025-03-20T15:00:31.432-0500] {logging_mixin.py:190} INFO - [2025-03-20T15:00:31.432-0500] {dag.py:4138} INFO - Setting next_dagrun for dataset_alias_example_alias_consumer to None, run_after=None
[2025-03-20T15:00:31.432-0500] {logging_mixin.py:190} INFO - [2025-03-20T15:00:31.432-0500] {dag.py:4138} INFO - Setting next_dagrun for dataset_alias_example_alias_producer to None, run_after=None
[2025-03-20T15:00:31.433-0500] {logging_mixin.py:190} INFO - [2025-03-20T15:00:31.432-0500] {dag.py:4138} INFO - Setting next_dagrun for dataset_s3_bucket_consumer to None, run_after=None
[2025-03-20T15:00:31.433-0500] {logging_mixin.py:190} INFO - [2025-03-20T15:00:31.433-0500] {dag.py:4138} INFO - Setting next_dagrun for dataset_s3_bucket_producer to None, run_after=None
[2025-03-20T15:00:31.448-0500] {processor.py:208} INFO - Processing /home/nicolas/Escritorio/proyecto/Proyecto_ETL/venv/lib/python3.8/site-packages/airflow/example_dags/example_dataset_alias.py took 0.180 seconds
[2025-03-20T15:01:28.813-0500] {processor.py:186} INFO - Started process (PID=152117) to work on /home/nicolas/Escritorio/proyecto/Proyecto_ETL/venv/lib/python3.8/site-packages/airflow/example_dags/example_dataset_alias.py
[2025-03-20T15:01:28.821-0500] {processor.py:914} INFO - Processing file /home/nicolas/Escritorio/proyecto/Proyecto_ETL/venv/lib/python3.8/site-packages/airflow/example_dags/example_dataset_alias.py for tasks to queue
[2025-03-20T15:01:28.823-0500] {logging_mixin.py:190} INFO - [2025-03-20T15:01:28.823-0500] {dagbag.py:587} INFO - Filling up the DagBag from /home/nicolas/Escritorio/proyecto/Proyecto_ETL/venv/lib/python3.8/site-packages/airflow/example_dags/example_dataset_alias.py
[2025-03-20T15:01:28.839-0500] {processor.py:925} INFO - DAG(s) 'dataset_alias_example_alias_consumer', 'dataset_s3_bucket_producer', 'dataset_s3_bucket_consumer', 'dataset_alias_example_alias_producer' retrieved from /home/nicolas/Escritorio/proyecto/Proyecto_ETL/venv/lib/python3.8/site-packages/airflow/example_dags/example_dataset_alias.py
[2025-03-20T15:01:28.851-0500] {logging_mixin.py:190} INFO - [2025-03-20T15:01:28.851-0500] {dag.py:3211} INFO - Sync 4 DAGs
[2025-03-20T15:01:28.863-0500] {logging_mixin.py:190} INFO - [2025-03-20T15:01:28.863-0500] {dag.py:4138} INFO - Setting next_dagrun for dataset_alias_example_alias_consumer to None, run_after=None
[2025-03-20T15:01:28.865-0500] {logging_mixin.py:190} INFO - [2025-03-20T15:01:28.865-0500] {dag.py:4138} INFO - Setting next_dagrun for dataset_alias_example_alias_producer to None, run_after=None
[2025-03-20T15:01:28.865-0500] {logging_mixin.py:190} INFO - [2025-03-20T15:01:28.865-0500] {dag.py:4138} INFO - Setting next_dagrun for dataset_s3_bucket_consumer to None, run_after=None
[2025-03-20T15:01:28.866-0500] {logging_mixin.py:190} INFO - [2025-03-20T15:01:28.866-0500] {dag.py:4138} INFO - Setting next_dagrun for dataset_s3_bucket_producer to None, run_after=None
[2025-03-20T15:01:28.881-0500] {processor.py:208} INFO - Processing /home/nicolas/Escritorio/proyecto/Proyecto_ETL/venv/lib/python3.8/site-packages/airflow/example_dags/example_dataset_alias.py took 0.075 seconds
[2025-03-20T15:02:18.991-0500] {processor.py:186} INFO - Started process (PID=152331) to work on /home/nicolas/Escritorio/proyecto/Proyecto_ETL/venv/lib/python3.8/site-packages/airflow/example_dags/example_dataset_alias.py
[2025-03-20T15:02:19.000-0500] {processor.py:914} INFO - Processing file /home/nicolas/Escritorio/proyecto/Proyecto_ETL/venv/lib/python3.8/site-packages/airflow/example_dags/example_dataset_alias.py for tasks to queue
[2025-03-20T15:02:19.002-0500] {logging_mixin.py:190} INFO - [2025-03-20T15:02:19.002-0500] {dagbag.py:587} INFO - Filling up the DagBag from /home/nicolas/Escritorio/proyecto/Proyecto_ETL/venv/lib/python3.8/site-packages/airflow/example_dags/example_dataset_alias.py
[2025-03-20T15:02:19.019-0500] {processor.py:925} INFO - DAG(s) 'dataset_alias_example_alias_producer', 'dataset_s3_bucket_producer', 'dataset_alias_example_alias_consumer', 'dataset_s3_bucket_consumer' retrieved from /home/nicolas/Escritorio/proyecto/Proyecto_ETL/venv/lib/python3.8/site-packages/airflow/example_dags/example_dataset_alias.py
[2025-03-20T15:02:19.030-0500] {logging_mixin.py:190} INFO - [2025-03-20T15:02:19.029-0500] {dag.py:3211} INFO - Sync 4 DAGs
[2025-03-20T15:02:19.040-0500] {logging_mixin.py:190} INFO - [2025-03-20T15:02:19.040-0500] {dag.py:4138} INFO - Setting next_dagrun for dataset_alias_example_alias_consumer to None, run_after=None
[2025-03-20T15:02:19.042-0500] {logging_mixin.py:190} INFO - [2025-03-20T15:02:19.041-0500] {dag.py:4138} INFO - Setting next_dagrun for dataset_alias_example_alias_producer to None, run_after=None
[2025-03-20T15:02:19.042-0500] {logging_mixin.py:190} INFO - [2025-03-20T15:02:19.042-0500] {dag.py:4138} INFO - Setting next_dagrun for dataset_s3_bucket_consumer to None, run_after=None
[2025-03-20T15:02:19.043-0500] {logging_mixin.py:190} INFO - [2025-03-20T15:02:19.043-0500] {dag.py:4138} INFO - Setting next_dagrun for dataset_s3_bucket_producer to None, run_after=None
[2025-03-20T15:02:19.058-0500] {processor.py:208} INFO - Processing /home/nicolas/Escritorio/proyecto/Proyecto_ETL/venv/lib/python3.8/site-packages/airflow/example_dags/example_dataset_alias.py took 0.073 seconds
[2025-03-20T15:03:11.618-0500] {processor.py:186} INFO - Started process (PID=152632) to work on /home/nicolas/Escritorio/proyecto/Proyecto_ETL/venv/lib/python3.8/site-packages/airflow/example_dags/example_dataset_alias.py
[2025-03-20T15:03:11.626-0500] {processor.py:914} INFO - Processing file /home/nicolas/Escritorio/proyecto/Proyecto_ETL/venv/lib/python3.8/site-packages/airflow/example_dags/example_dataset_alias.py for tasks to queue
[2025-03-20T15:03:11.629-0500] {logging_mixin.py:190} INFO - [2025-03-20T15:03:11.629-0500] {dagbag.py:587} INFO - Filling up the DagBag from /home/nicolas/Escritorio/proyecto/Proyecto_ETL/venv/lib/python3.8/site-packages/airflow/example_dags/example_dataset_alias.py
[2025-03-20T15:03:11.646-0500] {processor.py:925} INFO - DAG(s) 'dataset_alias_example_alias_consumer', 'dataset_s3_bucket_consumer', 'dataset_alias_example_alias_producer', 'dataset_s3_bucket_producer' retrieved from /home/nicolas/Escritorio/proyecto/Proyecto_ETL/venv/lib/python3.8/site-packages/airflow/example_dags/example_dataset_alias.py
[2025-03-20T15:03:11.657-0500] {logging_mixin.py:190} INFO - [2025-03-20T15:03:11.657-0500] {dag.py:3211} INFO - Sync 4 DAGs
[2025-03-20T15:03:11.667-0500] {logging_mixin.py:190} INFO - [2025-03-20T15:03:11.667-0500] {dag.py:4138} INFO - Setting next_dagrun for dataset_alias_example_alias_consumer to None, run_after=None
[2025-03-20T15:03:11.668-0500] {logging_mixin.py:190} INFO - [2025-03-20T15:03:11.668-0500] {dag.py:4138} INFO - Setting next_dagrun for dataset_alias_example_alias_producer to None, run_after=None
[2025-03-20T15:03:11.669-0500] {logging_mixin.py:190} INFO - [2025-03-20T15:03:11.669-0500] {dag.py:4138} INFO - Setting next_dagrun for dataset_s3_bucket_consumer to None, run_after=None
[2025-03-20T15:03:11.669-0500] {logging_mixin.py:190} INFO - [2025-03-20T15:03:11.669-0500] {dag.py:4138} INFO - Setting next_dagrun for dataset_s3_bucket_producer to None, run_after=None
[2025-03-20T15:03:11.682-0500] {processor.py:208} INFO - Processing /home/nicolas/Escritorio/proyecto/Proyecto_ETL/venv/lib/python3.8/site-packages/airflow/example_dags/example_dataset_alias.py took 0.070 seconds
