[2025-03-20T15:01:11.013-0500] {processor.py:186} INFO - Started process (PID=151980) to work on /home/nicolas/Escritorio/proyecto/Proyecto_ETL/venv/lib/python3.8/site-packages/airflow/example_dags/example_sla_dag.py
[2025-03-20T15:01:11.013-0500] {processor.py:914} INFO - Processing file /home/nicolas/Escritorio/proyecto/Proyecto_ETL/venv/lib/python3.8/site-packages/airflow/example_dags/example_sla_dag.py for tasks to queue
[2025-03-20T15:01:11.015-0500] {logging_mixin.py:190} INFO - [2025-03-20T15:01:11.015-0500] {dagbag.py:587} INFO - Filling up the DagBag from /home/nicolas/Escritorio/proyecto/Proyecto_ETL/venv/lib/python3.8/site-packages/airflow/example_dags/example_sla_dag.py
[2025-03-20T15:01:11.023-0500] {processor.py:925} INFO - DAG(s) 'example_sla_dag' retrieved from /home/nicolas/Escritorio/proyecto/Proyecto_ETL/venv/lib/python3.8/site-packages/airflow/example_dags/example_sla_dag.py
[2025-03-20T15:01:11.081-0500] {logging_mixin.py:190} INFO - [2025-03-20T15:01:11.081-0500] {override.py:1858} INFO - Created Permission View: can read on DAG:example_sla_dag
[2025-03-20T15:01:11.090-0500] {logging_mixin.py:190} INFO - [2025-03-20T15:01:11.089-0500] {override.py:1858} INFO - Created Permission View: can edit on DAG:example_sla_dag
[2025-03-20T15:01:11.095-0500] {logging_mixin.py:190} INFO - [2025-03-20T15:01:11.095-0500] {override.py:1858} INFO - Created Permission View: can delete on DAG:example_sla_dag
[2025-03-20T15:01:11.095-0500] {logging_mixin.py:190} INFO - [2025-03-20T15:01:11.095-0500] {dag.py:3211} INFO - Sync 1 DAGs
[2025-03-20T15:01:11.103-0500] {logging_mixin.py:190} INFO - [2025-03-20T15:01:11.103-0500] {dag.py:3234} INFO - Creating ORM DAG for example_sla_dag
[2025-03-20T15:01:11.110-0500] {logging_mixin.py:190} INFO - [2025-03-20T15:01:11.110-0500] {dag.py:4138} INFO - Setting next_dagrun for example_sla_dag to 2025-03-20 19:58:00+00:00, run_after=2025-03-20 20:00:00+00:00
[2025-03-20T15:01:11.123-0500] {processor.py:208} INFO - Processing /home/nicolas/Escritorio/proyecto/Proyecto_ETL/venv/lib/python3.8/site-packages/airflow/example_dags/example_sla_dag.py took 0.114 seconds
[2025-03-20T15:02:04.669-0500] {processor.py:186} INFO - Started process (PID=152194) to work on /home/nicolas/Escritorio/proyecto/Proyecto_ETL/venv/lib/python3.8/site-packages/airflow/example_dags/example_sla_dag.py
[2025-03-20T15:02:04.677-0500] {processor.py:914} INFO - Processing file /home/nicolas/Escritorio/proyecto/Proyecto_ETL/venv/lib/python3.8/site-packages/airflow/example_dags/example_sla_dag.py for tasks to queue
[2025-03-20T15:02:04.679-0500] {logging_mixin.py:190} INFO - [2025-03-20T15:02:04.678-0500] {dagbag.py:587} INFO - Filling up the DagBag from /home/nicolas/Escritorio/proyecto/Proyecto_ETL/venv/lib/python3.8/site-packages/airflow/example_dags/example_sla_dag.py
[2025-03-20T15:02:04.685-0500] {processor.py:925} INFO - DAG(s) 'example_sla_dag' retrieved from /home/nicolas/Escritorio/proyecto/Proyecto_ETL/venv/lib/python3.8/site-packages/airflow/example_dags/example_sla_dag.py
[2025-03-20T15:02:04.693-0500] {logging_mixin.py:190} INFO - [2025-03-20T15:02:04.693-0500] {dag.py:3211} INFO - Sync 1 DAGs
[2025-03-20T15:02:04.707-0500] {logging_mixin.py:190} INFO - [2025-03-20T15:02:04.706-0500] {dag.py:4138} INFO - Setting next_dagrun for example_sla_dag to 2025-03-20 20:00:00+00:00, run_after=2025-03-20 20:02:00+00:00
[2025-03-20T15:02:04.720-0500] {processor.py:208} INFO - Processing /home/nicolas/Escritorio/proyecto/Proyecto_ETL/venv/lib/python3.8/site-packages/airflow/example_dags/example_sla_dag.py took 0.057 seconds
[2025-03-20T15:03:01.629-0500] {processor.py:186} INFO - Started process (PID=152622) to work on /home/nicolas/Escritorio/proyecto/Proyecto_ETL/venv/lib/python3.8/site-packages/airflow/example_dags/example_sla_dag.py
[2025-03-20T15:03:01.637-0500] {processor.py:914} INFO - Processing file /home/nicolas/Escritorio/proyecto/Proyecto_ETL/venv/lib/python3.8/site-packages/airflow/example_dags/example_sla_dag.py for tasks to queue
[2025-03-20T15:03:01.639-0500] {logging_mixin.py:190} INFO - [2025-03-20T15:03:01.639-0500] {dagbag.py:587} INFO - Filling up the DagBag from /home/nicolas/Escritorio/proyecto/Proyecto_ETL/venv/lib/python3.8/site-packages/airflow/example_dags/example_sla_dag.py
[2025-03-20T15:03:01.645-0500] {processor.py:925} INFO - DAG(s) 'example_sla_dag' retrieved from /home/nicolas/Escritorio/proyecto/Proyecto_ETL/venv/lib/python3.8/site-packages/airflow/example_dags/example_sla_dag.py
[2025-03-20T15:03:01.657-0500] {logging_mixin.py:190} INFO - [2025-03-20T15:03:01.656-0500] {dag.py:3211} INFO - Sync 1 DAGs
[2025-03-20T15:03:01.672-0500] {logging_mixin.py:190} INFO - [2025-03-20T15:03:01.671-0500] {dag.py:4138} INFO - Setting next_dagrun for example_sla_dag to 2025-03-20 20:00:00+00:00, run_after=2025-03-20 20:02:00+00:00
[2025-03-20T15:03:01.684-0500] {processor.py:208} INFO - Processing /home/nicolas/Escritorio/proyecto/Proyecto_ETL/venv/lib/python3.8/site-packages/airflow/example_dags/example_sla_dag.py took 0.060 seconds
