[2025-03-20T15:00:48.659-0500] {processor.py:186} INFO - Started process (PID=151758) to work on /home/nicolas/Escritorio/proyecto/Proyecto_ETL/venv/lib/python3.8/site-packages/airflow/example_dags/example_outlet_event_extra.py
[2025-03-20T15:00:48.660-0500] {processor.py:914} INFO - Processing file /home/nicolas/Escritorio/proyecto/Proyecto_ETL/venv/lib/python3.8/site-packages/airflow/example_dags/example_outlet_event_extra.py for tasks to queue
[2025-03-20T15:00:48.661-0500] {logging_mixin.py:190} INFO - [2025-03-20T15:00:48.661-0500] {dagbag.py:587} INFO - Filling up the DagBag from /home/nicolas/Escritorio/proyecto/Proyecto_ETL/venv/lib/python3.8/site-packages/airflow/example_dags/example_outlet_event_extra.py
[2025-03-20T15:00:48.670-0500] {processor.py:925} INFO - DAG(s) 'dataset_with_extra_from_classic_operator', 'dataset_with_extra_by_yield', 'dataset_with_extra_by_context' retrieved from /home/nicolas/Escritorio/proyecto/Proyecto_ETL/venv/lib/python3.8/site-packages/airflow/example_dags/example_outlet_event_extra.py
[2025-03-20T15:00:48.744-0500] {logging_mixin.py:190} INFO - [2025-03-20T15:00:48.743-0500] {override.py:1858} INFO - Created Permission View: can read on DAG:dataset_with_extra_from_classic_operator
[2025-03-20T15:00:48.751-0500] {logging_mixin.py:190} INFO - [2025-03-20T15:00:48.751-0500] {override.py:1858} INFO - Created Permission View: can edit on DAG:dataset_with_extra_from_classic_operator
[2025-03-20T15:00:48.758-0500] {logging_mixin.py:190} INFO - [2025-03-20T15:00:48.757-0500] {override.py:1858} INFO - Created Permission View: can delete on DAG:dataset_with_extra_from_classic_operator
[2025-03-20T15:00:48.768-0500] {logging_mixin.py:190} INFO - [2025-03-20T15:00:48.768-0500] {override.py:1858} INFO - Created Permission View: can read on DAG:dataset_with_extra_by_yield
[2025-03-20T15:00:48.773-0500] {logging_mixin.py:190} INFO - [2025-03-20T15:00:48.773-0500] {override.py:1858} INFO - Created Permission View: can edit on DAG:dataset_with_extra_by_yield
[2025-03-20T15:00:48.778-0500] {logging_mixin.py:190} INFO - [2025-03-20T15:00:48.778-0500] {override.py:1858} INFO - Created Permission View: can delete on DAG:dataset_with_extra_by_yield
[2025-03-20T15:00:48.788-0500] {logging_mixin.py:190} INFO - [2025-03-20T15:00:48.788-0500] {override.py:1858} INFO - Created Permission View: can read on DAG:dataset_with_extra_by_context
[2025-03-20T15:00:48.793-0500] {logging_mixin.py:190} INFO - [2025-03-20T15:00:48.793-0500] {override.py:1858} INFO - Created Permission View: can edit on DAG:dataset_with_extra_by_context
[2025-03-20T15:00:48.798-0500] {logging_mixin.py:190} INFO - [2025-03-20T15:00:48.798-0500] {override.py:1858} INFO - Created Permission View: can delete on DAG:dataset_with_extra_by_context
[2025-03-20T15:00:48.798-0500] {logging_mixin.py:190} INFO - [2025-03-20T15:00:48.798-0500] {dag.py:3211} INFO - Sync 3 DAGs
[2025-03-20T15:00:48.805-0500] {logging_mixin.py:190} INFO - [2025-03-20T15:00:48.804-0500] {dag.py:3234} INFO - Creating ORM DAG for dataset_with_extra_by_yield
[2025-03-20T15:00:48.805-0500] {logging_mixin.py:190} INFO - [2025-03-20T15:00:48.805-0500] {dag.py:3234} INFO - Creating ORM DAG for dataset_with_extra_by_context
[2025-03-20T15:00:48.805-0500] {logging_mixin.py:190} INFO - [2025-03-20T15:00:48.805-0500] {dag.py:3234} INFO - Creating ORM DAG for dataset_with_extra_from_classic_operator
[2025-03-20T15:00:48.810-0500] {logging_mixin.py:190} INFO - [2025-03-20T15:00:48.810-0500] {dag.py:4138} INFO - Setting next_dagrun for dataset_with_extra_by_context to 2025-03-19 00:00:00+00:00, run_after=2025-03-20 00:00:00+00:00
[2025-03-20T15:00:48.811-0500] {logging_mixin.py:190} INFO - [2025-03-20T15:00:48.811-0500] {dag.py:4138} INFO - Setting next_dagrun for dataset_with_extra_by_yield to 2025-03-19 00:00:00+00:00, run_after=2025-03-20 00:00:00+00:00
[2025-03-20T15:00:48.812-0500] {logging_mixin.py:190} INFO - [2025-03-20T15:00:48.812-0500] {dag.py:4138} INFO - Setting next_dagrun for dataset_with_extra_from_classic_operator to 2025-03-19 00:00:00+00:00, run_after=2025-03-20 00:00:00+00:00
[2025-03-20T15:00:48.826-0500] {processor.py:208} INFO - Processing /home/nicolas/Escritorio/proyecto/Proyecto_ETL/venv/lib/python3.8/site-packages/airflow/example_dags/example_outlet_event_extra.py took 0.170 seconds
[2025-03-20T15:01:44.500-0500] {processor.py:186} INFO - Started process (PID=152139) to work on /home/nicolas/Escritorio/proyecto/Proyecto_ETL/venv/lib/python3.8/site-packages/airflow/example_dags/example_outlet_event_extra.py
[2025-03-20T15:01:44.502-0500] {processor.py:914} INFO - Processing file /home/nicolas/Escritorio/proyecto/Proyecto_ETL/venv/lib/python3.8/site-packages/airflow/example_dags/example_outlet_event_extra.py for tasks to queue
[2025-03-20T15:01:44.504-0500] {logging_mixin.py:190} INFO - [2025-03-20T15:01:44.504-0500] {dagbag.py:587} INFO - Filling up the DagBag from /home/nicolas/Escritorio/proyecto/Proyecto_ETL/venv/lib/python3.8/site-packages/airflow/example_dags/example_outlet_event_extra.py
[2025-03-20T15:01:44.512-0500] {processor.py:925} INFO - DAG(s) 'dataset_with_extra_by_context', 'dataset_with_extra_by_yield', 'dataset_with_extra_from_classic_operator' retrieved from /home/nicolas/Escritorio/proyecto/Proyecto_ETL/venv/lib/python3.8/site-packages/airflow/example_dags/example_outlet_event_extra.py
[2025-03-20T15:01:44.526-0500] {logging_mixin.py:190} INFO - [2025-03-20T15:01:44.526-0500] {dag.py:3211} INFO - Sync 3 DAGs
[2025-03-20T15:01:44.543-0500] {logging_mixin.py:190} INFO - [2025-03-20T15:01:44.542-0500] {dag.py:4138} INFO - Setting next_dagrun for dataset_with_extra_by_context to 2025-03-19 00:00:00+00:00, run_after=2025-03-20 00:00:00+00:00
[2025-03-20T15:01:44.546-0500] {logging_mixin.py:190} INFO - [2025-03-20T15:01:44.546-0500] {dag.py:4138} INFO - Setting next_dagrun for dataset_with_extra_by_yield to 2025-03-19 00:00:00+00:00, run_after=2025-03-20 00:00:00+00:00
[2025-03-20T15:01:44.547-0500] {logging_mixin.py:190} INFO - [2025-03-20T15:01:44.547-0500] {dag.py:4138} INFO - Setting next_dagrun for dataset_with_extra_from_classic_operator to 2025-03-19 00:00:00+00:00, run_after=2025-03-20 00:00:00+00:00
[2025-03-20T15:01:44.561-0500] {processor.py:208} INFO - Processing /home/nicolas/Escritorio/proyecto/Proyecto_ETL/venv/lib/python3.8/site-packages/airflow/example_dags/example_outlet_event_extra.py took 0.066 seconds
[2025-03-20T15:02:40.097-0500] {processor.py:186} INFO - Started process (PID=152419) to work on /home/nicolas/Escritorio/proyecto/Proyecto_ETL/venv/lib/python3.8/site-packages/airflow/example_dags/example_outlet_event_extra.py
[2025-03-20T15:02:40.106-0500] {processor.py:914} INFO - Processing file /home/nicolas/Escritorio/proyecto/Proyecto_ETL/venv/lib/python3.8/site-packages/airflow/example_dags/example_outlet_event_extra.py for tasks to queue
[2025-03-20T15:02:40.109-0500] {logging_mixin.py:190} INFO - [2025-03-20T15:02:40.108-0500] {dagbag.py:587} INFO - Filling up the DagBag from /home/nicolas/Escritorio/proyecto/Proyecto_ETL/venv/lib/python3.8/site-packages/airflow/example_dags/example_outlet_event_extra.py
[2025-03-20T15:02:40.120-0500] {processor.py:925} INFO - DAG(s) 'dataset_with_extra_by_yield', 'dataset_with_extra_from_classic_operator', 'dataset_with_extra_by_context' retrieved from /home/nicolas/Escritorio/proyecto/Proyecto_ETL/venv/lib/python3.8/site-packages/airflow/example_dags/example_outlet_event_extra.py
[2025-03-20T15:02:40.131-0500] {logging_mixin.py:190} INFO - [2025-03-20T15:02:40.131-0500] {dag.py:3211} INFO - Sync 3 DAGs
[2025-03-20T15:02:40.142-0500] {logging_mixin.py:190} INFO - [2025-03-20T15:02:40.142-0500] {dag.py:4138} INFO - Setting next_dagrun for dataset_with_extra_by_context to 2025-03-19 00:00:00+00:00, run_after=2025-03-20 00:00:00+00:00
[2025-03-20T15:02:40.144-0500] {logging_mixin.py:190} INFO - [2025-03-20T15:02:40.144-0500] {dag.py:4138} INFO - Setting next_dagrun for dataset_with_extra_by_yield to 2025-03-19 00:00:00+00:00, run_after=2025-03-20 00:00:00+00:00
[2025-03-20T15:02:40.145-0500] {logging_mixin.py:190} INFO - [2025-03-20T15:02:40.145-0500] {dag.py:4138} INFO - Setting next_dagrun for dataset_with_extra_from_classic_operator to 2025-03-19 00:00:00+00:00, run_after=2025-03-20 00:00:00+00:00
[2025-03-20T15:02:40.158-0500] {processor.py:208} INFO - Processing /home/nicolas/Escritorio/proyecto/Proyecto_ETL/venv/lib/python3.8/site-packages/airflow/example_dags/example_outlet_event_extra.py took 0.073 seconds
