[2025-03-20T15:01:09.761-0500] {processor.py:186} INFO - Started process (PID=151979) to work on /home/nicolas/Escritorio/proyecto/Proyecto_ETL/venv/lib/python3.8/site-packages/airflow/example_dags/example_bash_decorator.py
[2025-03-20T15:01:09.761-0500] {processor.py:914} INFO - Processing file /home/nicolas/Escritorio/proyecto/Proyecto_ETL/venv/lib/python3.8/site-packages/airflow/example_dags/example_bash_decorator.py for tasks to queue
[2025-03-20T15:01:09.762-0500] {logging_mixin.py:190} INFO - [2025-03-20T15:01:09.762-0500] {dagbag.py:587} INFO - Filling up the DagBag from /home/nicolas/Escritorio/proyecto/Proyecto_ETL/venv/lib/python3.8/site-packages/airflow/example_dags/example_bash_decorator.py
[2025-03-20T15:01:09.772-0500] {processor.py:925} INFO - DAG(s) 'example_bash_decorator' retrieved from /home/nicolas/Escritorio/proyecto/Proyecto_ETL/venv/lib/python3.8/site-packages/airflow/example_dags/example_bash_decorator.py
[2025-03-20T15:01:09.838-0500] {logging_mixin.py:190} INFO - [2025-03-20T15:01:09.837-0500] {override.py:1858} INFO - Created Permission View: can read on DAG:example_bash_decorator
[2025-03-20T15:01:09.846-0500] {logging_mixin.py:190} INFO - [2025-03-20T15:01:09.845-0500] {override.py:1858} INFO - Created Permission View: can edit on DAG:example_bash_decorator
[2025-03-20T15:01:09.851-0500] {logging_mixin.py:190} INFO - [2025-03-20T15:01:09.850-0500] {override.py:1858} INFO - Created Permission View: can delete on DAG:example_bash_decorator
[2025-03-20T15:01:09.851-0500] {logging_mixin.py:190} INFO - [2025-03-20T15:01:09.851-0500] {dag.py:3211} INFO - Sync 1 DAGs
[2025-03-20T15:01:09.859-0500] {logging_mixin.py:190} INFO - [2025-03-20T15:01:09.859-0500] {dag.py:3234} INFO - Creating ORM DAG for example_bash_decorator
[2025-03-20T15:01:09.859-0500] {logging_mixin.py:190} INFO - [2025-03-20T15:01:09.859-0500] {dag.py:4138} INFO - Setting next_dagrun for example_bash_decorator to None, run_after=None
[2025-03-20T15:01:09.871-0500] {processor.py:208} INFO - Processing /home/nicolas/Escritorio/proyecto/Proyecto_ETL/venv/lib/python3.8/site-packages/airflow/example_dags/example_bash_decorator.py took 0.114 seconds
[2025-03-20T15:02:03.539-0500] {processor.py:186} INFO - Started process (PID=152193) to work on /home/nicolas/Escritorio/proyecto/Proyecto_ETL/venv/lib/python3.8/site-packages/airflow/example_dags/example_bash_decorator.py
[2025-03-20T15:02:03.548-0500] {processor.py:914} INFO - Processing file /home/nicolas/Escritorio/proyecto/Proyecto_ETL/venv/lib/python3.8/site-packages/airflow/example_dags/example_bash_decorator.py for tasks to queue
[2025-03-20T15:02:03.549-0500] {logging_mixin.py:190} INFO - [2025-03-20T15:02:03.549-0500] {dagbag.py:587} INFO - Filling up the DagBag from /home/nicolas/Escritorio/proyecto/Proyecto_ETL/venv/lib/python3.8/site-packages/airflow/example_dags/example_bash_decorator.py
[2025-03-20T15:02:03.559-0500] {processor.py:925} INFO - DAG(s) 'example_bash_decorator' retrieved from /home/nicolas/Escritorio/proyecto/Proyecto_ETL/venv/lib/python3.8/site-packages/airflow/example_dags/example_bash_decorator.py
[2025-03-20T15:02:03.572-0500] {logging_mixin.py:190} INFO - [2025-03-20T15:02:03.572-0500] {dag.py:3211} INFO - Sync 1 DAGs
[2025-03-20T15:02:03.580-0500] {logging_mixin.py:190} INFO - [2025-03-20T15:02:03.579-0500] {dag.py:4138} INFO - Setting next_dagrun for example_bash_decorator to None, run_after=None
[2025-03-20T15:02:03.593-0500] {processor.py:208} INFO - Processing /home/nicolas/Escritorio/proyecto/Proyecto_ETL/venv/lib/python3.8/site-packages/airflow/example_dags/example_bash_decorator.py took 0.062 seconds
[2025-03-20T15:03:01.145-0500] {processor.py:186} INFO - Started process (PID=152621) to work on /home/nicolas/Escritorio/proyecto/Proyecto_ETL/venv/lib/python3.8/site-packages/airflow/example_dags/example_bash_decorator.py
[2025-03-20T15:03:01.153-0500] {processor.py:914} INFO - Processing file /home/nicolas/Escritorio/proyecto/Proyecto_ETL/venv/lib/python3.8/site-packages/airflow/example_dags/example_bash_decorator.py for tasks to queue
[2025-03-20T15:03:01.154-0500] {logging_mixin.py:190} INFO - [2025-03-20T15:03:01.154-0500] {dagbag.py:587} INFO - Filling up the DagBag from /home/nicolas/Escritorio/proyecto/Proyecto_ETL/venv/lib/python3.8/site-packages/airflow/example_dags/example_bash_decorator.py
[2025-03-20T15:03:01.163-0500] {processor.py:925} INFO - DAG(s) 'example_bash_decorator' retrieved from /home/nicolas/Escritorio/proyecto/Proyecto_ETL/venv/lib/python3.8/site-packages/airflow/example_dags/example_bash_decorator.py
[2025-03-20T15:03:01.176-0500] {logging_mixin.py:190} INFO - [2025-03-20T15:03:01.176-0500] {dag.py:3211} INFO - Sync 1 DAGs
[2025-03-20T15:03:01.185-0500] {logging_mixin.py:190} INFO - [2025-03-20T15:03:01.184-0500] {dag.py:4138} INFO - Setting next_dagrun for example_bash_decorator to None, run_after=None
[2025-03-20T15:03:01.197-0500] {processor.py:208} INFO - Processing /home/nicolas/Escritorio/proyecto/Proyecto_ETL/venv/lib/python3.8/site-packages/airflow/example_dags/example_bash_decorator.py took 0.058 seconds
