[2025-03-20T15:00:38.187-0500] {processor.py:186} INFO - Started process (PID=151747) to work on /home/nicolas/Escritorio/proyecto/Proyecto_ETL/venv/lib/python3.8/site-packages/airflow/example_dags/example_setup_teardown_taskflow.py
[2025-03-20T15:00:38.188-0500] {processor.py:914} INFO - Processing file /home/nicolas/Escritorio/proyecto/Proyecto_ETL/venv/lib/python3.8/site-packages/airflow/example_dags/example_setup_teardown_taskflow.py for tasks to queue
[2025-03-20T15:00:38.190-0500] {logging_mixin.py:190} INFO - [2025-03-20T15:00:38.189-0500] {dagbag.py:587} INFO - Filling up the DagBag from /home/nicolas/Escritorio/proyecto/Proyecto_ETL/venv/lib/python3.8/site-packages/airflow/example_dags/example_setup_teardown_taskflow.py
[2025-03-20T15:00:38.199-0500] {processor.py:925} INFO - DAG(s) 'example_setup_teardown_taskflow' retrieved from /home/nicolas/Escritorio/proyecto/Proyecto_ETL/venv/lib/python3.8/site-packages/airflow/example_dags/example_setup_teardown_taskflow.py
[2025-03-20T15:00:38.275-0500] {logging_mixin.py:190} INFO - [2025-03-20T15:00:38.274-0500] {override.py:1858} INFO - Created Permission View: can read on DAG:example_setup_teardown_taskflow
[2025-03-20T15:00:38.283-0500] {logging_mixin.py:190} INFO - [2025-03-20T15:00:38.283-0500] {override.py:1858} INFO - Created Permission View: can edit on DAG:example_setup_teardown_taskflow
[2025-03-20T15:00:38.289-0500] {logging_mixin.py:190} INFO - [2025-03-20T15:00:38.289-0500] {override.py:1858} INFO - Created Permission View: can delete on DAG:example_setup_teardown_taskflow
[2025-03-20T15:00:38.289-0500] {logging_mixin.py:190} INFO - [2025-03-20T15:00:38.289-0500] {dag.py:3211} INFO - Sync 1 DAGs
[2025-03-20T15:00:38.297-0500] {logging_mixin.py:190} INFO - [2025-03-20T15:00:38.297-0500] {dag.py:3234} INFO - Creating ORM DAG for example_setup_teardown_taskflow
[2025-03-20T15:00:38.302-0500] {logging_mixin.py:190} INFO - [2025-03-20T15:00:38.302-0500] {dag.py:4138} INFO - Setting next_dagrun for example_setup_teardown_taskflow to 2025-03-19 00:00:00+00:00, run_after=2025-03-20 00:00:00+00:00
[2025-03-20T15:00:38.316-0500] {processor.py:208} INFO - Processing /home/nicolas/Escritorio/proyecto/Proyecto_ETL/venv/lib/python3.8/site-packages/airflow/example_dags/example_setup_teardown_taskflow.py took 0.135 seconds
[2025-03-20T15:01:34.517-0500] {processor.py:186} INFO - Started process (PID=152125) to work on /home/nicolas/Escritorio/proyecto/Proyecto_ETL/venv/lib/python3.8/site-packages/airflow/example_dags/example_setup_teardown_taskflow.py
[2025-03-20T15:01:34.517-0500] {processor.py:914} INFO - Processing file /home/nicolas/Escritorio/proyecto/Proyecto_ETL/venv/lib/python3.8/site-packages/airflow/example_dags/example_setup_teardown_taskflow.py for tasks to queue
[2025-03-20T15:01:34.519-0500] {logging_mixin.py:190} INFO - [2025-03-20T15:01:34.519-0500] {dagbag.py:587} INFO - Filling up the DagBag from /home/nicolas/Escritorio/proyecto/Proyecto_ETL/venv/lib/python3.8/site-packages/airflow/example_dags/example_setup_teardown_taskflow.py
[2025-03-20T15:01:34.527-0500] {processor.py:925} INFO - DAG(s) 'example_setup_teardown_taskflow' retrieved from /home/nicolas/Escritorio/proyecto/Proyecto_ETL/venv/lib/python3.8/site-packages/airflow/example_dags/example_setup_teardown_taskflow.py
[2025-03-20T15:01:34.539-0500] {logging_mixin.py:190} INFO - [2025-03-20T15:01:34.539-0500] {dag.py:3211} INFO - Sync 1 DAGs
[2025-03-20T15:01:34.552-0500] {logging_mixin.py:190} INFO - [2025-03-20T15:01:34.551-0500] {dag.py:4138} INFO - Setting next_dagrun for example_setup_teardown_taskflow to 2025-03-19 00:00:00+00:00, run_after=2025-03-20 00:00:00+00:00
[2025-03-20T15:01:34.567-0500] {processor.py:208} INFO - Processing /home/nicolas/Escritorio/proyecto/Proyecto_ETL/venv/lib/python3.8/site-packages/airflow/example_dags/example_setup_teardown_taskflow.py took 0.058 seconds
[2025-03-20T15:02:25.852-0500] {processor.py:186} INFO - Started process (PID=152399) to work on /home/nicolas/Escritorio/proyecto/Proyecto_ETL/venv/lib/python3.8/site-packages/airflow/example_dags/example_setup_teardown_taskflow.py
[2025-03-20T15:02:25.861-0500] {processor.py:914} INFO - Processing file /home/nicolas/Escritorio/proyecto/Proyecto_ETL/venv/lib/python3.8/site-packages/airflow/example_dags/example_setup_teardown_taskflow.py for tasks to queue
[2025-03-20T15:02:25.862-0500] {logging_mixin.py:190} INFO - [2025-03-20T15:02:25.861-0500] {dagbag.py:587} INFO - Filling up the DagBag from /home/nicolas/Escritorio/proyecto/Proyecto_ETL/venv/lib/python3.8/site-packages/airflow/example_dags/example_setup_teardown_taskflow.py
[2025-03-20T15:02:25.868-0500] {processor.py:925} INFO - DAG(s) 'example_setup_teardown_taskflow' retrieved from /home/nicolas/Escritorio/proyecto/Proyecto_ETL/venv/lib/python3.8/site-packages/airflow/example_dags/example_setup_teardown_taskflow.py
[2025-03-20T15:02:25.877-0500] {logging_mixin.py:190} INFO - [2025-03-20T15:02:25.877-0500] {dag.py:3211} INFO - Sync 1 DAGs
[2025-03-20T15:02:25.889-0500] {logging_mixin.py:190} INFO - [2025-03-20T15:02:25.888-0500] {dag.py:4138} INFO - Setting next_dagrun for example_setup_teardown_taskflow to 2025-03-19 00:00:00+00:00, run_after=2025-03-20 00:00:00+00:00
[2025-03-20T15:02:25.900-0500] {processor.py:208} INFO - Processing /home/nicolas/Escritorio/proyecto/Proyecto_ETL/venv/lib/python3.8/site-packages/airflow/example_dags/example_setup_teardown_taskflow.py took 0.052 seconds
