[2025-03-20T15:00:51.137-0500] {processor.py:186} INFO - Started process (PID=151823) to work on /home/nicolas/Escritorio/proyecto/Proyecto_ETL/venv/lib/python3.8/site-packages/airflow/example_dags/example_trigger_controller_dag.py
[2025-03-20T15:00:51.138-0500] {processor.py:914} INFO - Processing file /home/nicolas/Escritorio/proyecto/Proyecto_ETL/venv/lib/python3.8/site-packages/airflow/example_dags/example_trigger_controller_dag.py for tasks to queue
[2025-03-20T15:00:51.139-0500] {logging_mixin.py:190} INFO - [2025-03-20T15:00:51.139-0500] {dagbag.py:587} INFO - Filling up the DagBag from /home/nicolas/Escritorio/proyecto/Proyecto_ETL/venv/lib/python3.8/site-packages/airflow/example_dags/example_trigger_controller_dag.py
[2025-03-20T15:00:51.145-0500] {processor.py:925} INFO - DAG(s) 'example_trigger_controller_dag' retrieved from /home/nicolas/Escritorio/proyecto/Proyecto_ETL/venv/lib/python3.8/site-packages/airflow/example_dags/example_trigger_controller_dag.py
[2025-03-20T15:00:51.209-0500] {logging_mixin.py:190} INFO - [2025-03-20T15:00:51.209-0500] {override.py:1858} INFO - Created Permission View: can read on DAG:example_trigger_controller_dag
[2025-03-20T15:00:51.216-0500] {logging_mixin.py:190} INFO - [2025-03-20T15:00:51.216-0500] {override.py:1858} INFO - Created Permission View: can edit on DAG:example_trigger_controller_dag
[2025-03-20T15:00:51.222-0500] {logging_mixin.py:190} INFO - [2025-03-20T15:00:51.221-0500] {override.py:1858} INFO - Created Permission View: can delete on DAG:example_trigger_controller_dag
[2025-03-20T15:00:51.222-0500] {logging_mixin.py:190} INFO - [2025-03-20T15:00:51.222-0500] {dag.py:3211} INFO - Sync 1 DAGs
[2025-03-20T15:00:51.229-0500] {logging_mixin.py:190} INFO - [2025-03-20T15:00:51.229-0500] {dag.py:3234} INFO - Creating ORM DAG for example_trigger_controller_dag
[2025-03-20T15:00:51.234-0500] {logging_mixin.py:190} INFO - [2025-03-20T15:00:51.234-0500] {dag.py:4138} INFO - Setting next_dagrun for example_trigger_controller_dag to 2021-01-01 00:00:00+00:00, run_after=2021-01-01 00:00:00+00:00
[2025-03-20T15:00:51.247-0500] {processor.py:208} INFO - Processing /home/nicolas/Escritorio/proyecto/Proyecto_ETL/venv/lib/python3.8/site-packages/airflow/example_dags/example_trigger_controller_dag.py took 0.114 seconds
[2025-03-20T15:01:45.809-0500] {processor.py:186} INFO - Started process (PID=152142) to work on /home/nicolas/Escritorio/proyecto/Proyecto_ETL/venv/lib/python3.8/site-packages/airflow/example_dags/example_trigger_controller_dag.py
[2025-03-20T15:01:45.817-0500] {processor.py:914} INFO - Processing file /home/nicolas/Escritorio/proyecto/Proyecto_ETL/venv/lib/python3.8/site-packages/airflow/example_dags/example_trigger_controller_dag.py for tasks to queue
[2025-03-20T15:01:45.820-0500] {logging_mixin.py:190} INFO - [2025-03-20T15:01:45.819-0500] {dagbag.py:587} INFO - Filling up the DagBag from /home/nicolas/Escritorio/proyecto/Proyecto_ETL/venv/lib/python3.8/site-packages/airflow/example_dags/example_trigger_controller_dag.py
[2025-03-20T15:01:45.824-0500] {processor.py:925} INFO - DAG(s) 'example_trigger_controller_dag' retrieved from /home/nicolas/Escritorio/proyecto/Proyecto_ETL/venv/lib/python3.8/site-packages/airflow/example_dags/example_trigger_controller_dag.py
[2025-03-20T15:01:45.833-0500] {logging_mixin.py:190} INFO - [2025-03-20T15:01:45.833-0500] {dag.py:3211} INFO - Sync 1 DAGs
[2025-03-20T15:01:45.845-0500] {logging_mixin.py:190} INFO - [2025-03-20T15:01:45.844-0500] {dag.py:4138} INFO - Setting next_dagrun for example_trigger_controller_dag to 2021-01-01 00:00:00+00:00, run_after=2021-01-01 00:00:00+00:00
[2025-03-20T15:01:45.858-0500] {processor.py:208} INFO - Processing /home/nicolas/Escritorio/proyecto/Proyecto_ETL/venv/lib/python3.8/site-packages/airflow/example_dags/example_trigger_controller_dag.py took 0.054 seconds
[2025-03-20T15:02:42.357-0500] {processor.py:186} INFO - Started process (PID=152421) to work on /home/nicolas/Escritorio/proyecto/Proyecto_ETL/venv/lib/python3.8/site-packages/airflow/example_dags/example_trigger_controller_dag.py
[2025-03-20T15:02:42.366-0500] {processor.py:914} INFO - Processing file /home/nicolas/Escritorio/proyecto/Proyecto_ETL/venv/lib/python3.8/site-packages/airflow/example_dags/example_trigger_controller_dag.py for tasks to queue
[2025-03-20T15:02:42.367-0500] {logging_mixin.py:190} INFO - [2025-03-20T15:02:42.366-0500] {dagbag.py:587} INFO - Filling up the DagBag from /home/nicolas/Escritorio/proyecto/Proyecto_ETL/venv/lib/python3.8/site-packages/airflow/example_dags/example_trigger_controller_dag.py
[2025-03-20T15:02:42.370-0500] {processor.py:925} INFO - DAG(s) 'example_trigger_controller_dag' retrieved from /home/nicolas/Escritorio/proyecto/Proyecto_ETL/venv/lib/python3.8/site-packages/airflow/example_dags/example_trigger_controller_dag.py
[2025-03-20T15:02:42.378-0500] {logging_mixin.py:190} INFO - [2025-03-20T15:02:42.378-0500] {dag.py:3211} INFO - Sync 1 DAGs
[2025-03-20T15:02:42.392-0500] {logging_mixin.py:190} INFO - [2025-03-20T15:02:42.392-0500] {dag.py:4138} INFO - Setting next_dagrun for example_trigger_controller_dag to 2021-01-01 00:00:00+00:00, run_after=2021-01-01 00:00:00+00:00
[2025-03-20T15:02:42.404-0500] {processor.py:208} INFO - Processing /home/nicolas/Escritorio/proyecto/Proyecto_ETL/venv/lib/python3.8/site-packages/airflow/example_dags/example_trigger_controller_dag.py took 0.051 seconds
