[2025-03-20T15:00:42.182-0500] {processor.py:186} INFO - Started process (PID=151752) to work on /home/nicolas/Escritorio/proyecto/Proyecto_ETL/venv/lib/python3.8/site-packages/airflow/example_dags/example_skip_dag.py
[2025-03-20T15:00:42.183-0500] {processor.py:914} INFO - Processing file /home/nicolas/Escritorio/proyecto/Proyecto_ETL/venv/lib/python3.8/site-packages/airflow/example_dags/example_skip_dag.py for tasks to queue
[2025-03-20T15:00:42.184-0500] {logging_mixin.py:190} INFO - [2025-03-20T15:00:42.184-0500] {dagbag.py:587} INFO - Filling up the DagBag from /home/nicolas/Escritorio/proyecto/Proyecto_ETL/venv/lib/python3.8/site-packages/airflow/example_dags/example_skip_dag.py
[2025-03-20T15:00:42.188-0500] {processor.py:925} INFO - DAG(s) 'example_skip_dag' retrieved from /home/nicolas/Escritorio/proyecto/Proyecto_ETL/venv/lib/python3.8/site-packages/airflow/example_dags/example_skip_dag.py
[2025-03-20T15:00:42.271-0500] {logging_mixin.py:190} INFO - [2025-03-20T15:00:42.271-0500] {override.py:1858} INFO - Created Permission View: can read on DAG:example_skip_dag
[2025-03-20T15:00:42.278-0500] {logging_mixin.py:190} INFO - [2025-03-20T15:00:42.278-0500] {override.py:1858} INFO - Created Permission View: can edit on DAG:example_skip_dag
[2025-03-20T15:00:42.283-0500] {logging_mixin.py:190} INFO - [2025-03-20T15:00:42.283-0500] {override.py:1858} INFO - Created Permission View: can delete on DAG:example_skip_dag
[2025-03-20T15:00:42.283-0500] {logging_mixin.py:190} INFO - [2025-03-20T15:00:42.283-0500] {dag.py:3211} INFO - Sync 1 DAGs
[2025-03-20T15:00:42.289-0500] {logging_mixin.py:190} INFO - [2025-03-20T15:00:42.289-0500] {dag.py:3234} INFO - Creating ORM DAG for example_skip_dag
[2025-03-20T15:00:42.294-0500] {logging_mixin.py:190} INFO - [2025-03-20T15:00:42.293-0500] {dag.py:4138} INFO - Setting next_dagrun for example_skip_dag to 2025-03-19 00:00:00+00:00, run_after=2025-03-20 00:00:00+00:00
[2025-03-20T15:00:42.305-0500] {processor.py:208} INFO - Processing /home/nicolas/Escritorio/proyecto/Proyecto_ETL/venv/lib/python3.8/site-packages/airflow/example_dags/example_skip_dag.py took 0.125 seconds
[2025-03-20T15:01:38.392-0500] {processor.py:186} INFO - Started process (PID=152131) to work on /home/nicolas/Escritorio/proyecto/Proyecto_ETL/venv/lib/python3.8/site-packages/airflow/example_dags/example_skip_dag.py
[2025-03-20T15:01:38.401-0500] {processor.py:914} INFO - Processing file /home/nicolas/Escritorio/proyecto/Proyecto_ETL/venv/lib/python3.8/site-packages/airflow/example_dags/example_skip_dag.py for tasks to queue
[2025-03-20T15:01:38.403-0500] {logging_mixin.py:190} INFO - [2025-03-20T15:01:38.402-0500] {dagbag.py:587} INFO - Filling up the DagBag from /home/nicolas/Escritorio/proyecto/Proyecto_ETL/venv/lib/python3.8/site-packages/airflow/example_dags/example_skip_dag.py
[2025-03-20T15:01:38.409-0500] {processor.py:925} INFO - DAG(s) 'example_skip_dag' retrieved from /home/nicolas/Escritorio/proyecto/Proyecto_ETL/venv/lib/python3.8/site-packages/airflow/example_dags/example_skip_dag.py
[2025-03-20T15:01:38.418-0500] {logging_mixin.py:190} INFO - [2025-03-20T15:01:38.418-0500] {dag.py:3211} INFO - Sync 1 DAGs
[2025-03-20T15:01:38.430-0500] {logging_mixin.py:190} INFO - [2025-03-20T15:01:38.430-0500] {dag.py:4138} INFO - Setting next_dagrun for example_skip_dag to 2025-03-19 00:00:00+00:00, run_after=2025-03-20 00:00:00+00:00
[2025-03-20T15:01:38.443-0500] {processor.py:208} INFO - Processing /home/nicolas/Escritorio/proyecto/Proyecto_ETL/venv/lib/python3.8/site-packages/airflow/example_dags/example_skip_dag.py took 0.056 seconds
[2025-03-20T15:02:30.411-0500] {processor.py:186} INFO - Started process (PID=152403) to work on /home/nicolas/Escritorio/proyecto/Proyecto_ETL/venv/lib/python3.8/site-packages/airflow/example_dags/example_skip_dag.py
[2025-03-20T15:02:30.420-0500] {processor.py:914} INFO - Processing file /home/nicolas/Escritorio/proyecto/Proyecto_ETL/venv/lib/python3.8/site-packages/airflow/example_dags/example_skip_dag.py for tasks to queue
[2025-03-20T15:02:30.421-0500] {logging_mixin.py:190} INFO - [2025-03-20T15:02:30.421-0500] {dagbag.py:587} INFO - Filling up the DagBag from /home/nicolas/Escritorio/proyecto/Proyecto_ETL/venv/lib/python3.8/site-packages/airflow/example_dags/example_skip_dag.py
[2025-03-20T15:02:30.425-0500] {processor.py:925} INFO - DAG(s) 'example_skip_dag' retrieved from /home/nicolas/Escritorio/proyecto/Proyecto_ETL/venv/lib/python3.8/site-packages/airflow/example_dags/example_skip_dag.py
[2025-03-20T15:02:30.434-0500] {logging_mixin.py:190} INFO - [2025-03-20T15:02:30.434-0500] {dag.py:3211} INFO - Sync 1 DAGs
[2025-03-20T15:02:30.445-0500] {logging_mixin.py:190} INFO - [2025-03-20T15:02:30.444-0500] {dag.py:4138} INFO - Setting next_dagrun for example_skip_dag to 2025-03-19 00:00:00+00:00, run_after=2025-03-20 00:00:00+00:00
[2025-03-20T15:02:30.455-0500] {processor.py:208} INFO - Processing /home/nicolas/Escritorio/proyecto/Proyecto_ETL/venv/lib/python3.8/site-packages/airflow/example_dags/example_skip_dag.py took 0.049 seconds
