[2025-03-20T15:00:34.153-0500] {processor.py:186} INFO - Started process (PID=151743) to work on /home/nicolas/Escritorio/proyecto/Proyecto_ETL/venv/lib/python3.8/site-packages/airflow/example_dags/example_display_name.py
[2025-03-20T15:00:34.154-0500] {processor.py:914} INFO - Processing file /home/nicolas/Escritorio/proyecto/Proyecto_ETL/venv/lib/python3.8/site-packages/airflow/example_dags/example_display_name.py for tasks to queue
[2025-03-20T15:00:34.155-0500] {logging_mixin.py:190} INFO - [2025-03-20T15:00:34.155-0500] {dagbag.py:587} INFO - Filling up the DagBag from /home/nicolas/Escritorio/proyecto/Proyecto_ETL/venv/lib/python3.8/site-packages/airflow/example_dags/example_display_name.py
[2025-03-20T15:00:34.160-0500] {processor.py:925} INFO - DAG(s) 'example_display_name' retrieved from /home/nicolas/Escritorio/proyecto/Proyecto_ETL/venv/lib/python3.8/site-packages/airflow/example_dags/example_display_name.py
[2025-03-20T15:00:34.244-0500] {logging_mixin.py:190} INFO - [2025-03-20T15:00:34.243-0500] {override.py:1858} INFO - Created Permission View: can read on DAG:example_display_name
[2025-03-20T15:00:34.253-0500] {logging_mixin.py:190} INFO - [2025-03-20T15:00:34.252-0500] {override.py:1858} INFO - Created Permission View: can edit on DAG:example_display_name
[2025-03-20T15:00:34.258-0500] {logging_mixin.py:190} INFO - [2025-03-20T15:00:34.258-0500] {override.py:1858} INFO - Created Permission View: can delete on DAG:example_display_name
[2025-03-20T15:00:34.258-0500] {logging_mixin.py:190} INFO - [2025-03-20T15:00:34.258-0500] {dag.py:3211} INFO - Sync 1 DAGs
[2025-03-20T15:00:34.265-0500] {logging_mixin.py:190} INFO - [2025-03-20T15:00:34.265-0500] {dag.py:3234} INFO - Creating ORM DAG for example_display_name
[2025-03-20T15:00:34.265-0500] {logging_mixin.py:190} INFO - [2025-03-20T15:00:34.265-0500] {dag.py:4138} INFO - Setting next_dagrun for example_display_name to None, run_after=None
[2025-03-20T15:00:34.277-0500] {processor.py:208} INFO - Processing /home/nicolas/Escritorio/proyecto/Proyecto_ETL/venv/lib/python3.8/site-packages/airflow/example_dags/example_display_name.py took 0.128 seconds
[2025-03-20T15:01:31.646-0500] {processor.py:186} INFO - Started process (PID=152120) to work on /home/nicolas/Escritorio/proyecto/Proyecto_ETL/venv/lib/python3.8/site-packages/airflow/example_dags/example_display_name.py
[2025-03-20T15:01:31.654-0500] {processor.py:914} INFO - Processing file /home/nicolas/Escritorio/proyecto/Proyecto_ETL/venv/lib/python3.8/site-packages/airflow/example_dags/example_display_name.py for tasks to queue
[2025-03-20T15:01:31.656-0500] {logging_mixin.py:190} INFO - [2025-03-20T15:01:31.655-0500] {dagbag.py:587} INFO - Filling up the DagBag from /home/nicolas/Escritorio/proyecto/Proyecto_ETL/venv/lib/python3.8/site-packages/airflow/example_dags/example_display_name.py
[2025-03-20T15:01:31.660-0500] {processor.py:925} INFO - DAG(s) 'example_display_name' retrieved from /home/nicolas/Escritorio/proyecto/Proyecto_ETL/venv/lib/python3.8/site-packages/airflow/example_dags/example_display_name.py
[2025-03-20T15:01:31.669-0500] {logging_mixin.py:190} INFO - [2025-03-20T15:01:31.669-0500] {dag.py:3211} INFO - Sync 1 DAGs
[2025-03-20T15:01:31.678-0500] {logging_mixin.py:190} INFO - [2025-03-20T15:01:31.678-0500] {dag.py:4138} INFO - Setting next_dagrun for example_display_name to None, run_after=None
[2025-03-20T15:01:31.691-0500] {processor.py:208} INFO - Processing /home/nicolas/Escritorio/proyecto/Proyecto_ETL/venv/lib/python3.8/site-packages/airflow/example_dags/example_display_name.py took 0.050 seconds
[2025-03-20T15:02:21.670-0500] {processor.py:186} INFO - Started process (PID=152360) to work on /home/nicolas/Escritorio/proyecto/Proyecto_ETL/venv/lib/python3.8/site-packages/airflow/example_dags/example_display_name.py
[2025-03-20T15:02:21.678-0500] {processor.py:914} INFO - Processing file /home/nicolas/Escritorio/proyecto/Proyecto_ETL/venv/lib/python3.8/site-packages/airflow/example_dags/example_display_name.py for tasks to queue
[2025-03-20T15:02:21.680-0500] {logging_mixin.py:190} INFO - [2025-03-20T15:02:21.680-0500] {dagbag.py:587} INFO - Filling up the DagBag from /home/nicolas/Escritorio/proyecto/Proyecto_ETL/venv/lib/python3.8/site-packages/airflow/example_dags/example_display_name.py
[2025-03-20T15:02:21.688-0500] {processor.py:925} INFO - DAG(s) 'example_display_name' retrieved from /home/nicolas/Escritorio/proyecto/Proyecto_ETL/venv/lib/python3.8/site-packages/airflow/example_dags/example_display_name.py
[2025-03-20T15:02:21.696-0500] {logging_mixin.py:190} INFO - [2025-03-20T15:02:21.696-0500] {dag.py:3211} INFO - Sync 1 DAGs
[2025-03-20T15:02:21.704-0500] {logging_mixin.py:190} INFO - [2025-03-20T15:02:21.704-0500] {dag.py:4138} INFO - Setting next_dagrun for example_display_name to None, run_after=None
[2025-03-20T15:02:21.718-0500] {processor.py:208} INFO - Processing /home/nicolas/Escritorio/proyecto/Proyecto_ETL/venv/lib/python3.8/site-packages/airflow/example_dags/example_display_name.py took 0.057 seconds
