[2025-03-20T15:00:57.743-0500] {processor.py:186} INFO - Started process (PID=151922) to work on /home/nicolas/Escritorio/proyecto/Proyecto_ETL/venv/lib/python3.8/site-packages/airflow/example_dags/example_branch_labels.py
[2025-03-20T15:00:57.744-0500] {processor.py:914} INFO - Processing file /home/nicolas/Escritorio/proyecto/Proyecto_ETL/venv/lib/python3.8/site-packages/airflow/example_dags/example_branch_labels.py for tasks to queue
[2025-03-20T15:00:57.745-0500] {logging_mixin.py:190} INFO - [2025-03-20T15:00:57.744-0500] {dagbag.py:587} INFO - Filling up the DagBag from /home/nicolas/Escritorio/proyecto/Proyecto_ETL/venv/lib/python3.8/site-packages/airflow/example_dags/example_branch_labels.py
[2025-03-20T15:00:57.750-0500] {processor.py:925} INFO - DAG(s) 'example_branch_labels' retrieved from /home/nicolas/Escritorio/proyecto/Proyecto_ETL/venv/lib/python3.8/site-packages/airflow/example_dags/example_branch_labels.py
[2025-03-20T15:00:57.815-0500] {logging_mixin.py:190} INFO - [2025-03-20T15:00:57.815-0500] {override.py:1858} INFO - Created Permission View: can read on DAG:example_branch_labels
[2025-03-20T15:00:57.822-0500] {logging_mixin.py:190} INFO - [2025-03-20T15:00:57.822-0500] {override.py:1858} INFO - Created Permission View: can edit on DAG:example_branch_labels
[2025-03-20T15:00:57.828-0500] {logging_mixin.py:190} INFO - [2025-03-20T15:00:57.828-0500] {override.py:1858} INFO - Created Permission View: can delete on DAG:example_branch_labels
[2025-03-20T15:00:57.828-0500] {logging_mixin.py:190} INFO - [2025-03-20T15:00:57.828-0500] {dag.py:3211} INFO - Sync 1 DAGs
[2025-03-20T15:00:57.835-0500] {logging_mixin.py:190} INFO - [2025-03-20T15:00:57.834-0500] {dag.py:3234} INFO - Creating ORM DAG for example_branch_labels
[2025-03-20T15:00:57.841-0500] {logging_mixin.py:190} INFO - [2025-03-20T15:00:57.841-0500] {dag.py:4138} INFO - Setting next_dagrun for example_branch_labels to 2025-03-19 00:00:00+00:00, run_after=2025-03-20 00:00:00+00:00
[2025-03-20T15:00:57.853-0500] {processor.py:208} INFO - Processing /home/nicolas/Escritorio/proyecto/Proyecto_ETL/venv/lib/python3.8/site-packages/airflow/example_dags/example_branch_labels.py took 0.114 seconds
[2025-03-20T15:01:52.112-0500] {processor.py:186} INFO - Started process (PID=152179) to work on /home/nicolas/Escritorio/proyecto/Proyecto_ETL/venv/lib/python3.8/site-packages/airflow/example_dags/example_branch_labels.py
[2025-03-20T15:01:52.121-0500] {processor.py:914} INFO - Processing file /home/nicolas/Escritorio/proyecto/Proyecto_ETL/venv/lib/python3.8/site-packages/airflow/example_dags/example_branch_labels.py for tasks to queue
[2025-03-20T15:01:52.124-0500] {logging_mixin.py:190} INFO - [2025-03-20T15:01:52.123-0500] {dagbag.py:587} INFO - Filling up the DagBag from /home/nicolas/Escritorio/proyecto/Proyecto_ETL/venv/lib/python3.8/site-packages/airflow/example_dags/example_branch_labels.py
[2025-03-20T15:01:52.130-0500] {processor.py:925} INFO - DAG(s) 'example_branch_labels' retrieved from /home/nicolas/Escritorio/proyecto/Proyecto_ETL/venv/lib/python3.8/site-packages/airflow/example_dags/example_branch_labels.py
[2025-03-20T15:01:52.139-0500] {logging_mixin.py:190} INFO - [2025-03-20T15:01:52.139-0500] {dag.py:3211} INFO - Sync 1 DAGs
[2025-03-20T15:01:52.150-0500] {logging_mixin.py:190} INFO - [2025-03-20T15:01:52.150-0500] {dag.py:4138} INFO - Setting next_dagrun for example_branch_labels to 2025-03-19 00:00:00+00:00, run_after=2025-03-20 00:00:00+00:00
[2025-03-20T15:01:52.160-0500] {processor.py:208} INFO - Processing /home/nicolas/Escritorio/proyecto/Proyecto_ETL/venv/lib/python3.8/site-packages/airflow/example_dags/example_branch_labels.py took 0.062 seconds
[2025-03-20T15:02:48.620-0500] {processor.py:186} INFO - Started process (PID=152487) to work on /home/nicolas/Escritorio/proyecto/Proyecto_ETL/venv/lib/python3.8/site-packages/airflow/example_dags/example_branch_labels.py
[2025-03-20T15:02:48.629-0500] {processor.py:914} INFO - Processing file /home/nicolas/Escritorio/proyecto/Proyecto_ETL/venv/lib/python3.8/site-packages/airflow/example_dags/example_branch_labels.py for tasks to queue
[2025-03-20T15:02:48.632-0500] {logging_mixin.py:190} INFO - [2025-03-20T15:02:48.632-0500] {dagbag.py:587} INFO - Filling up the DagBag from /home/nicolas/Escritorio/proyecto/Proyecto_ETL/venv/lib/python3.8/site-packages/airflow/example_dags/example_branch_labels.py
[2025-03-20T15:02:48.642-0500] {processor.py:925} INFO - DAG(s) 'example_branch_labels' retrieved from /home/nicolas/Escritorio/proyecto/Proyecto_ETL/venv/lib/python3.8/site-packages/airflow/example_dags/example_branch_labels.py
[2025-03-20T15:02:48.651-0500] {logging_mixin.py:190} INFO - [2025-03-20T15:02:48.651-0500] {dag.py:3211} INFO - Sync 1 DAGs
[2025-03-20T15:02:48.661-0500] {logging_mixin.py:190} INFO - [2025-03-20T15:02:48.661-0500] {dag.py:4138} INFO - Setting next_dagrun for example_branch_labels to 2025-03-19 00:00:00+00:00, run_after=2025-03-20 00:00:00+00:00
[2025-03-20T15:02:48.672-0500] {processor.py:208} INFO - Processing /home/nicolas/Escritorio/proyecto/Proyecto_ETL/venv/lib/python3.8/site-packages/airflow/example_dags/example_branch_labels.py took 0.061 seconds
