[2025-03-20T15:00:56.513-0500] {processor.py:186} INFO - Started process (PID=151921) to work on /home/nicolas/Escritorio/proyecto/Proyecto_ETL/venv/lib/python3.8/site-packages/airflow/example_dags/example_complex.py
[2025-03-20T15:00:56.513-0500] {processor.py:914} INFO - Processing file /home/nicolas/Escritorio/proyecto/Proyecto_ETL/venv/lib/python3.8/site-packages/airflow/example_dags/example_complex.py for tasks to queue
[2025-03-20T15:00:56.514-0500] {logging_mixin.py:190} INFO - [2025-03-20T15:00:56.514-0500] {dagbag.py:587} INFO - Filling up the DagBag from /home/nicolas/Escritorio/proyecto/Proyecto_ETL/venv/lib/python3.8/site-packages/airflow/example_dags/example_complex.py
[2025-03-20T15:00:56.522-0500] {processor.py:925} INFO - DAG(s) 'example_complex' retrieved from /home/nicolas/Escritorio/proyecto/Proyecto_ETL/venv/lib/python3.8/site-packages/airflow/example_dags/example_complex.py
[2025-03-20T15:00:56.592-0500] {logging_mixin.py:190} INFO - [2025-03-20T15:00:56.591-0500] {override.py:1858} INFO - Created Permission View: can read on DAG:example_complex
[2025-03-20T15:00:56.599-0500] {logging_mixin.py:190} INFO - [2025-03-20T15:00:56.599-0500] {override.py:1858} INFO - Created Permission View: can edit on DAG:example_complex
[2025-03-20T15:00:56.604-0500] {logging_mixin.py:190} INFO - [2025-03-20T15:00:56.604-0500] {override.py:1858} INFO - Created Permission View: can delete on DAG:example_complex
[2025-03-20T15:00:56.604-0500] {logging_mixin.py:190} INFO - [2025-03-20T15:00:56.604-0500] {dag.py:3211} INFO - Sync 1 DAGs
[2025-03-20T15:00:56.610-0500] {logging_mixin.py:190} INFO - [2025-03-20T15:00:56.610-0500] {dag.py:3234} INFO - Creating ORM DAG for example_complex
[2025-03-20T15:00:56.611-0500] {logging_mixin.py:190} INFO - [2025-03-20T15:00:56.611-0500] {dag.py:4138} INFO - Setting next_dagrun for example_complex to None, run_after=None
[2025-03-20T15:00:56.623-0500] {processor.py:208} INFO - Processing /home/nicolas/Escritorio/proyecto/Proyecto_ETL/venv/lib/python3.8/site-packages/airflow/example_dags/example_complex.py took 0.114 seconds
[2025-03-20T15:01:50.958-0500] {processor.py:186} INFO - Started process (PID=152178) to work on /home/nicolas/Escritorio/proyecto/Proyecto_ETL/venv/lib/python3.8/site-packages/airflow/example_dags/example_complex.py
[2025-03-20T15:01:50.966-0500] {processor.py:914} INFO - Processing file /home/nicolas/Escritorio/proyecto/Proyecto_ETL/venv/lib/python3.8/site-packages/airflow/example_dags/example_complex.py for tasks to queue
[2025-03-20T15:01:50.969-0500] {logging_mixin.py:190} INFO - [2025-03-20T15:01:50.968-0500] {dagbag.py:587} INFO - Filling up the DagBag from /home/nicolas/Escritorio/proyecto/Proyecto_ETL/venv/lib/python3.8/site-packages/airflow/example_dags/example_complex.py
[2025-03-20T15:01:50.980-0500] {processor.py:925} INFO - DAG(s) 'example_complex' retrieved from /home/nicolas/Escritorio/proyecto/Proyecto_ETL/venv/lib/python3.8/site-packages/airflow/example_dags/example_complex.py
[2025-03-20T15:01:50.994-0500] {logging_mixin.py:190} INFO - [2025-03-20T15:01:50.994-0500] {dag.py:3211} INFO - Sync 1 DAGs
[2025-03-20T15:01:51.000-0500] {logging_mixin.py:190} INFO - [2025-03-20T15:01:51.000-0500] {dag.py:4138} INFO - Setting next_dagrun for example_complex to None, run_after=None
[2025-03-20T15:01:51.012-0500] {processor.py:208} INFO - Processing /home/nicolas/Escritorio/proyecto/Proyecto_ETL/venv/lib/python3.8/site-packages/airflow/example_dags/example_complex.py took 0.059 seconds
[2025-03-20T15:02:47.485-0500] {processor.py:186} INFO - Started process (PID=152486) to work on /home/nicolas/Escritorio/proyecto/Proyecto_ETL/venv/lib/python3.8/site-packages/airflow/example_dags/example_complex.py
[2025-03-20T15:02:47.485-0500] {processor.py:914} INFO - Processing file /home/nicolas/Escritorio/proyecto/Proyecto_ETL/venv/lib/python3.8/site-packages/airflow/example_dags/example_complex.py for tasks to queue
[2025-03-20T15:02:47.486-0500] {logging_mixin.py:190} INFO - [2025-03-20T15:02:47.486-0500] {dagbag.py:587} INFO - Filling up the DagBag from /home/nicolas/Escritorio/proyecto/Proyecto_ETL/venv/lib/python3.8/site-packages/airflow/example_dags/example_complex.py
[2025-03-20T15:02:47.494-0500] {processor.py:925} INFO - DAG(s) 'example_complex' retrieved from /home/nicolas/Escritorio/proyecto/Proyecto_ETL/venv/lib/python3.8/site-packages/airflow/example_dags/example_complex.py
[2025-03-20T15:02:47.509-0500] {logging_mixin.py:190} INFO - [2025-03-20T15:02:47.509-0500] {dag.py:3211} INFO - Sync 1 DAGs
[2025-03-20T15:02:47.517-0500] {logging_mixin.py:190} INFO - [2025-03-20T15:02:47.516-0500] {dag.py:4138} INFO - Setting next_dagrun for example_complex to None, run_after=None
[2025-03-20T15:02:47.528-0500] {processor.py:208} INFO - Processing /home/nicolas/Escritorio/proyecto/Proyecto_ETL/venv/lib/python3.8/site-packages/airflow/example_dags/example_complex.py took 0.048 seconds
