[2025-03-20T15:00:40.644-0500] {processor.py:186} INFO - Started process (PID=151750) to work on /home/nicolas/Escritorio/proyecto/Proyecto_ETL/venv/lib/python3.8/site-packages/airflow/example_dags/example_branch_operator_decorator.py
[2025-03-20T15:00:40.645-0500] {processor.py:914} INFO - Processing file /home/nicolas/Escritorio/proyecto/Proyecto_ETL/venv/lib/python3.8/site-packages/airflow/example_dags/example_branch_operator_decorator.py for tasks to queue
[2025-03-20T15:00:40.646-0500] {logging_mixin.py:190} INFO - [2025-03-20T15:00:40.645-0500] {dagbag.py:587} INFO - Filling up the DagBag from /home/nicolas/Escritorio/proyecto/Proyecto_ETL/venv/lib/python3.8/site-packages/airflow/example_dags/example_branch_operator_decorator.py
[2025-03-20T15:00:40.658-0500] {processor.py:925} INFO - DAG(s) 'example_branch_python_operator_decorator' retrieved from /home/nicolas/Escritorio/proyecto/Proyecto_ETL/venv/lib/python3.8/site-packages/airflow/example_dags/example_branch_operator_decorator.py
[2025-03-20T15:00:40.750-0500] {logging_mixin.py:190} INFO - [2025-03-20T15:00:40.750-0500] {override.py:1858} INFO - Created Permission View: can read on DAG:example_branch_python_operator_decorator
[2025-03-20T15:00:40.757-0500] {logging_mixin.py:190} INFO - [2025-03-20T15:00:40.757-0500] {override.py:1858} INFO - Created Permission View: can edit on DAG:example_branch_python_operator_decorator
[2025-03-20T15:00:40.763-0500] {logging_mixin.py:190} INFO - [2025-03-20T15:00:40.763-0500] {override.py:1858} INFO - Created Permission View: can delete on DAG:example_branch_python_operator_decorator
[2025-03-20T15:00:40.763-0500] {logging_mixin.py:190} INFO - [2025-03-20T15:00:40.763-0500] {dag.py:3211} INFO - Sync 1 DAGs
[2025-03-20T15:00:40.770-0500] {logging_mixin.py:190} INFO - [2025-03-20T15:00:40.770-0500] {dag.py:3234} INFO - Creating ORM DAG for example_branch_python_operator_decorator
[2025-03-20T15:00:40.775-0500] {logging_mixin.py:190} INFO - [2025-03-20T15:00:40.775-0500] {dag.py:4138} INFO - Setting next_dagrun for example_branch_python_operator_decorator to 2025-03-19 00:00:00+00:00, run_after=2025-03-20 00:00:00+00:00
[2025-03-20T15:00:40.786-0500] {processor.py:208} INFO - Processing /home/nicolas/Escritorio/proyecto/Proyecto_ETL/venv/lib/python3.8/site-packages/airflow/example_dags/example_branch_operator_decorator.py took 0.146 seconds
[2025-03-20T15:01:36.789-0500] {processor.py:186} INFO - Started process (PID=152129) to work on /home/nicolas/Escritorio/proyecto/Proyecto_ETL/venv/lib/python3.8/site-packages/airflow/example_dags/example_branch_operator_decorator.py
[2025-03-20T15:01:36.797-0500] {processor.py:914} INFO - Processing file /home/nicolas/Escritorio/proyecto/Proyecto_ETL/venv/lib/python3.8/site-packages/airflow/example_dags/example_branch_operator_decorator.py for tasks to queue
[2025-03-20T15:01:36.798-0500] {logging_mixin.py:190} INFO - [2025-03-20T15:01:36.798-0500] {dagbag.py:587} INFO - Filling up the DagBag from /home/nicolas/Escritorio/proyecto/Proyecto_ETL/venv/lib/python3.8/site-packages/airflow/example_dags/example_branch_operator_decorator.py
[2025-03-20T15:01:36.813-0500] {processor.py:925} INFO - DAG(s) 'example_branch_python_operator_decorator' retrieved from /home/nicolas/Escritorio/proyecto/Proyecto_ETL/venv/lib/python3.8/site-packages/airflow/example_dags/example_branch_operator_decorator.py
[2025-03-20T15:01:36.828-0500] {logging_mixin.py:190} INFO - [2025-03-20T15:01:36.828-0500] {dag.py:3211} INFO - Sync 1 DAGs
[2025-03-20T15:01:36.842-0500] {logging_mixin.py:190} INFO - [2025-03-20T15:01:36.842-0500] {dag.py:4138} INFO - Setting next_dagrun for example_branch_python_operator_decorator to 2025-03-19 00:00:00+00:00, run_after=2025-03-20 00:00:00+00:00
[2025-03-20T15:01:36.857-0500] {processor.py:208} INFO - Processing /home/nicolas/Escritorio/proyecto/Proyecto_ETL/venv/lib/python3.8/site-packages/airflow/example_dags/example_branch_operator_decorator.py took 0.074 seconds
[2025-03-20T15:02:28.143-0500] {processor.py:186} INFO - Started process (PID=152401) to work on /home/nicolas/Escritorio/proyecto/Proyecto_ETL/venv/lib/python3.8/site-packages/airflow/example_dags/example_branch_operator_decorator.py
[2025-03-20T15:02:28.151-0500] {processor.py:914} INFO - Processing file /home/nicolas/Escritorio/proyecto/Proyecto_ETL/venv/lib/python3.8/site-packages/airflow/example_dags/example_branch_operator_decorator.py for tasks to queue
[2025-03-20T15:02:28.152-0500] {logging_mixin.py:190} INFO - [2025-03-20T15:02:28.152-0500] {dagbag.py:587} INFO - Filling up the DagBag from /home/nicolas/Escritorio/proyecto/Proyecto_ETL/venv/lib/python3.8/site-packages/airflow/example_dags/example_branch_operator_decorator.py
[2025-03-20T15:02:28.164-0500] {processor.py:925} INFO - DAG(s) 'example_branch_python_operator_decorator' retrieved from /home/nicolas/Escritorio/proyecto/Proyecto_ETL/venv/lib/python3.8/site-packages/airflow/example_dags/example_branch_operator_decorator.py
[2025-03-20T15:02:28.179-0500] {logging_mixin.py:190} INFO - [2025-03-20T15:02:28.178-0500] {dag.py:3211} INFO - Sync 1 DAGs
[2025-03-20T15:02:28.191-0500] {logging_mixin.py:190} INFO - [2025-03-20T15:02:28.191-0500] {dag.py:4138} INFO - Setting next_dagrun for example_branch_python_operator_decorator to 2025-03-19 00:00:00+00:00, run_after=2025-03-20 00:00:00+00:00
[2025-03-20T15:02:28.213-0500] {processor.py:208} INFO - Processing /home/nicolas/Escritorio/proyecto/Proyecto_ETL/venv/lib/python3.8/site-packages/airflow/example_dags/example_branch_operator_decorator.py took 0.075 seconds
