[2025-03-20T15:01:00.500-0500] {processor.py:186} INFO - Started process (PID=151925) to work on /home/nicolas/Escritorio/proyecto/Proyecto_ETL/venv/lib/python3.8/site-packages/airflow/example_dags/example_inlet_event_extra.py
[2025-03-20T15:01:00.500-0500] {processor.py:914} INFO - Processing file /home/nicolas/Escritorio/proyecto/Proyecto_ETL/venv/lib/python3.8/site-packages/airflow/example_dags/example_inlet_event_extra.py for tasks to queue
[2025-03-20T15:01:00.502-0500] {logging_mixin.py:190} INFO - [2025-03-20T15:01:00.501-0500] {dagbag.py:587} INFO - Filling up the DagBag from /home/nicolas/Escritorio/proyecto/Proyecto_ETL/venv/lib/python3.8/site-packages/airflow/example_dags/example_inlet_event_extra.py
[2025-03-20T15:01:00.511-0500] {processor.py:925} INFO - DAG(s) 'read_dataset_event_from_classic', 'read_dataset_event' retrieved from /home/nicolas/Escritorio/proyecto/Proyecto_ETL/venv/lib/python3.8/site-packages/airflow/example_dags/example_inlet_event_extra.py
[2025-03-20T15:01:00.578-0500] {logging_mixin.py:190} INFO - [2025-03-20T15:01:00.578-0500] {override.py:1858} INFO - Created Permission View: can read on DAG:read_dataset_event_from_classic
[2025-03-20T15:01:00.585-0500] {logging_mixin.py:190} INFO - [2025-03-20T15:01:00.585-0500] {override.py:1858} INFO - Created Permission View: can edit on DAG:read_dataset_event_from_classic
[2025-03-20T15:01:00.591-0500] {logging_mixin.py:190} INFO - [2025-03-20T15:01:00.591-0500] {override.py:1858} INFO - Created Permission View: can delete on DAG:read_dataset_event_from_classic
[2025-03-20T15:01:00.601-0500] {logging_mixin.py:190} INFO - [2025-03-20T15:01:00.601-0500] {override.py:1858} INFO - Created Permission View: can read on DAG:read_dataset_event
[2025-03-20T15:01:00.608-0500] {logging_mixin.py:190} INFO - [2025-03-20T15:01:00.608-0500] {override.py:1858} INFO - Created Permission View: can edit on DAG:read_dataset_event
[2025-03-20T15:01:00.615-0500] {logging_mixin.py:190} INFO - [2025-03-20T15:01:00.614-0500] {override.py:1858} INFO - Created Permission View: can delete on DAG:read_dataset_event
[2025-03-20T15:01:00.615-0500] {logging_mixin.py:190} INFO - [2025-03-20T15:01:00.615-0500] {dag.py:3211} INFO - Sync 2 DAGs
[2025-03-20T15:01:00.622-0500] {logging_mixin.py:190} INFO - [2025-03-20T15:01:00.622-0500] {dag.py:3234} INFO - Creating ORM DAG for read_dataset_event_from_classic
[2025-03-20T15:01:00.623-0500] {logging_mixin.py:190} INFO - [2025-03-20T15:01:00.623-0500] {dag.py:3234} INFO - Creating ORM DAG for read_dataset_event
[2025-03-20T15:01:00.629-0500] {logging_mixin.py:190} INFO - [2025-03-20T15:01:00.629-0500] {dag.py:4138} INFO - Setting next_dagrun for read_dataset_event to 2025-03-19 00:00:00+00:00, run_after=2025-03-20 00:00:00+00:00
[2025-03-20T15:01:00.630-0500] {logging_mixin.py:190} INFO - [2025-03-20T15:01:00.630-0500] {dag.py:4138} INFO - Setting next_dagrun for read_dataset_event_from_classic to 2025-03-19 00:00:00+00:00, run_after=2025-03-20 00:00:00+00:00
[2025-03-20T15:01:00.645-0500] {processor.py:208} INFO - Processing /home/nicolas/Escritorio/proyecto/Proyecto_ETL/venv/lib/python3.8/site-packages/airflow/example_dags/example_inlet_event_extra.py took 0.148 seconds
[2025-03-20T15:01:54.635-0500] {processor.py:186} INFO - Started process (PID=152182) to work on /home/nicolas/Escritorio/proyecto/Proyecto_ETL/venv/lib/python3.8/site-packages/airflow/example_dags/example_inlet_event_extra.py
[2025-03-20T15:01:54.643-0500] {processor.py:914} INFO - Processing file /home/nicolas/Escritorio/proyecto/Proyecto_ETL/venv/lib/python3.8/site-packages/airflow/example_dags/example_inlet_event_extra.py for tasks to queue
[2025-03-20T15:01:54.645-0500] {logging_mixin.py:190} INFO - [2025-03-20T15:01:54.644-0500] {dagbag.py:587} INFO - Filling up the DagBag from /home/nicolas/Escritorio/proyecto/Proyecto_ETL/venv/lib/python3.8/site-packages/airflow/example_dags/example_inlet_event_extra.py
[2025-03-20T15:01:54.652-0500] {processor.py:925} INFO - DAG(s) 'read_dataset_event', 'read_dataset_event_from_classic' retrieved from /home/nicolas/Escritorio/proyecto/Proyecto_ETL/venv/lib/python3.8/site-packages/airflow/example_dags/example_inlet_event_extra.py
[2025-03-20T15:01:54.664-0500] {logging_mixin.py:190} INFO - [2025-03-20T15:01:54.664-0500] {dag.py:3211} INFO - Sync 2 DAGs
[2025-03-20T15:01:54.678-0500] {logging_mixin.py:190} INFO - [2025-03-20T15:01:54.678-0500] {dag.py:4138} INFO - Setting next_dagrun for read_dataset_event to 2025-03-19 00:00:00+00:00, run_after=2025-03-20 00:00:00+00:00
[2025-03-20T15:01:54.681-0500] {logging_mixin.py:190} INFO - [2025-03-20T15:01:54.681-0500] {dag.py:4138} INFO - Setting next_dagrun for read_dataset_event_from_classic to 2025-03-19 00:00:00+00:00, run_after=2025-03-20 00:00:00+00:00
[2025-03-20T15:01:54.694-0500] {processor.py:208} INFO - Processing /home/nicolas/Escritorio/proyecto/Proyecto_ETL/venv/lib/python3.8/site-packages/airflow/example_dags/example_inlet_event_extra.py took 0.065 seconds
[2025-03-20T15:02:51.484-0500] {processor.py:186} INFO - Started process (PID=152516) to work on /home/nicolas/Escritorio/proyecto/Proyecto_ETL/venv/lib/python3.8/site-packages/airflow/example_dags/example_inlet_event_extra.py
[2025-03-20T15:02:51.485-0500] {processor.py:914} INFO - Processing file /home/nicolas/Escritorio/proyecto/Proyecto_ETL/venv/lib/python3.8/site-packages/airflow/example_dags/example_inlet_event_extra.py for tasks to queue
[2025-03-20T15:02:51.486-0500] {logging_mixin.py:190} INFO - [2025-03-20T15:02:51.486-0500] {dagbag.py:587} INFO - Filling up the DagBag from /home/nicolas/Escritorio/proyecto/Proyecto_ETL/venv/lib/python3.8/site-packages/airflow/example_dags/example_inlet_event_extra.py
[2025-03-20T15:02:51.493-0500] {processor.py:925} INFO - DAG(s) 'read_dataset_event_from_classic', 'read_dataset_event' retrieved from /home/nicolas/Escritorio/proyecto/Proyecto_ETL/venv/lib/python3.8/site-packages/airflow/example_dags/example_inlet_event_extra.py
[2025-03-20T15:02:51.504-0500] {logging_mixin.py:190} INFO - [2025-03-20T15:02:51.504-0500] {dag.py:3211} INFO - Sync 2 DAGs
[2025-03-20T15:02:51.517-0500] {logging_mixin.py:190} INFO - [2025-03-20T15:02:51.517-0500] {dag.py:4138} INFO - Setting next_dagrun for read_dataset_event to 2025-03-19 00:00:00+00:00, run_after=2025-03-20 00:00:00+00:00
[2025-03-20T15:02:51.519-0500] {logging_mixin.py:190} INFO - [2025-03-20T15:02:51.519-0500] {dag.py:4138} INFO - Setting next_dagrun for read_dataset_event_from_classic to 2025-03-19 00:00:00+00:00, run_after=2025-03-20 00:00:00+00:00
[2025-03-20T15:02:51.530-0500] {processor.py:208} INFO - Processing /home/nicolas/Escritorio/proyecto/Proyecto_ETL/venv/lib/python3.8/site-packages/airflow/example_dags/example_inlet_event_extra.py took 0.051 seconds
