[2025-03-20T15:01:12.244-0500] {processor.py:186} INFO - Started process (PID=151984) to work on /home/nicolas/Escritorio/proyecto/Proyecto_ETL/venv/lib/python3.8/site-packages/airflow/example_dags/example_branch_day_of_week_operator.py
[2025-03-20T15:01:12.245-0500] {processor.py:914} INFO - Processing file /home/nicolas/Escritorio/proyecto/Proyecto_ETL/venv/lib/python3.8/site-packages/airflow/example_dags/example_branch_day_of_week_operator.py for tasks to queue
[2025-03-20T15:01:12.246-0500] {logging_mixin.py:190} INFO - [2025-03-20T15:01:12.246-0500] {dagbag.py:587} INFO - Filling up the DagBag from /home/nicolas/Escritorio/proyecto/Proyecto_ETL/venv/lib/python3.8/site-packages/airflow/example_dags/example_branch_day_of_week_operator.py
[2025-03-20T15:01:12.253-0500] {processor.py:925} INFO - DAG(s) 'example_weekday_branch_operator' retrieved from /home/nicolas/Escritorio/proyecto/Proyecto_ETL/venv/lib/python3.8/site-packages/airflow/example_dags/example_branch_day_of_week_operator.py
[2025-03-20T15:01:12.317-0500] {logging_mixin.py:190} INFO - [2025-03-20T15:01:12.316-0500] {override.py:1858} INFO - Created Permission View: can read on DAG:example_weekday_branch_operator
[2025-03-20T15:01:12.326-0500] {logging_mixin.py:190} INFO - [2025-03-20T15:01:12.326-0500] {override.py:1858} INFO - Created Permission View: can edit on DAG:example_weekday_branch_operator
[2025-03-20T15:01:12.331-0500] {logging_mixin.py:190} INFO - [2025-03-20T15:01:12.331-0500] {override.py:1858} INFO - Created Permission View: can delete on DAG:example_weekday_branch_operator
[2025-03-20T15:01:12.332-0500] {logging_mixin.py:190} INFO - [2025-03-20T15:01:12.331-0500] {dag.py:3211} INFO - Sync 1 DAGs
[2025-03-20T15:01:12.339-0500] {logging_mixin.py:190} INFO - [2025-03-20T15:01:12.339-0500] {dag.py:3234} INFO - Creating ORM DAG for example_weekday_branch_operator
[2025-03-20T15:01:12.346-0500] {logging_mixin.py:190} INFO - [2025-03-20T15:01:12.346-0500] {dag.py:4138} INFO - Setting next_dagrun for example_weekday_branch_operator to 2025-03-19 00:00:00+00:00, run_after=2025-03-20 00:00:00+00:00
[2025-03-20T15:01:12.359-0500] {processor.py:208} INFO - Processing /home/nicolas/Escritorio/proyecto/Proyecto_ETL/venv/lib/python3.8/site-packages/airflow/example_dags/example_branch_day_of_week_operator.py took 0.119 seconds
[2025-03-20T15:02:05.266-0500] {processor.py:186} INFO - Started process (PID=152195) to work on /home/nicolas/Escritorio/proyecto/Proyecto_ETL/venv/lib/python3.8/site-packages/airflow/example_dags/example_branch_day_of_week_operator.py
[2025-03-20T15:02:05.274-0500] {processor.py:914} INFO - Processing file /home/nicolas/Escritorio/proyecto/Proyecto_ETL/venv/lib/python3.8/site-packages/airflow/example_dags/example_branch_day_of_week_operator.py for tasks to queue
[2025-03-20T15:02:05.275-0500] {logging_mixin.py:190} INFO - [2025-03-20T15:02:05.275-0500] {dagbag.py:587} INFO - Filling up the DagBag from /home/nicolas/Escritorio/proyecto/Proyecto_ETL/venv/lib/python3.8/site-packages/airflow/example_dags/example_branch_day_of_week_operator.py
[2025-03-20T15:02:05.281-0500] {processor.py:925} INFO - DAG(s) 'example_weekday_branch_operator' retrieved from /home/nicolas/Escritorio/proyecto/Proyecto_ETL/venv/lib/python3.8/site-packages/airflow/example_dags/example_branch_day_of_week_operator.py
[2025-03-20T15:02:05.290-0500] {logging_mixin.py:190} INFO - [2025-03-20T15:02:05.290-0500] {dag.py:3211} INFO - Sync 1 DAGs
[2025-03-20T15:02:05.301-0500] {logging_mixin.py:190} INFO - [2025-03-20T15:02:05.301-0500] {dag.py:4138} INFO - Setting next_dagrun for example_weekday_branch_operator to 2025-03-19 00:00:00+00:00, run_after=2025-03-20 00:00:00+00:00
[2025-03-20T15:02:05.313-0500] {processor.py:208} INFO - Processing /home/nicolas/Escritorio/proyecto/Proyecto_ETL/venv/lib/python3.8/site-packages/airflow/example_dags/example_branch_day_of_week_operator.py took 0.051 seconds
[2025-03-20T15:03:02.777-0500] {processor.py:186} INFO - Started process (PID=152623) to work on /home/nicolas/Escritorio/proyecto/Proyecto_ETL/venv/lib/python3.8/site-packages/airflow/example_dags/example_branch_day_of_week_operator.py
[2025-03-20T15:03:02.786-0500] {processor.py:914} INFO - Processing file /home/nicolas/Escritorio/proyecto/Proyecto_ETL/venv/lib/python3.8/site-packages/airflow/example_dags/example_branch_day_of_week_operator.py for tasks to queue
[2025-03-20T15:03:02.789-0500] {logging_mixin.py:190} INFO - [2025-03-20T15:03:02.788-0500] {dagbag.py:587} INFO - Filling up the DagBag from /home/nicolas/Escritorio/proyecto/Proyecto_ETL/venv/lib/python3.8/site-packages/airflow/example_dags/example_branch_day_of_week_operator.py
[2025-03-20T15:03:02.798-0500] {processor.py:925} INFO - DAG(s) 'example_weekday_branch_operator' retrieved from /home/nicolas/Escritorio/proyecto/Proyecto_ETL/venv/lib/python3.8/site-packages/airflow/example_dags/example_branch_day_of_week_operator.py
[2025-03-20T15:03:02.807-0500] {logging_mixin.py:190} INFO - [2025-03-20T15:03:02.807-0500] {dag.py:3211} INFO - Sync 1 DAGs
[2025-03-20T15:03:02.817-0500] {logging_mixin.py:190} INFO - [2025-03-20T15:03:02.817-0500] {dag.py:4138} INFO - Setting next_dagrun for example_weekday_branch_operator to 2025-03-19 00:00:00+00:00, run_after=2025-03-20 00:00:00+00:00
[2025-03-20T15:03:02.829-0500] {processor.py:208} INFO - Processing /home/nicolas/Escritorio/proyecto/Proyecto_ETL/venv/lib/python3.8/site-packages/airflow/example_dags/example_branch_day_of_week_operator.py took 0.057 seconds
