[2025-03-20T15:00:45.925-0500] {processor.py:186} INFO - Started process (PID=151755) to work on /home/nicolas/Escritorio/proyecto/Proyecto_ETL/venv/lib/python3.8/site-packages/airflow/example_dags/example_time_delta_sensor_async.py
[2025-03-20T15:00:45.926-0500] {processor.py:914} INFO - Processing file /home/nicolas/Escritorio/proyecto/Proyecto_ETL/venv/lib/python3.8/site-packages/airflow/example_dags/example_time_delta_sensor_async.py for tasks to queue
[2025-03-20T15:00:45.929-0500] {logging_mixin.py:190} INFO - [2025-03-20T15:00:45.928-0500] {dagbag.py:587} INFO - Filling up the DagBag from /home/nicolas/Escritorio/proyecto/Proyecto_ETL/venv/lib/python3.8/site-packages/airflow/example_dags/example_time_delta_sensor_async.py
[2025-03-20T15:00:45.934-0500] {processor.py:925} INFO - DAG(s) 'example_time_delta_sensor_async' retrieved from /home/nicolas/Escritorio/proyecto/Proyecto_ETL/venv/lib/python3.8/site-packages/airflow/example_dags/example_time_delta_sensor_async.py
[2025-03-20T15:00:46.006-0500] {logging_mixin.py:190} INFO - [2025-03-20T15:00:46.005-0500] {override.py:1858} INFO - Created Permission View: can read on DAG:example_time_delta_sensor_async
[2025-03-20T15:00:46.013-0500] {logging_mixin.py:190} INFO - [2025-03-20T15:00:46.013-0500] {override.py:1858} INFO - Created Permission View: can edit on DAG:example_time_delta_sensor_async
[2025-03-20T15:00:46.018-0500] {logging_mixin.py:190} INFO - [2025-03-20T15:00:46.018-0500] {override.py:1858} INFO - Created Permission View: can delete on DAG:example_time_delta_sensor_async
[2025-03-20T15:00:46.018-0500] {logging_mixin.py:190} INFO - [2025-03-20T15:00:46.018-0500] {dag.py:3211} INFO - Sync 1 DAGs
[2025-03-20T15:00:46.024-0500] {logging_mixin.py:190} INFO - [2025-03-20T15:00:46.024-0500] {dag.py:3234} INFO - Creating ORM DAG for example_time_delta_sensor_async
[2025-03-20T15:00:46.025-0500] {logging_mixin.py:190} INFO - [2025-03-20T15:00:46.025-0500] {dag.py:4138} INFO - Setting next_dagrun for example_time_delta_sensor_async to None, run_after=None
[2025-03-20T15:00:46.037-0500] {processor.py:208} INFO - Processing /home/nicolas/Escritorio/proyecto/Proyecto_ETL/venv/lib/python3.8/site-packages/airflow/example_dags/example_time_delta_sensor_async.py took 0.118 seconds
[2025-03-20T15:01:41.819-0500] {processor.py:186} INFO - Started process (PID=152135) to work on /home/nicolas/Escritorio/proyecto/Proyecto_ETL/venv/lib/python3.8/site-packages/airflow/example_dags/example_time_delta_sensor_async.py
[2025-03-20T15:01:41.827-0500] {processor.py:914} INFO - Processing file /home/nicolas/Escritorio/proyecto/Proyecto_ETL/venv/lib/python3.8/site-packages/airflow/example_dags/example_time_delta_sensor_async.py for tasks to queue
[2025-03-20T15:01:41.829-0500] {logging_mixin.py:190} INFO - [2025-03-20T15:01:41.829-0500] {dagbag.py:587} INFO - Filling up the DagBag from /home/nicolas/Escritorio/proyecto/Proyecto_ETL/venv/lib/python3.8/site-packages/airflow/example_dags/example_time_delta_sensor_async.py
[2025-03-20T15:01:41.832-0500] {processor.py:925} INFO - DAG(s) 'example_time_delta_sensor_async' retrieved from /home/nicolas/Escritorio/proyecto/Proyecto_ETL/venv/lib/python3.8/site-packages/airflow/example_dags/example_time_delta_sensor_async.py
[2025-03-20T15:01:41.842-0500] {logging_mixin.py:190} INFO - [2025-03-20T15:01:41.842-0500] {dag.py:3211} INFO - Sync 1 DAGs
[2025-03-20T15:01:41.852-0500] {logging_mixin.py:190} INFO - [2025-03-20T15:01:41.852-0500] {dag.py:4138} INFO - Setting next_dagrun for example_time_delta_sensor_async to None, run_after=None
[2025-03-20T15:01:41.864-0500] {processor.py:208} INFO - Processing /home/nicolas/Escritorio/proyecto/Proyecto_ETL/venv/lib/python3.8/site-packages/airflow/example_dags/example_time_delta_sensor_async.py took 0.053 seconds
[2025-03-20T15:02:37.292-0500] {processor.py:186} INFO - Started process (PID=152412) to work on /home/nicolas/Escritorio/proyecto/Proyecto_ETL/venv/lib/python3.8/site-packages/airflow/example_dags/example_time_delta_sensor_async.py
[2025-03-20T15:02:37.300-0500] {processor.py:914} INFO - Processing file /home/nicolas/Escritorio/proyecto/Proyecto_ETL/venv/lib/python3.8/site-packages/airflow/example_dags/example_time_delta_sensor_async.py for tasks to queue
[2025-03-20T15:02:37.302-0500] {logging_mixin.py:190} INFO - [2025-03-20T15:02:37.301-0500] {dagbag.py:587} INFO - Filling up the DagBag from /home/nicolas/Escritorio/proyecto/Proyecto_ETL/venv/lib/python3.8/site-packages/airflow/example_dags/example_time_delta_sensor_async.py
[2025-03-20T15:02:37.309-0500] {processor.py:925} INFO - DAG(s) 'example_time_delta_sensor_async' retrieved from /home/nicolas/Escritorio/proyecto/Proyecto_ETL/venv/lib/python3.8/site-packages/airflow/example_dags/example_time_delta_sensor_async.py
[2025-03-20T15:02:37.320-0500] {logging_mixin.py:190} INFO - [2025-03-20T15:02:37.319-0500] {dag.py:3211} INFO - Sync 1 DAGs
[2025-03-20T15:02:37.330-0500] {logging_mixin.py:190} INFO - [2025-03-20T15:02:37.330-0500] {dag.py:4138} INFO - Setting next_dagrun for example_time_delta_sensor_async to None, run_after=None
[2025-03-20T15:02:37.345-0500] {processor.py:208} INFO - Processing /home/nicolas/Escritorio/proyecto/Proyecto_ETL/venv/lib/python3.8/site-packages/airflow/example_dags/example_time_delta_sensor_async.py took 0.061 seconds
