[2025-03-20T15:00:47.417-0500] {processor.py:186} INFO - Started process (PID=151757) to work on /home/nicolas/Escritorio/proyecto/Proyecto_ETL/venv/lib/python3.8/site-packages/airflow/example_dags/example_setup_teardown.py
[2025-03-20T15:00:47.417-0500] {processor.py:914} INFO - Processing file /home/nicolas/Escritorio/proyecto/Proyecto_ETL/venv/lib/python3.8/site-packages/airflow/example_dags/example_setup_teardown.py for tasks to queue
[2025-03-20T15:00:47.418-0500] {logging_mixin.py:190} INFO - [2025-03-20T15:00:47.418-0500] {dagbag.py:587} INFO - Filling up the DagBag from /home/nicolas/Escritorio/proyecto/Proyecto_ETL/venv/lib/python3.8/site-packages/airflow/example_dags/example_setup_teardown.py
[2025-03-20T15:00:47.425-0500] {processor.py:925} INFO - DAG(s) 'example_setup_teardown' retrieved from /home/nicolas/Escritorio/proyecto/Proyecto_ETL/venv/lib/python3.8/site-packages/airflow/example_dags/example_setup_teardown.py
[2025-03-20T15:00:47.498-0500] {logging_mixin.py:190} INFO - [2025-03-20T15:00:47.497-0500] {override.py:1858} INFO - Created Permission View: can read on DAG:example_setup_teardown
[2025-03-20T15:00:47.505-0500] {logging_mixin.py:190} INFO - [2025-03-20T15:00:47.505-0500] {override.py:1858} INFO - Created Permission View: can edit on DAG:example_setup_teardown
[2025-03-20T15:00:47.512-0500] {logging_mixin.py:190} INFO - [2025-03-20T15:00:47.511-0500] {override.py:1858} INFO - Created Permission View: can delete on DAG:example_setup_teardown
[2025-03-20T15:00:47.512-0500] {logging_mixin.py:190} INFO - [2025-03-20T15:00:47.512-0500] {dag.py:3211} INFO - Sync 1 DAGs
[2025-03-20T15:00:47.518-0500] {logging_mixin.py:190} INFO - [2025-03-20T15:00:47.518-0500] {dag.py:3234} INFO - Creating ORM DAG for example_setup_teardown
[2025-03-20T15:00:47.524-0500] {logging_mixin.py:190} INFO - [2025-03-20T15:00:47.524-0500] {dag.py:4138} INFO - Setting next_dagrun for example_setup_teardown to 2025-03-19 00:00:00+00:00, run_after=2025-03-20 00:00:00+00:00
[2025-03-20T15:00:47.535-0500] {processor.py:208} INFO - Processing /home/nicolas/Escritorio/proyecto/Proyecto_ETL/venv/lib/python3.8/site-packages/airflow/example_dags/example_setup_teardown.py took 0.122 seconds
[2025-03-20T15:01:43.363-0500] {processor.py:186} INFO - Started process (PID=152137) to work on /home/nicolas/Escritorio/proyecto/Proyecto_ETL/venv/lib/python3.8/site-packages/airflow/example_dags/example_setup_teardown.py
[2025-03-20T15:01:43.363-0500] {processor.py:914} INFO - Processing file /home/nicolas/Escritorio/proyecto/Proyecto_ETL/venv/lib/python3.8/site-packages/airflow/example_dags/example_setup_teardown.py for tasks to queue
[2025-03-20T15:01:43.364-0500] {logging_mixin.py:190} INFO - [2025-03-20T15:01:43.364-0500] {dagbag.py:587} INFO - Filling up the DagBag from /home/nicolas/Escritorio/proyecto/Proyecto_ETL/venv/lib/python3.8/site-packages/airflow/example_dags/example_setup_teardown.py
[2025-03-20T15:01:43.370-0500] {processor.py:925} INFO - DAG(s) 'example_setup_teardown' retrieved from /home/nicolas/Escritorio/proyecto/Proyecto_ETL/venv/lib/python3.8/site-packages/airflow/example_dags/example_setup_teardown.py
[2025-03-20T15:01:43.381-0500] {logging_mixin.py:190} INFO - [2025-03-20T15:01:43.381-0500] {dag.py:3211} INFO - Sync 1 DAGs
[2025-03-20T15:01:43.395-0500] {logging_mixin.py:190} INFO - [2025-03-20T15:01:43.395-0500] {dag.py:4138} INFO - Setting next_dagrun for example_setup_teardown to 2025-03-19 00:00:00+00:00, run_after=2025-03-20 00:00:00+00:00
[2025-03-20T15:01:43.409-0500] {processor.py:208} INFO - Processing /home/nicolas/Escritorio/proyecto/Proyecto_ETL/venv/lib/python3.8/site-packages/airflow/example_dags/example_setup_teardown.py took 0.052 seconds
[2025-03-20T15:02:38.939-0500] {processor.py:186} INFO - Started process (PID=152416) to work on /home/nicolas/Escritorio/proyecto/Proyecto_ETL/venv/lib/python3.8/site-packages/airflow/example_dags/example_setup_teardown.py
[2025-03-20T15:02:38.947-0500] {processor.py:914} INFO - Processing file /home/nicolas/Escritorio/proyecto/Proyecto_ETL/venv/lib/python3.8/site-packages/airflow/example_dags/example_setup_teardown.py for tasks to queue
[2025-03-20T15:02:38.948-0500] {logging_mixin.py:190} INFO - [2025-03-20T15:02:38.948-0500] {dagbag.py:587} INFO - Filling up the DagBag from /home/nicolas/Escritorio/proyecto/Proyecto_ETL/venv/lib/python3.8/site-packages/airflow/example_dags/example_setup_teardown.py
[2025-03-20T15:02:38.955-0500] {processor.py:925} INFO - DAG(s) 'example_setup_teardown' retrieved from /home/nicolas/Escritorio/proyecto/Proyecto_ETL/venv/lib/python3.8/site-packages/airflow/example_dags/example_setup_teardown.py
[2025-03-20T15:02:38.966-0500] {logging_mixin.py:190} INFO - [2025-03-20T15:02:38.966-0500] {dag.py:3211} INFO - Sync 1 DAGs
[2025-03-20T15:02:38.978-0500] {logging_mixin.py:190} INFO - [2025-03-20T15:02:38.978-0500] {dag.py:4138} INFO - Setting next_dagrun for example_setup_teardown to 2025-03-19 00:00:00+00:00, run_after=2025-03-20 00:00:00+00:00
[2025-03-20T15:02:38.990-0500] {processor.py:208} INFO - Processing /home/nicolas/Escritorio/proyecto/Proyecto_ETL/venv/lib/python3.8/site-packages/airflow/example_dags/example_setup_teardown.py took 0.058 seconds
