[2025-03-20T15:00:47.152-0500] {processor.py:186} INFO - Started process (PID=151756) to work on /home/nicolas/Escritorio/proyecto/Proyecto_ETL/venv/lib/python3.8/site-packages/airflow/example_dags/example_branch_operator.py
[2025-03-20T15:00:47.152-0500] {processor.py:914} INFO - Processing file /home/nicolas/Escritorio/proyecto/Proyecto_ETL/venv/lib/python3.8/site-packages/airflow/example_dags/example_branch_operator.py for tasks to queue
[2025-03-20T15:00:47.155-0500] {logging_mixin.py:190} INFO - [2025-03-20T15:00:47.154-0500] {dagbag.py:587} INFO - Filling up the DagBag from /home/nicolas/Escritorio/proyecto/Proyecto_ETL/venv/lib/python3.8/site-packages/airflow/example_dags/example_branch_operator.py
[2025-03-20T15:00:47.167-0500] {processor.py:925} INFO - DAG(s) 'example_branch_operator' retrieved from /home/nicolas/Escritorio/proyecto/Proyecto_ETL/venv/lib/python3.8/site-packages/airflow/example_dags/example_branch_operator.py
[2025-03-20T15:00:47.254-0500] {logging_mixin.py:190} INFO - [2025-03-20T15:00:47.253-0500] {override.py:1858} INFO - Created Permission View: can read on DAG:example_branch_operator
[2025-03-20T15:00:47.262-0500] {logging_mixin.py:190} INFO - [2025-03-20T15:00:47.262-0500] {override.py:1858} INFO - Created Permission View: can edit on DAG:example_branch_operator
[2025-03-20T15:00:47.267-0500] {logging_mixin.py:190} INFO - [2025-03-20T15:00:47.267-0500] {override.py:1858} INFO - Created Permission View: can delete on DAG:example_branch_operator
[2025-03-20T15:00:47.267-0500] {logging_mixin.py:190} INFO - [2025-03-20T15:00:47.267-0500] {dag.py:3211} INFO - Sync 1 DAGs
[2025-03-20T15:00:47.275-0500] {logging_mixin.py:190} INFO - [2025-03-20T15:00:47.275-0500] {dag.py:3234} INFO - Creating ORM DAG for example_branch_operator
[2025-03-20T15:00:47.280-0500] {logging_mixin.py:190} INFO - [2025-03-20T15:00:47.280-0500] {dag.py:4138} INFO - Setting next_dagrun for example_branch_operator to 2025-03-19 00:00:00+00:00, run_after=2025-03-20 00:00:00+00:00
[2025-03-20T15:00:47.294-0500] {processor.py:208} INFO - Processing /home/nicolas/Escritorio/proyecto/Proyecto_ETL/venv/lib/python3.8/site-packages/airflow/example_dags/example_branch_operator.py took 0.145 seconds
[2025-03-20T15:01:42.964-0500] {processor.py:186} INFO - Started process (PID=152136) to work on /home/nicolas/Escritorio/proyecto/Proyecto_ETL/venv/lib/python3.8/site-packages/airflow/example_dags/example_branch_operator.py
[2025-03-20T15:01:42.973-0500] {processor.py:914} INFO - Processing file /home/nicolas/Escritorio/proyecto/Proyecto_ETL/venv/lib/python3.8/site-packages/airflow/example_dags/example_branch_operator.py for tasks to queue
[2025-03-20T15:01:42.974-0500] {logging_mixin.py:190} INFO - [2025-03-20T15:01:42.974-0500] {dagbag.py:587} INFO - Filling up the DagBag from /home/nicolas/Escritorio/proyecto/Proyecto_ETL/venv/lib/python3.8/site-packages/airflow/example_dags/example_branch_operator.py
[2025-03-20T15:01:42.987-0500] {processor.py:925} INFO - DAG(s) 'example_branch_operator' retrieved from /home/nicolas/Escritorio/proyecto/Proyecto_ETL/venv/lib/python3.8/site-packages/airflow/example_dags/example_branch_operator.py
[2025-03-20T15:01:43.002-0500] {logging_mixin.py:190} INFO - [2025-03-20T15:01:43.002-0500] {dag.py:3211} INFO - Sync 1 DAGs
[2025-03-20T15:01:43.014-0500] {logging_mixin.py:190} INFO - [2025-03-20T15:01:43.014-0500] {dag.py:4138} INFO - Setting next_dagrun for example_branch_operator to 2025-03-19 00:00:00+00:00, run_after=2025-03-20 00:00:00+00:00
[2025-03-20T15:01:43.027-0500] {processor.py:208} INFO - Processing /home/nicolas/Escritorio/proyecto/Proyecto_ETL/venv/lib/python3.8/site-packages/airflow/example_dags/example_branch_operator.py took 0.069 seconds
[2025-03-20T15:02:37.806-0500] {processor.py:186} INFO - Started process (PID=152415) to work on /home/nicolas/Escritorio/proyecto/Proyecto_ETL/venv/lib/python3.8/site-packages/airflow/example_dags/example_branch_operator.py
[2025-03-20T15:02:37.814-0500] {processor.py:914} INFO - Processing file /home/nicolas/Escritorio/proyecto/Proyecto_ETL/venv/lib/python3.8/site-packages/airflow/example_dags/example_branch_operator.py for tasks to queue
[2025-03-20T15:02:37.816-0500] {logging_mixin.py:190} INFO - [2025-03-20T15:02:37.815-0500] {dagbag.py:587} INFO - Filling up the DagBag from /home/nicolas/Escritorio/proyecto/Proyecto_ETL/venv/lib/python3.8/site-packages/airflow/example_dags/example_branch_operator.py
[2025-03-20T15:02:37.828-0500] {processor.py:925} INFO - DAG(s) 'example_branch_operator' retrieved from /home/nicolas/Escritorio/proyecto/Proyecto_ETL/venv/lib/python3.8/site-packages/airflow/example_dags/example_branch_operator.py
[2025-03-20T15:02:37.844-0500] {logging_mixin.py:190} INFO - [2025-03-20T15:02:37.843-0500] {dag.py:3211} INFO - Sync 1 DAGs
[2025-03-20T15:02:37.858-0500] {logging_mixin.py:190} INFO - [2025-03-20T15:02:37.858-0500] {dag.py:4138} INFO - Setting next_dagrun for example_branch_operator to 2025-03-19 00:00:00+00:00, run_after=2025-03-20 00:00:00+00:00
[2025-03-20T15:02:37.872-0500] {processor.py:208} INFO - Processing /home/nicolas/Escritorio/proyecto/Proyecto_ETL/venv/lib/python3.8/site-packages/airflow/example_dags/example_branch_operator.py took 0.072 seconds
