[2025-03-20T15:00:52.667-0500] {processor.py:186} INFO - Started process (PID=151844) to work on /home/nicolas/Escritorio/proyecto/Proyecto_ETL/venv/lib/python3.8/site-packages/airflow/example_dags/example_latest_only_with_trigger.py
[2025-03-20T15:00:52.668-0500] {processor.py:914} INFO - Processing file /home/nicolas/Escritorio/proyecto/Proyecto_ETL/venv/lib/python3.8/site-packages/airflow/example_dags/example_latest_only_with_trigger.py for tasks to queue
[2025-03-20T15:00:52.670-0500] {logging_mixin.py:190} INFO - [2025-03-20T15:00:52.669-0500] {dagbag.py:587} INFO - Filling up the DagBag from /home/nicolas/Escritorio/proyecto/Proyecto_ETL/venv/lib/python3.8/site-packages/airflow/example_dags/example_latest_only_with_trigger.py
[2025-03-20T15:00:52.679-0500] {processor.py:925} INFO - DAG(s) 'latest_only_with_trigger' retrieved from /home/nicolas/Escritorio/proyecto/Proyecto_ETL/venv/lib/python3.8/site-packages/airflow/example_dags/example_latest_only_with_trigger.py
[2025-03-20T15:00:52.799-0500] {logging_mixin.py:190} INFO - [2025-03-20T15:00:52.799-0500] {override.py:1858} INFO - Created Permission View: can read on DAG:latest_only_with_trigger
[2025-03-20T15:00:52.818-0500] {logging_mixin.py:190} INFO - [2025-03-20T15:00:52.817-0500] {override.py:1858} INFO - Created Permission View: can edit on DAG:latest_only_with_trigger
[2025-03-20T15:00:52.829-0500] {logging_mixin.py:190} INFO - [2025-03-20T15:00:52.828-0500] {override.py:1858} INFO - Created Permission View: can delete on DAG:latest_only_with_trigger
[2025-03-20T15:00:52.829-0500] {logging_mixin.py:190} INFO - [2025-03-20T15:00:52.829-0500] {dag.py:3211} INFO - Sync 1 DAGs
[2025-03-20T15:00:52.842-0500] {logging_mixin.py:190} INFO - [2025-03-20T15:00:52.842-0500] {dag.py:3234} INFO - Creating ORM DAG for latest_only_with_trigger
[2025-03-20T15:00:52.853-0500] {logging_mixin.py:190} INFO - [2025-03-20T15:00:52.852-0500] {dag.py:4138} INFO - Setting next_dagrun for latest_only_with_trigger to 2025-03-20 16:00:00+00:00, run_after=2025-03-20 20:00:00+00:00
[2025-03-20T15:00:52.882-0500] {processor.py:208} INFO - Processing /home/nicolas/Escritorio/proyecto/Proyecto_ETL/venv/lib/python3.8/site-packages/airflow/example_dags/example_latest_only_with_trigger.py took 0.221 seconds
[2025-03-20T15:01:48.087-0500] {processor.py:186} INFO - Started process (PID=152174) to work on /home/nicolas/Escritorio/proyecto/Proyecto_ETL/venv/lib/python3.8/site-packages/airflow/example_dags/example_latest_only_with_trigger.py
[2025-03-20T15:01:48.095-0500] {processor.py:914} INFO - Processing file /home/nicolas/Escritorio/proyecto/Proyecto_ETL/venv/lib/python3.8/site-packages/airflow/example_dags/example_latest_only_with_trigger.py for tasks to queue
[2025-03-20T15:01:48.096-0500] {logging_mixin.py:190} INFO - [2025-03-20T15:01:48.095-0500] {dagbag.py:587} INFO - Filling up the DagBag from /home/nicolas/Escritorio/proyecto/Proyecto_ETL/venv/lib/python3.8/site-packages/airflow/example_dags/example_latest_only_with_trigger.py
[2025-03-20T15:01:48.100-0500] {processor.py:925} INFO - DAG(s) 'latest_only_with_trigger' retrieved from /home/nicolas/Escritorio/proyecto/Proyecto_ETL/venv/lib/python3.8/site-packages/airflow/example_dags/example_latest_only_with_trigger.py
[2025-03-20T15:01:48.108-0500] {logging_mixin.py:190} INFO - [2025-03-20T15:01:48.108-0500] {dag.py:3211} INFO - Sync 1 DAGs
[2025-03-20T15:01:48.120-0500] {logging_mixin.py:190} INFO - [2025-03-20T15:01:48.119-0500] {dag.py:4138} INFO - Setting next_dagrun for latest_only_with_trigger to 2025-03-20 16:00:00+00:00, run_after=2025-03-20 20:00:00+00:00
[2025-03-20T15:01:48.133-0500] {processor.py:208} INFO - Processing /home/nicolas/Escritorio/proyecto/Proyecto_ETL/venv/lib/python3.8/site-packages/airflow/example_dags/example_latest_only_with_trigger.py took 0.053 seconds
[2025-03-20T15:02:44.070-0500] {processor.py:186} INFO - Started process (PID=152423) to work on /home/nicolas/Escritorio/proyecto/Proyecto_ETL/venv/lib/python3.8/site-packages/airflow/example_dags/example_latest_only_with_trigger.py
[2025-03-20T15:02:44.078-0500] {processor.py:914} INFO - Processing file /home/nicolas/Escritorio/proyecto/Proyecto_ETL/venv/lib/python3.8/site-packages/airflow/example_dags/example_latest_only_with_trigger.py for tasks to queue
[2025-03-20T15:02:44.079-0500] {logging_mixin.py:190} INFO - [2025-03-20T15:02:44.079-0500] {dagbag.py:587} INFO - Filling up the DagBag from /home/nicolas/Escritorio/proyecto/Proyecto_ETL/venv/lib/python3.8/site-packages/airflow/example_dags/example_latest_only_with_trigger.py
[2025-03-20T15:02:44.083-0500] {processor.py:925} INFO - DAG(s) 'latest_only_with_trigger' retrieved from /home/nicolas/Escritorio/proyecto/Proyecto_ETL/venv/lib/python3.8/site-packages/airflow/example_dags/example_latest_only_with_trigger.py
[2025-03-20T15:02:44.094-0500] {logging_mixin.py:190} INFO - [2025-03-20T15:02:44.093-0500] {dag.py:3211} INFO - Sync 1 DAGs
[2025-03-20T15:02:44.106-0500] {logging_mixin.py:190} INFO - [2025-03-20T15:02:44.106-0500] {dag.py:4138} INFO - Setting next_dagrun for latest_only_with_trigger to 2025-03-20 16:00:00+00:00, run_after=2025-03-20 20:00:00+00:00
[2025-03-20T15:02:44.118-0500] {processor.py:208} INFO - Processing /home/nicolas/Escritorio/proyecto/Proyecto_ETL/venv/lib/python3.8/site-packages/airflow/example_dags/example_latest_only_with_trigger.py took 0.054 seconds
