[2025-03-20T15:00:43.416-0500] {processor.py:186} INFO - Started process (PID=151753) to work on /home/nicolas/Escritorio/proyecto/Proyecto_ETL/venv/lib/python3.8/site-packages/airflow/example_dags/example_task_group_decorator.py
[2025-03-20T15:00:43.417-0500] {processor.py:914} INFO - Processing file /home/nicolas/Escritorio/proyecto/Proyecto_ETL/venv/lib/python3.8/site-packages/airflow/example_dags/example_task_group_decorator.py for tasks to queue
[2025-03-20T15:00:43.418-0500] {logging_mixin.py:190} INFO - [2025-03-20T15:00:43.418-0500] {dagbag.py:587} INFO - Filling up the DagBag from /home/nicolas/Escritorio/proyecto/Proyecto_ETL/venv/lib/python3.8/site-packages/airflow/example_dags/example_task_group_decorator.py
[2025-03-20T15:00:43.429-0500] {processor.py:925} INFO - DAG(s) 'example_task_group_decorator' retrieved from /home/nicolas/Escritorio/proyecto/Proyecto_ETL/venv/lib/python3.8/site-packages/airflow/example_dags/example_task_group_decorator.py
[2025-03-20T15:00:43.509-0500] {logging_mixin.py:190} INFO - [2025-03-20T15:00:43.509-0500] {override.py:1858} INFO - Created Permission View: can read on DAG:example_task_group_decorator
[2025-03-20T15:00:43.517-0500] {logging_mixin.py:190} INFO - [2025-03-20T15:00:43.516-0500] {override.py:1858} INFO - Created Permission View: can edit on DAG:example_task_group_decorator
[2025-03-20T15:00:43.522-0500] {logging_mixin.py:190} INFO - [2025-03-20T15:00:43.522-0500] {override.py:1858} INFO - Created Permission View: can delete on DAG:example_task_group_decorator
[2025-03-20T15:00:43.522-0500] {logging_mixin.py:190} INFO - [2025-03-20T15:00:43.522-0500] {dag.py:3211} INFO - Sync 1 DAGs
[2025-03-20T15:00:43.530-0500] {logging_mixin.py:190} INFO - [2025-03-20T15:00:43.530-0500] {dag.py:3234} INFO - Creating ORM DAG for example_task_group_decorator
[2025-03-20T15:00:43.534-0500] {logging_mixin.py:190} INFO - [2025-03-20T15:00:43.534-0500] {dag.py:4138} INFO - Setting next_dagrun for example_task_group_decorator to 2025-03-19 00:00:00+00:00, run_after=2025-03-20 00:00:00+00:00
[2025-03-20T15:00:43.546-0500] {processor.py:208} INFO - Processing /home/nicolas/Escritorio/proyecto/Proyecto_ETL/venv/lib/python3.8/site-packages/airflow/example_dags/example_task_group_decorator.py took 0.133 seconds
[2025-03-20T15:01:39.534-0500] {processor.py:186} INFO - Started process (PID=152132) to work on /home/nicolas/Escritorio/proyecto/Proyecto_ETL/venv/lib/python3.8/site-packages/airflow/example_dags/example_task_group_decorator.py
[2025-03-20T15:01:39.542-0500] {processor.py:914} INFO - Processing file /home/nicolas/Escritorio/proyecto/Proyecto_ETL/venv/lib/python3.8/site-packages/airflow/example_dags/example_task_group_decorator.py for tasks to queue
[2025-03-20T15:01:39.543-0500] {logging_mixin.py:190} INFO - [2025-03-20T15:01:39.543-0500] {dagbag.py:587} INFO - Filling up the DagBag from /home/nicolas/Escritorio/proyecto/Proyecto_ETL/venv/lib/python3.8/site-packages/airflow/example_dags/example_task_group_decorator.py
[2025-03-20T15:01:39.555-0500] {processor.py:925} INFO - DAG(s) 'example_task_group_decorator' retrieved from /home/nicolas/Escritorio/proyecto/Proyecto_ETL/venv/lib/python3.8/site-packages/airflow/example_dags/example_task_group_decorator.py
[2025-03-20T15:01:39.567-0500] {logging_mixin.py:190} INFO - [2025-03-20T15:01:39.567-0500] {dag.py:3211} INFO - Sync 1 DAGs
[2025-03-20T15:01:39.583-0500] {logging_mixin.py:190} INFO - [2025-03-20T15:01:39.583-0500] {dag.py:4138} INFO - Setting next_dagrun for example_task_group_decorator to 2025-03-19 00:00:00+00:00, run_after=2025-03-20 00:00:00+00:00
[2025-03-20T15:01:39.596-0500] {processor.py:208} INFO - Processing /home/nicolas/Escritorio/proyecto/Proyecto_ETL/venv/lib/python3.8/site-packages/airflow/example_dags/example_task_group_decorator.py took 0.070 seconds
[2025-03-20T15:02:30.990-0500] {processor.py:186} INFO - Started process (PID=152404) to work on /home/nicolas/Escritorio/proyecto/Proyecto_ETL/venv/lib/python3.8/site-packages/airflow/example_dags/example_task_group_decorator.py
[2025-03-20T15:02:30.998-0500] {processor.py:914} INFO - Processing file /home/nicolas/Escritorio/proyecto/Proyecto_ETL/venv/lib/python3.8/site-packages/airflow/example_dags/example_task_group_decorator.py for tasks to queue
[2025-03-20T15:02:31.000-0500] {logging_mixin.py:190} INFO - [2025-03-20T15:02:31.000-0500] {dagbag.py:587} INFO - Filling up the DagBag from /home/nicolas/Escritorio/proyecto/Proyecto_ETL/venv/lib/python3.8/site-packages/airflow/example_dags/example_task_group_decorator.py
[2025-03-20T15:02:31.011-0500] {processor.py:925} INFO - DAG(s) 'example_task_group_decorator' retrieved from /home/nicolas/Escritorio/proyecto/Proyecto_ETL/venv/lib/python3.8/site-packages/airflow/example_dags/example_task_group_decorator.py
[2025-03-20T15:02:31.022-0500] {logging_mixin.py:190} INFO - [2025-03-20T15:02:31.021-0500] {dag.py:3211} INFO - Sync 1 DAGs
[2025-03-20T15:02:31.032-0500] {logging_mixin.py:190} INFO - [2025-03-20T15:02:31.032-0500] {dag.py:4138} INFO - Setting next_dagrun for example_task_group_decorator to 2025-03-19 00:00:00+00:00, run_after=2025-03-20 00:00:00+00:00
[2025-03-20T15:02:31.043-0500] {processor.py:208} INFO - Processing /home/nicolas/Escritorio/proyecto/Proyecto_ETL/venv/lib/python3.8/site-packages/airflow/example_dags/example_task_group_decorator.py took 0.058 seconds
