[2025-03-20T15:01:05.767-0500] {processor.py:186} INFO - Started process (PID=151968) to work on /home/nicolas/Escritorio/proyecto/Proyecto_ETL/venv/lib/python3.8/site-packages/airflow/example_dags/example_dataset_alias_with_no_taskflow.py
[2025-03-20T15:01:05.768-0500] {processor.py:914} INFO - Processing file /home/nicolas/Escritorio/proyecto/Proyecto_ETL/venv/lib/python3.8/site-packages/airflow/example_dags/example_dataset_alias_with_no_taskflow.py for tasks to queue
[2025-03-20T15:01:05.770-0500] {logging_mixin.py:190} INFO - [2025-03-20T15:01:05.769-0500] {dagbag.py:587} INFO - Filling up the DagBag from /home/nicolas/Escritorio/proyecto/Proyecto_ETL/venv/lib/python3.8/site-packages/airflow/example_dags/example_dataset_alias_with_no_taskflow.py
[2025-03-20T15:01:05.780-0500] {processor.py:925} INFO - DAG(s) 'dataset_s3_bucket_consumer_with_no_taskflow', 'dataset_s3_bucket_producer_with_no_taskflow', 'dataset_alias_example_alias_consumer_with_no_taskflow', 'dataset_alias_example_alias_producer_with_no_taskflow' retrieved from /home/nicolas/Escritorio/proyecto/Proyecto_ETL/venv/lib/python3.8/site-packages/airflow/example_dags/example_dataset_alias_with_no_taskflow.py
[2025-03-20T15:01:05.841-0500] {logging_mixin.py:190} INFO - [2025-03-20T15:01:05.841-0500] {override.py:1858} INFO - Created Permission View: can read on DAG:dataset_s3_bucket_consumer_with_no_taskflow
[2025-03-20T15:01:05.848-0500] {logging_mixin.py:190} INFO - [2025-03-20T15:01:05.848-0500] {override.py:1858} INFO - Created Permission View: can edit on DAG:dataset_s3_bucket_consumer_with_no_taskflow
[2025-03-20T15:01:05.853-0500] {logging_mixin.py:190} INFO - [2025-03-20T15:01:05.853-0500] {override.py:1858} INFO - Created Permission View: can delete on DAG:dataset_s3_bucket_consumer_with_no_taskflow
[2025-03-20T15:01:05.865-0500] {logging_mixin.py:190} INFO - [2025-03-20T15:01:05.865-0500] {override.py:1858} INFO - Created Permission View: can read on DAG:dataset_s3_bucket_producer_with_no_taskflow
[2025-03-20T15:01:05.870-0500] {logging_mixin.py:190} INFO - [2025-03-20T15:01:05.870-0500] {override.py:1858} INFO - Created Permission View: can edit on DAG:dataset_s3_bucket_producer_with_no_taskflow
[2025-03-20T15:01:05.875-0500] {logging_mixin.py:190} INFO - [2025-03-20T15:01:05.875-0500] {override.py:1858} INFO - Created Permission View: can delete on DAG:dataset_s3_bucket_producer_with_no_taskflow
[2025-03-20T15:01:05.885-0500] {logging_mixin.py:190} INFO - [2025-03-20T15:01:05.885-0500] {override.py:1858} INFO - Created Permission View: can read on DAG:dataset_alias_example_alias_consumer_with_no_taskflow
[2025-03-20T15:01:05.890-0500] {logging_mixin.py:190} INFO - [2025-03-20T15:01:05.890-0500] {override.py:1858} INFO - Created Permission View: can edit on DAG:dataset_alias_example_alias_consumer_with_no_taskflow
[2025-03-20T15:01:05.895-0500] {logging_mixin.py:190} INFO - [2025-03-20T15:01:05.895-0500] {override.py:1858} INFO - Created Permission View: can delete on DAG:dataset_alias_example_alias_consumer_with_no_taskflow
[2025-03-20T15:01:05.908-0500] {logging_mixin.py:190} INFO - [2025-03-20T15:01:05.907-0500] {override.py:1858} INFO - Created Permission View: can read on DAG:dataset_alias_example_alias_producer_with_no_taskflow
[2025-03-20T15:01:05.913-0500] {logging_mixin.py:190} INFO - [2025-03-20T15:01:05.913-0500] {override.py:1858} INFO - Created Permission View: can edit on DAG:dataset_alias_example_alias_producer_with_no_taskflow
[2025-03-20T15:01:05.918-0500] {logging_mixin.py:190} INFO - [2025-03-20T15:01:05.918-0500] {override.py:1858} INFO - Created Permission View: can delete on DAG:dataset_alias_example_alias_producer_with_no_taskflow
[2025-03-20T15:01:05.918-0500] {logging_mixin.py:190} INFO - [2025-03-20T15:01:05.918-0500] {dag.py:3211} INFO - Sync 4 DAGs
[2025-03-20T15:01:05.925-0500] {logging_mixin.py:190} INFO - [2025-03-20T15:01:05.925-0500] {dag.py:3234} INFO - Creating ORM DAG for dataset_alias_example_alias_consumer_with_no_taskflow
[2025-03-20T15:01:05.925-0500] {logging_mixin.py:190} INFO - [2025-03-20T15:01:05.925-0500] {dag.py:3234} INFO - Creating ORM DAG for dataset_s3_bucket_producer_with_no_taskflow
[2025-03-20T15:01:05.926-0500] {logging_mixin.py:190} INFO - [2025-03-20T15:01:05.926-0500] {dag.py:3234} INFO - Creating ORM DAG for dataset_s3_bucket_consumer_with_no_taskflow
[2025-03-20T15:01:05.926-0500] {logging_mixin.py:190} INFO - [2025-03-20T15:01:05.926-0500] {dag.py:3234} INFO - Creating ORM DAG for dataset_alias_example_alias_producer_with_no_taskflow
[2025-03-20T15:01:05.930-0500] {logging_mixin.py:190} INFO - [2025-03-20T15:01:05.930-0500] {dag.py:4138} INFO - Setting next_dagrun for dataset_alias_example_alias_consumer_with_no_taskflow to None, run_after=None
[2025-03-20T15:01:05.930-0500] {logging_mixin.py:190} INFO - [2025-03-20T15:01:05.930-0500] {dag.py:4138} INFO - Setting next_dagrun for dataset_alias_example_alias_producer_with_no_taskflow to None, run_after=None
[2025-03-20T15:01:05.931-0500] {logging_mixin.py:190} INFO - [2025-03-20T15:01:05.931-0500] {dag.py:4138} INFO - Setting next_dagrun for dataset_s3_bucket_consumer_with_no_taskflow to None, run_after=None
[2025-03-20T15:01:05.931-0500] {logging_mixin.py:190} INFO - [2025-03-20T15:01:05.931-0500] {dag.py:4138} INFO - Setting next_dagrun for dataset_s3_bucket_producer_with_no_taskflow to None, run_after=None
[2025-03-20T15:01:05.947-0500] {processor.py:208} INFO - Processing /home/nicolas/Escritorio/proyecto/Proyecto_ETL/venv/lib/python3.8/site-packages/airflow/example_dags/example_dataset_alias_with_no_taskflow.py took 0.189 seconds
[2025-03-20T15:01:59.504-0500] {processor.py:186} INFO - Started process (PID=152189) to work on /home/nicolas/Escritorio/proyecto/Proyecto_ETL/venv/lib/python3.8/site-packages/airflow/example_dags/example_dataset_alias_with_no_taskflow.py
[2025-03-20T15:01:59.513-0500] {processor.py:914} INFO - Processing file /home/nicolas/Escritorio/proyecto/Proyecto_ETL/venv/lib/python3.8/site-packages/airflow/example_dags/example_dataset_alias_with_no_taskflow.py for tasks to queue
[2025-03-20T15:01:59.515-0500] {logging_mixin.py:190} INFO - [2025-03-20T15:01:59.514-0500] {dagbag.py:587} INFO - Filling up the DagBag from /home/nicolas/Escritorio/proyecto/Proyecto_ETL/venv/lib/python3.8/site-packages/airflow/example_dags/example_dataset_alias_with_no_taskflow.py
[2025-03-20T15:01:59.530-0500] {processor.py:925} INFO - DAG(s) 'dataset_alias_example_alias_producer_with_no_taskflow', 'dataset_s3_bucket_producer_with_no_taskflow', 'dataset_alias_example_alias_consumer_with_no_taskflow', 'dataset_s3_bucket_consumer_with_no_taskflow' retrieved from /home/nicolas/Escritorio/proyecto/Proyecto_ETL/venv/lib/python3.8/site-packages/airflow/example_dags/example_dataset_alias_with_no_taskflow.py
[2025-03-20T15:01:59.543-0500] {logging_mixin.py:190} INFO - [2025-03-20T15:01:59.543-0500] {dag.py:3211} INFO - Sync 4 DAGs
[2025-03-20T15:01:59.555-0500] {logging_mixin.py:190} INFO - [2025-03-20T15:01:59.554-0500] {dag.py:4138} INFO - Setting next_dagrun for dataset_alias_example_alias_consumer_with_no_taskflow to None, run_after=None
[2025-03-20T15:01:59.556-0500] {logging_mixin.py:190} INFO - [2025-03-20T15:01:59.556-0500] {dag.py:4138} INFO - Setting next_dagrun for dataset_alias_example_alias_producer_with_no_taskflow to None, run_after=None
[2025-03-20T15:01:59.557-0500] {logging_mixin.py:190} INFO - [2025-03-20T15:01:59.557-0500] {dag.py:4138} INFO - Setting next_dagrun for dataset_s3_bucket_consumer_with_no_taskflow to None, run_after=None
[2025-03-20T15:01:59.557-0500] {logging_mixin.py:190} INFO - [2025-03-20T15:01:59.557-0500] {dag.py:4138} INFO - Setting next_dagrun for dataset_s3_bucket_producer_with_no_taskflow to None, run_after=None
[2025-03-20T15:01:59.573-0500] {processor.py:208} INFO - Processing /home/nicolas/Escritorio/proyecto/Proyecto_ETL/venv/lib/python3.8/site-packages/airflow/example_dags/example_dataset_alias_with_no_taskflow.py took 0.076 seconds
[2025-03-20T15:02:56.492-0500] {processor.py:186} INFO - Started process (PID=152561) to work on /home/nicolas/Escritorio/proyecto/Proyecto_ETL/venv/lib/python3.8/site-packages/airflow/example_dags/example_dataset_alias_with_no_taskflow.py
[2025-03-20T15:02:56.492-0500] {processor.py:914} INFO - Processing file /home/nicolas/Escritorio/proyecto/Proyecto_ETL/venv/lib/python3.8/site-packages/airflow/example_dags/example_dataset_alias_with_no_taskflow.py for tasks to queue
[2025-03-20T15:02:56.493-0500] {logging_mixin.py:190} INFO - [2025-03-20T15:02:56.493-0500] {dagbag.py:587} INFO - Filling up the DagBag from /home/nicolas/Escritorio/proyecto/Proyecto_ETL/venv/lib/python3.8/site-packages/airflow/example_dags/example_dataset_alias_with_no_taskflow.py
[2025-03-20T15:02:56.508-0500] {processor.py:925} INFO - DAG(s) 'dataset_alias_example_alias_consumer_with_no_taskflow', 'dataset_s3_bucket_consumer_with_no_taskflow', 'dataset_s3_bucket_producer_with_no_taskflow', 'dataset_alias_example_alias_producer_with_no_taskflow' retrieved from /home/nicolas/Escritorio/proyecto/Proyecto_ETL/venv/lib/python3.8/site-packages/airflow/example_dags/example_dataset_alias_with_no_taskflow.py
[2025-03-20T15:02:56.524-0500] {logging_mixin.py:190} INFO - [2025-03-20T15:02:56.523-0500] {dag.py:3211} INFO - Sync 4 DAGs
[2025-03-20T15:02:56.537-0500] {logging_mixin.py:190} INFO - [2025-03-20T15:02:56.537-0500] {dag.py:4138} INFO - Setting next_dagrun for dataset_alias_example_alias_consumer_with_no_taskflow to None, run_after=None
[2025-03-20T15:02:56.539-0500] {logging_mixin.py:190} INFO - [2025-03-20T15:02:56.539-0500] {dag.py:4138} INFO - Setting next_dagrun for dataset_alias_example_alias_producer_with_no_taskflow to None, run_after=None
[2025-03-20T15:02:56.540-0500] {logging_mixin.py:190} INFO - [2025-03-20T15:02:56.540-0500] {dag.py:4138} INFO - Setting next_dagrun for dataset_s3_bucket_consumer_with_no_taskflow to None, run_after=None
[2025-03-20T15:02:56.540-0500] {logging_mixin.py:190} INFO - [2025-03-20T15:02:56.540-0500] {dag.py:4138} INFO - Setting next_dagrun for dataset_s3_bucket_producer_with_no_taskflow to None, run_after=None
[2025-03-20T15:02:56.556-0500] {processor.py:208} INFO - Processing /home/nicolas/Escritorio/proyecto/Proyecto_ETL/venv/lib/python3.8/site-packages/airflow/example_dags/example_dataset_alias_with_no_taskflow.py took 0.070 seconds
