[2025-03-20T15:00:51.865-0500] {processor.py:186} INFO - Started process (PID=151839) to work on /home/nicolas/Escritorio/proyecto/Proyecto_ETL/venv/lib/python3.8/site-packages/airflow/example_dags/example_params_trigger_ui.py
[2025-03-20T15:00:51.866-0500] {processor.py:914} INFO - Processing file /home/nicolas/Escritorio/proyecto/Proyecto_ETL/venv/lib/python3.8/site-packages/airflow/example_dags/example_params_trigger_ui.py for tasks to queue
[2025-03-20T15:00:51.867-0500] {logging_mixin.py:190} INFO - [2025-03-20T15:00:51.867-0500] {dagbag.py:587} INFO - Filling up the DagBag from /home/nicolas/Escritorio/proyecto/Proyecto_ETL/venv/lib/python3.8/site-packages/airflow/example_dags/example_params_trigger_ui.py
[2025-03-20T15:00:51.882-0500] {processor.py:925} INFO - DAG(s) 'example_params_trigger_ui' retrieved from /home/nicolas/Escritorio/proyecto/Proyecto_ETL/venv/lib/python3.8/site-packages/airflow/example_dags/example_params_trigger_ui.py
[2025-03-20T15:00:51.999-0500] {logging_mixin.py:190} INFO - [2025-03-20T15:00:51.998-0500] {override.py:1858} INFO - Created Permission View: can read on DAG:example_params_trigger_ui
[2025-03-20T15:00:52.010-0500] {logging_mixin.py:190} INFO - [2025-03-20T15:00:52.010-0500] {override.py:1858} INFO - Created Permission View: can edit on DAG:example_params_trigger_ui
[2025-03-20T15:00:52.017-0500] {logging_mixin.py:190} INFO - [2025-03-20T15:00:52.017-0500] {override.py:1858} INFO - Created Permission View: can delete on DAG:example_params_trigger_ui
[2025-03-20T15:00:52.018-0500] {logging_mixin.py:190} INFO - [2025-03-20T15:00:52.017-0500] {dag.py:3211} INFO - Sync 1 DAGs
[2025-03-20T15:00:52.027-0500] {logging_mixin.py:190} INFO - [2025-03-20T15:00:52.027-0500] {dag.py:3234} INFO - Creating ORM DAG for example_params_trigger_ui
[2025-03-20T15:00:52.028-0500] {logging_mixin.py:190} INFO - [2025-03-20T15:00:52.028-0500] {dag.py:4138} INFO - Setting next_dagrun for example_params_trigger_ui to None, run_after=None
[2025-03-20T15:00:52.047-0500] {processor.py:208} INFO - Processing /home/nicolas/Escritorio/proyecto/Proyecto_ETL/venv/lib/python3.8/site-packages/airflow/example_dags/example_params_trigger_ui.py took 0.187 seconds
[2025-03-20T15:01:46.957-0500] {processor.py:186} INFO - Started process (PID=152173) to work on /home/nicolas/Escritorio/proyecto/Proyecto_ETL/venv/lib/python3.8/site-packages/airflow/example_dags/example_params_trigger_ui.py
[2025-03-20T15:01:46.958-0500] {processor.py:914} INFO - Processing file /home/nicolas/Escritorio/proyecto/Proyecto_ETL/venv/lib/python3.8/site-packages/airflow/example_dags/example_params_trigger_ui.py for tasks to queue
[2025-03-20T15:01:46.959-0500] {logging_mixin.py:190} INFO - [2025-03-20T15:01:46.959-0500] {dagbag.py:587} INFO - Filling up the DagBag from /home/nicolas/Escritorio/proyecto/Proyecto_ETL/venv/lib/python3.8/site-packages/airflow/example_dags/example_params_trigger_ui.py
[2025-03-20T15:01:46.966-0500] {processor.py:925} INFO - DAG(s) 'example_params_trigger_ui' retrieved from /home/nicolas/Escritorio/proyecto/Proyecto_ETL/venv/lib/python3.8/site-packages/airflow/example_dags/example_params_trigger_ui.py
[2025-03-20T15:01:46.994-0500] {logging_mixin.py:190} INFO - [2025-03-20T15:01:46.994-0500] {dag.py:3211} INFO - Sync 1 DAGs
[2025-03-20T15:01:47.001-0500] {logging_mixin.py:190} INFO - [2025-03-20T15:01:47.001-0500] {dag.py:4138} INFO - Setting next_dagrun for example_params_trigger_ui to None, run_after=None
[2025-03-20T15:01:47.016-0500] {processor.py:208} INFO - Processing /home/nicolas/Escritorio/proyecto/Proyecto_ETL/venv/lib/python3.8/site-packages/airflow/example_dags/example_params_trigger_ui.py took 0.069 seconds
[2025-03-20T15:02:43.502-0500] {processor.py:186} INFO - Started process (PID=152422) to work on /home/nicolas/Escritorio/proyecto/Proyecto_ETL/venv/lib/python3.8/site-packages/airflow/example_dags/example_params_trigger_ui.py
[2025-03-20T15:02:43.511-0500] {processor.py:914} INFO - Processing file /home/nicolas/Escritorio/proyecto/Proyecto_ETL/venv/lib/python3.8/site-packages/airflow/example_dags/example_params_trigger_ui.py for tasks to queue
[2025-03-20T15:02:43.512-0500] {logging_mixin.py:190} INFO - [2025-03-20T15:02:43.512-0500] {dagbag.py:587} INFO - Filling up the DagBag from /home/nicolas/Escritorio/proyecto/Proyecto_ETL/venv/lib/python3.8/site-packages/airflow/example_dags/example_params_trigger_ui.py
[2025-03-20T15:02:43.517-0500] {processor.py:925} INFO - DAG(s) 'example_params_trigger_ui' retrieved from /home/nicolas/Escritorio/proyecto/Proyecto_ETL/venv/lib/python3.8/site-packages/airflow/example_dags/example_params_trigger_ui.py
[2025-03-20T15:02:43.543-0500] {logging_mixin.py:190} INFO - [2025-03-20T15:02:43.543-0500] {dag.py:3211} INFO - Sync 1 DAGs
[2025-03-20T15:02:43.550-0500] {logging_mixin.py:190} INFO - [2025-03-20T15:02:43.550-0500] {dag.py:4138} INFO - Setting next_dagrun for example_params_trigger_ui to None, run_after=None
[2025-03-20T15:02:43.562-0500] {processor.py:208} INFO - Processing /home/nicolas/Escritorio/proyecto/Proyecto_ETL/venv/lib/python3.8/site-packages/airflow/example_dags/example_params_trigger_ui.py took 0.065 seconds
