[2025-03-20T15:00:44.671-0500] {processor.py:186} INFO - Started process (PID=151754) to work on /home/nicolas/Escritorio/proyecto/Proyecto_ETL/venv/lib/python3.8/site-packages/airflow/example_dags/example_branch_datetime_operator.py
[2025-03-20T15:00:44.672-0500] {processor.py:914} INFO - Processing file /home/nicolas/Escritorio/proyecto/Proyecto_ETL/venv/lib/python3.8/site-packages/airflow/example_dags/example_branch_datetime_operator.py for tasks to queue
[2025-03-20T15:00:44.673-0500] {logging_mixin.py:190} INFO - [2025-03-20T15:00:44.673-0500] {dagbag.py:587} INFO - Filling up the DagBag from /home/nicolas/Escritorio/proyecto/Proyecto_ETL/venv/lib/python3.8/site-packages/airflow/example_dags/example_branch_datetime_operator.py
[2025-03-20T15:00:44.680-0500] {processor.py:925} INFO - DAG(s) 'example_branch_datetime_operator', 'example_branch_datetime_operator_3', 'example_branch_datetime_operator_2' retrieved from /home/nicolas/Escritorio/proyecto/Proyecto_ETL/venv/lib/python3.8/site-packages/airflow/example_dags/example_branch_datetime_operator.py
[2025-03-20T15:00:44.737-0500] {logging_mixin.py:190} INFO - [2025-03-20T15:00:44.736-0500] {override.py:1858} INFO - Created Permission View: can read on DAG:example_branch_datetime_operator
[2025-03-20T15:00:44.744-0500] {logging_mixin.py:190} INFO - [2025-03-20T15:00:44.743-0500] {override.py:1858} INFO - Created Permission View: can edit on DAG:example_branch_datetime_operator
[2025-03-20T15:00:44.749-0500] {logging_mixin.py:190} INFO - [2025-03-20T15:00:44.749-0500] {override.py:1858} INFO - Created Permission View: can delete on DAG:example_branch_datetime_operator
[2025-03-20T15:00:44.761-0500] {logging_mixin.py:190} INFO - [2025-03-20T15:00:44.760-0500] {override.py:1858} INFO - Created Permission View: can read on DAG:example_branch_datetime_operator_3
[2025-03-20T15:00:44.766-0500] {logging_mixin.py:190} INFO - [2025-03-20T15:00:44.765-0500] {override.py:1858} INFO - Created Permission View: can edit on DAG:example_branch_datetime_operator_3
[2025-03-20T15:00:44.770-0500] {logging_mixin.py:190} INFO - [2025-03-20T15:00:44.770-0500] {override.py:1858} INFO - Created Permission View: can delete on DAG:example_branch_datetime_operator_3
[2025-03-20T15:00:44.781-0500] {logging_mixin.py:190} INFO - [2025-03-20T15:00:44.781-0500] {override.py:1858} INFO - Created Permission View: can read on DAG:example_branch_datetime_operator_2
[2025-03-20T15:00:44.786-0500] {logging_mixin.py:190} INFO - [2025-03-20T15:00:44.786-0500] {override.py:1858} INFO - Created Permission View: can edit on DAG:example_branch_datetime_operator_2
[2025-03-20T15:00:44.791-0500] {logging_mixin.py:190} INFO - [2025-03-20T15:00:44.790-0500] {override.py:1858} INFO - Created Permission View: can delete on DAG:example_branch_datetime_operator_2
[2025-03-20T15:00:44.791-0500] {logging_mixin.py:190} INFO - [2025-03-20T15:00:44.791-0500] {dag.py:3211} INFO - Sync 3 DAGs
[2025-03-20T15:00:44.797-0500] {logging_mixin.py:190} INFO - [2025-03-20T15:00:44.797-0500] {dag.py:3234} INFO - Creating ORM DAG for example_branch_datetime_operator
[2025-03-20T15:00:44.797-0500] {logging_mixin.py:190} INFO - [2025-03-20T15:00:44.797-0500] {dag.py:3234} INFO - Creating ORM DAG for example_branch_datetime_operator_3
[2025-03-20T15:00:44.797-0500] {logging_mixin.py:190} INFO - [2025-03-20T15:00:44.797-0500] {dag.py:3234} INFO - Creating ORM DAG for example_branch_datetime_operator_2
[2025-03-20T15:00:44.803-0500] {logging_mixin.py:190} INFO - [2025-03-20T15:00:44.803-0500] {dag.py:4138} INFO - Setting next_dagrun for example_branch_datetime_operator to 2025-03-19 00:00:00+00:00, run_after=2025-03-20 00:00:00+00:00
[2025-03-20T15:00:44.804-0500] {logging_mixin.py:190} INFO - [2025-03-20T15:00:44.804-0500] {dag.py:4138} INFO - Setting next_dagrun for example_branch_datetime_operator_2 to 2025-03-19 00:00:00+00:00, run_after=2025-03-20 00:00:00+00:00
[2025-03-20T15:00:44.805-0500] {logging_mixin.py:190} INFO - [2025-03-20T15:00:44.805-0500] {dag.py:4138} INFO - Setting next_dagrun for example_branch_datetime_operator_3 to 2025-03-19 00:00:00+00:00, run_after=2025-03-20 00:00:00+00:00
[2025-03-20T15:00:44.817-0500] {processor.py:208} INFO - Processing /home/nicolas/Escritorio/proyecto/Proyecto_ETL/venv/lib/python3.8/site-packages/airflow/example_dags/example_branch_datetime_operator.py took 0.149 seconds
[2025-03-20T15:01:40.673-0500] {processor.py:186} INFO - Started process (PID=152134) to work on /home/nicolas/Escritorio/proyecto/Proyecto_ETL/venv/lib/python3.8/site-packages/airflow/example_dags/example_branch_datetime_operator.py
[2025-03-20T15:01:40.674-0500] {processor.py:914} INFO - Processing file /home/nicolas/Escritorio/proyecto/Proyecto_ETL/venv/lib/python3.8/site-packages/airflow/example_dags/example_branch_datetime_operator.py for tasks to queue
[2025-03-20T15:01:40.675-0500] {logging_mixin.py:190} INFO - [2025-03-20T15:01:40.674-0500] {dagbag.py:587} INFO - Filling up the DagBag from /home/nicolas/Escritorio/proyecto/Proyecto_ETL/venv/lib/python3.8/site-packages/airflow/example_dags/example_branch_datetime_operator.py
[2025-03-20T15:01:40.681-0500] {processor.py:925} INFO - DAG(s) 'example_branch_datetime_operator', 'example_branch_datetime_operator_3', 'example_branch_datetime_operator_2' retrieved from /home/nicolas/Escritorio/proyecto/Proyecto_ETL/venv/lib/python3.8/site-packages/airflow/example_dags/example_branch_datetime_operator.py
[2025-03-20T15:01:40.695-0500] {logging_mixin.py:190} INFO - [2025-03-20T15:01:40.695-0500] {dag.py:3211} INFO - Sync 3 DAGs
[2025-03-20T15:01:40.709-0500] {logging_mixin.py:190} INFO - [2025-03-20T15:01:40.708-0500] {dag.py:4138} INFO - Setting next_dagrun for example_branch_datetime_operator to 2025-03-19 00:00:00+00:00, run_after=2025-03-20 00:00:00+00:00
[2025-03-20T15:01:40.711-0500] {logging_mixin.py:190} INFO - [2025-03-20T15:01:40.711-0500] {dag.py:4138} INFO - Setting next_dagrun for example_branch_datetime_operator_2 to 2025-03-19 00:00:00+00:00, run_after=2025-03-20 00:00:00+00:00
[2025-03-20T15:01:40.712-0500] {logging_mixin.py:190} INFO - [2025-03-20T15:01:40.712-0500] {dag.py:4138} INFO - Setting next_dagrun for example_branch_datetime_operator_3 to 2025-03-19 00:00:00+00:00, run_after=2025-03-20 00:00:00+00:00
[2025-03-20T15:01:40.725-0500] {processor.py:208} INFO - Processing /home/nicolas/Escritorio/proyecto/Proyecto_ETL/venv/lib/python3.8/site-packages/airflow/example_dags/example_branch_datetime_operator.py took 0.060 seconds
[2025-03-20T15:02:36.145-0500] {processor.py:186} INFO - Started process (PID=152411) to work on /home/nicolas/Escritorio/proyecto/Proyecto_ETL/venv/lib/python3.8/site-packages/airflow/example_dags/example_branch_datetime_operator.py
[2025-03-20T15:02:36.145-0500] {processor.py:914} INFO - Processing file /home/nicolas/Escritorio/proyecto/Proyecto_ETL/venv/lib/python3.8/site-packages/airflow/example_dags/example_branch_datetime_operator.py for tasks to queue
[2025-03-20T15:02:36.146-0500] {logging_mixin.py:190} INFO - [2025-03-20T15:02:36.146-0500] {dagbag.py:587} INFO - Filling up the DagBag from /home/nicolas/Escritorio/proyecto/Proyecto_ETL/venv/lib/python3.8/site-packages/airflow/example_dags/example_branch_datetime_operator.py
[2025-03-20T15:02:36.155-0500] {processor.py:925} INFO - DAG(s) 'example_branch_datetime_operator_2', 'example_branch_datetime_operator', 'example_branch_datetime_operator_3' retrieved from /home/nicolas/Escritorio/proyecto/Proyecto_ETL/venv/lib/python3.8/site-packages/airflow/example_dags/example_branch_datetime_operator.py
[2025-03-20T15:02:36.167-0500] {logging_mixin.py:190} INFO - [2025-03-20T15:02:36.167-0500] {dag.py:3211} INFO - Sync 3 DAGs
[2025-03-20T15:02:36.180-0500] {logging_mixin.py:190} INFO - [2025-03-20T15:02:36.180-0500] {dag.py:4138} INFO - Setting next_dagrun for example_branch_datetime_operator to 2025-03-19 00:00:00+00:00, run_after=2025-03-20 00:00:00+00:00
[2025-03-20T15:02:36.183-0500] {logging_mixin.py:190} INFO - [2025-03-20T15:02:36.182-0500] {dag.py:4138} INFO - Setting next_dagrun for example_branch_datetime_operator_2 to 2025-03-19 00:00:00+00:00, run_after=2025-03-20 00:00:00+00:00
[2025-03-20T15:02:36.185-0500] {logging_mixin.py:190} INFO - [2025-03-20T15:02:36.184-0500] {dag.py:4138} INFO - Setting next_dagrun for example_branch_datetime_operator_3 to 2025-03-19 00:00:00+00:00, run_after=2025-03-20 00:00:00+00:00
[2025-03-20T15:02:36.196-0500] {processor.py:208} INFO - Processing /home/nicolas/Escritorio/proyecto/Proyecto_ETL/venv/lib/python3.8/site-packages/airflow/example_dags/example_branch_datetime_operator.py took 0.056 seconds
