[2025-03-20T15:00:41.871-0500] {processor.py:186} INFO - Started process (PID=151751) to work on /home/nicolas/Escritorio/proyecto/Proyecto_ETL/venv/lib/python3.8/site-packages/airflow/example_dags/example_trigger_target_dag.py
[2025-03-20T15:00:41.871-0500] {processor.py:914} INFO - Processing file /home/nicolas/Escritorio/proyecto/Proyecto_ETL/venv/lib/python3.8/site-packages/airflow/example_dags/example_trigger_target_dag.py for tasks to queue
[2025-03-20T15:00:41.872-0500] {logging_mixin.py:190} INFO - [2025-03-20T15:00:41.872-0500] {dagbag.py:587} INFO - Filling up the DagBag from /home/nicolas/Escritorio/proyecto/Proyecto_ETL/venv/lib/python3.8/site-packages/airflow/example_dags/example_trigger_target_dag.py
[2025-03-20T15:00:41.877-0500] {processor.py:925} INFO - DAG(s) 'example_trigger_target_dag' retrieved from /home/nicolas/Escritorio/proyecto/Proyecto_ETL/venv/lib/python3.8/site-packages/airflow/example_dags/example_trigger_target_dag.py
[2025-03-20T15:00:41.932-0500] {logging_mixin.py:190} INFO - [2025-03-20T15:00:41.931-0500] {override.py:1858} INFO - Created Permission View: can read on DAG:example_trigger_target_dag
[2025-03-20T15:00:41.938-0500] {logging_mixin.py:190} INFO - [2025-03-20T15:00:41.938-0500] {override.py:1858} INFO - Created Permission View: can edit on DAG:example_trigger_target_dag
[2025-03-20T15:00:41.944-0500] {logging_mixin.py:190} INFO - [2025-03-20T15:00:41.944-0500] {override.py:1858} INFO - Created Permission View: can delete on DAG:example_trigger_target_dag
[2025-03-20T15:00:41.944-0500] {logging_mixin.py:190} INFO - [2025-03-20T15:00:41.944-0500] {dag.py:3211} INFO - Sync 1 DAGs
[2025-03-20T15:00:41.950-0500] {logging_mixin.py:190} INFO - [2025-03-20T15:00:41.950-0500] {dag.py:3234} INFO - Creating ORM DAG for example_trigger_target_dag
[2025-03-20T15:00:41.950-0500] {logging_mixin.py:190} INFO - [2025-03-20T15:00:41.950-0500] {dag.py:4138} INFO - Setting next_dagrun for example_trigger_target_dag to None, run_after=None
[2025-03-20T15:00:41.961-0500] {processor.py:208} INFO - Processing /home/nicolas/Escritorio/proyecto/Proyecto_ETL/venv/lib/python3.8/site-packages/airflow/example_dags/example_trigger_target_dag.py took 0.093 seconds
[2025-03-20T15:01:37.261-0500] {processor.py:186} INFO - Started process (PID=152130) to work on /home/nicolas/Escritorio/proyecto/Proyecto_ETL/venv/lib/python3.8/site-packages/airflow/example_dags/example_trigger_target_dag.py
[2025-03-20T15:01:37.269-0500] {processor.py:914} INFO - Processing file /home/nicolas/Escritorio/proyecto/Proyecto_ETL/venv/lib/python3.8/site-packages/airflow/example_dags/example_trigger_target_dag.py for tasks to queue
[2025-03-20T15:01:37.270-0500] {logging_mixin.py:190} INFO - [2025-03-20T15:01:37.270-0500] {dagbag.py:587} INFO - Filling up the DagBag from /home/nicolas/Escritorio/proyecto/Proyecto_ETL/venv/lib/python3.8/site-packages/airflow/example_dags/example_trigger_target_dag.py
[2025-03-20T15:01:37.276-0500] {processor.py:925} INFO - DAG(s) 'example_trigger_target_dag' retrieved from /home/nicolas/Escritorio/proyecto/Proyecto_ETL/venv/lib/python3.8/site-packages/airflow/example_dags/example_trigger_target_dag.py
[2025-03-20T15:01:37.286-0500] {logging_mixin.py:190} INFO - [2025-03-20T15:01:37.286-0500] {dag.py:3211} INFO - Sync 1 DAGs
[2025-03-20T15:01:37.294-0500] {logging_mixin.py:190} INFO - [2025-03-20T15:01:37.294-0500] {dag.py:4138} INFO - Setting next_dagrun for example_trigger_target_dag to None, run_after=None
[2025-03-20T15:01:37.309-0500] {processor.py:208} INFO - Processing /home/nicolas/Escritorio/proyecto/Proyecto_ETL/venv/lib/python3.8/site-packages/airflow/example_dags/example_trigger_target_dag.py took 0.055 seconds
[2025-03-20T15:02:29.288-0500] {processor.py:186} INFO - Started process (PID=152402) to work on /home/nicolas/Escritorio/proyecto/Proyecto_ETL/venv/lib/python3.8/site-packages/airflow/example_dags/example_trigger_target_dag.py
[2025-03-20T15:02:29.297-0500] {processor.py:914} INFO - Processing file /home/nicolas/Escritorio/proyecto/Proyecto_ETL/venv/lib/python3.8/site-packages/airflow/example_dags/example_trigger_target_dag.py for tasks to queue
[2025-03-20T15:02:29.299-0500] {logging_mixin.py:190} INFO - [2025-03-20T15:02:29.298-0500] {dagbag.py:587} INFO - Filling up the DagBag from /home/nicolas/Escritorio/proyecto/Proyecto_ETL/venv/lib/python3.8/site-packages/airflow/example_dags/example_trigger_target_dag.py
[2025-03-20T15:02:29.306-0500] {processor.py:925} INFO - DAG(s) 'example_trigger_target_dag' retrieved from /home/nicolas/Escritorio/proyecto/Proyecto_ETL/venv/lib/python3.8/site-packages/airflow/example_dags/example_trigger_target_dag.py
[2025-03-20T15:02:29.315-0500] {logging_mixin.py:190} INFO - [2025-03-20T15:02:29.314-0500] {dag.py:3211} INFO - Sync 1 DAGs
[2025-03-20T15:02:29.323-0500] {logging_mixin.py:190} INFO - [2025-03-20T15:02:29.323-0500] {dag.py:4138} INFO - Setting next_dagrun for example_trigger_target_dag to None, run_after=None
[2025-03-20T15:02:29.336-0500] {processor.py:208} INFO - Processing /home/nicolas/Escritorio/proyecto/Proyecto_ETL/venv/lib/python3.8/site-packages/airflow/example_dags/example_trigger_target_dag.py took 0.059 seconds
