[2025-03-20T15:01:01.735-0500] {processor.py:186} INFO - Started process (PID=151935) to work on /home/nicolas/Escritorio/proyecto/Proyecto_ETL/venv/lib/python3.8/site-packages/airflow/example_dags/example_dynamic_task_mapping.py
[2025-03-20T15:01:01.736-0500] {processor.py:914} INFO - Processing file /home/nicolas/Escritorio/proyecto/Proyecto_ETL/venv/lib/python3.8/site-packages/airflow/example_dags/example_dynamic_task_mapping.py for tasks to queue
[2025-03-20T15:01:01.739-0500] {logging_mixin.py:190} INFO - [2025-03-20T15:01:01.739-0500] {dagbag.py:587} INFO - Filling up the DagBag from /home/nicolas/Escritorio/proyecto/Proyecto_ETL/venv/lib/python3.8/site-packages/airflow/example_dags/example_dynamic_task_mapping.py
[2025-03-20T15:01:01.747-0500] {processor.py:925} INFO - DAG(s) 'example_dynamic_task_mapping' retrieved from /home/nicolas/Escritorio/proyecto/Proyecto_ETL/venv/lib/python3.8/site-packages/airflow/example_dags/example_dynamic_task_mapping.py
[2025-03-20T15:01:01.856-0500] {logging_mixin.py:190} INFO - [2025-03-20T15:01:01.848-0500] {override.py:1858} INFO - Created Permission View: can read on DAG:example_dynamic_task_mapping
[2025-03-20T15:01:01.870-0500] {logging_mixin.py:190} INFO - [2025-03-20T15:01:01.869-0500] {override.py:1858} INFO - Created Permission View: can edit on DAG:example_dynamic_task_mapping
[2025-03-20T15:01:01.882-0500] {logging_mixin.py:190} INFO - [2025-03-20T15:01:01.881-0500] {override.py:1858} INFO - Created Permission View: can delete on DAG:example_dynamic_task_mapping
[2025-03-20T15:01:01.882-0500] {logging_mixin.py:190} INFO - [2025-03-20T15:01:01.882-0500] {dag.py:3211} INFO - Sync 1 DAGs
[2025-03-20T15:01:01.897-0500] {logging_mixin.py:190} INFO - [2025-03-20T15:01:01.896-0500] {dag.py:3234} INFO - Creating ORM DAG for example_dynamic_task_mapping
[2025-03-20T15:01:01.909-0500] {logging_mixin.py:190} INFO - [2025-03-20T15:01:01.909-0500] {dag.py:4138} INFO - Setting next_dagrun for example_dynamic_task_mapping to 2022-03-04 00:00:00+00:00, run_after=2022-03-05 00:00:00+00:00
[2025-03-20T15:01:01.930-0500] {processor.py:208} INFO - Processing /home/nicolas/Escritorio/proyecto/Proyecto_ETL/venv/lib/python3.8/site-packages/airflow/example_dags/example_dynamic_task_mapping.py took 0.199 seconds
[2025-03-20T15:01:54.962-0500] {processor.py:186} INFO - Started process (PID=152183) to work on /home/nicolas/Escritorio/proyecto/Proyecto_ETL/venv/lib/python3.8/site-packages/airflow/example_dags/example_dynamic_task_mapping.py
[2025-03-20T15:01:54.971-0500] {processor.py:914} INFO - Processing file /home/nicolas/Escritorio/proyecto/Proyecto_ETL/venv/lib/python3.8/site-packages/airflow/example_dags/example_dynamic_task_mapping.py for tasks to queue
[2025-03-20T15:01:54.973-0500] {logging_mixin.py:190} INFO - [2025-03-20T15:01:54.972-0500] {dagbag.py:587} INFO - Filling up the DagBag from /home/nicolas/Escritorio/proyecto/Proyecto_ETL/venv/lib/python3.8/site-packages/airflow/example_dags/example_dynamic_task_mapping.py
[2025-03-20T15:01:54.977-0500] {processor.py:925} INFO - DAG(s) 'example_dynamic_task_mapping' retrieved from /home/nicolas/Escritorio/proyecto/Proyecto_ETL/venv/lib/python3.8/site-packages/airflow/example_dags/example_dynamic_task_mapping.py
[2025-03-20T15:01:54.987-0500] {logging_mixin.py:190} INFO - [2025-03-20T15:01:54.987-0500] {dag.py:3211} INFO - Sync 1 DAGs
[2025-03-20T15:01:54.998-0500] {logging_mixin.py:190} INFO - [2025-03-20T15:01:54.998-0500] {dag.py:4138} INFO - Setting next_dagrun for example_dynamic_task_mapping to 2022-03-04 00:00:00+00:00, run_after=2022-03-05 00:00:00+00:00
[2025-03-20T15:01:55.010-0500] {processor.py:208} INFO - Processing /home/nicolas/Escritorio/proyecto/Proyecto_ETL/venv/lib/python3.8/site-packages/airflow/example_dags/example_dynamic_task_mapping.py took 0.060 seconds
[2025-03-20T15:02:52.624-0500] {processor.py:186} INFO - Started process (PID=152552) to work on /home/nicolas/Escritorio/proyecto/Proyecto_ETL/venv/lib/python3.8/site-packages/airflow/example_dags/example_dynamic_task_mapping.py
[2025-03-20T15:02:52.625-0500] {processor.py:914} INFO - Processing file /home/nicolas/Escritorio/proyecto/Proyecto_ETL/venv/lib/python3.8/site-packages/airflow/example_dags/example_dynamic_task_mapping.py for tasks to queue
[2025-03-20T15:02:52.626-0500] {logging_mixin.py:190} INFO - [2025-03-20T15:02:52.626-0500] {dagbag.py:587} INFO - Filling up the DagBag from /home/nicolas/Escritorio/proyecto/Proyecto_ETL/venv/lib/python3.8/site-packages/airflow/example_dags/example_dynamic_task_mapping.py
[2025-03-20T15:02:52.630-0500] {processor.py:925} INFO - DAG(s) 'example_dynamic_task_mapping' retrieved from /home/nicolas/Escritorio/proyecto/Proyecto_ETL/venv/lib/python3.8/site-packages/airflow/example_dags/example_dynamic_task_mapping.py
[2025-03-20T15:02:52.641-0500] {logging_mixin.py:190} INFO - [2025-03-20T15:02:52.640-0500] {dag.py:3211} INFO - Sync 1 DAGs
[2025-03-20T15:02:52.653-0500] {logging_mixin.py:190} INFO - [2025-03-20T15:02:52.652-0500] {dag.py:4138} INFO - Setting next_dagrun for example_dynamic_task_mapping to 2022-03-04 00:00:00+00:00, run_after=2022-03-05 00:00:00+00:00
[2025-03-20T15:02:52.664-0500] {processor.py:208} INFO - Processing /home/nicolas/Escritorio/proyecto/Proyecto_ETL/venv/lib/python3.8/site-packages/airflow/example_dags/example_dynamic_task_mapping.py took 0.045 seconds
