[2025-03-20T15:00:35.381-0500] {processor.py:186} INFO - Started process (PID=151744) to work on /home/nicolas/Escritorio/proyecto/Proyecto_ETL/venv/lib/python3.8/site-packages/airflow/example_dags/example_params_ui_tutorial.py
[2025-03-20T15:00:35.382-0500] {processor.py:914} INFO - Processing file /home/nicolas/Escritorio/proyecto/Proyecto_ETL/venv/lib/python3.8/site-packages/airflow/example_dags/example_params_ui_tutorial.py for tasks to queue
[2025-03-20T15:00:35.383-0500] {logging_mixin.py:190} INFO - [2025-03-20T15:00:35.382-0500] {dagbag.py:587} INFO - Filling up the DagBag from /home/nicolas/Escritorio/proyecto/Proyecto_ETL/venv/lib/python3.8/site-packages/airflow/example_dags/example_params_ui_tutorial.py
[2025-03-20T15:00:35.388-0500] {processor.py:925} INFO - DAG(s) 'example_params_ui_tutorial' retrieved from /home/nicolas/Escritorio/proyecto/Proyecto_ETL/venv/lib/python3.8/site-packages/airflow/example_dags/example_params_ui_tutorial.py
[2025-03-20T15:00:35.467-0500] {logging_mixin.py:190} INFO - [2025-03-20T15:00:35.467-0500] {override.py:1858} INFO - Created Permission View: can read on DAG:example_params_ui_tutorial
[2025-03-20T15:00:35.475-0500] {logging_mixin.py:190} INFO - [2025-03-20T15:00:35.475-0500] {override.py:1858} INFO - Created Permission View: can edit on DAG:example_params_ui_tutorial
[2025-03-20T15:00:35.481-0500] {logging_mixin.py:190} INFO - [2025-03-20T15:00:35.481-0500] {override.py:1858} INFO - Created Permission View: can delete on DAG:example_params_ui_tutorial
[2025-03-20T15:00:35.481-0500] {logging_mixin.py:190} INFO - [2025-03-20T15:00:35.481-0500] {dag.py:3211} INFO - Sync 1 DAGs
[2025-03-20T15:00:35.488-0500] {logging_mixin.py:190} INFO - [2025-03-20T15:00:35.488-0500] {dag.py:3234} INFO - Creating ORM DAG for example_params_ui_tutorial
[2025-03-20T15:00:35.488-0500] {logging_mixin.py:190} INFO - [2025-03-20T15:00:35.488-0500] {dag.py:4138} INFO - Setting next_dagrun for example_params_ui_tutorial to None, run_after=None
[2025-03-20T15:00:35.501-0500] {processor.py:208} INFO - Processing /home/nicolas/Escritorio/proyecto/Proyecto_ETL/venv/lib/python3.8/site-packages/airflow/example_dags/example_params_ui_tutorial.py took 0.122 seconds
[2025-03-20T15:01:32.779-0500] {processor.py:186} INFO - Started process (PID=152121) to work on /home/nicolas/Escritorio/proyecto/Proyecto_ETL/venv/lib/python3.8/site-packages/airflow/example_dags/example_params_ui_tutorial.py
[2025-03-20T15:01:32.787-0500] {processor.py:914} INFO - Processing file /home/nicolas/Escritorio/proyecto/Proyecto_ETL/venv/lib/python3.8/site-packages/airflow/example_dags/example_params_ui_tutorial.py for tasks to queue
[2025-03-20T15:01:32.788-0500] {logging_mixin.py:190} INFO - [2025-03-20T15:01:32.788-0500] {dagbag.py:587} INFO - Filling up the DagBag from /home/nicolas/Escritorio/proyecto/Proyecto_ETL/venv/lib/python3.8/site-packages/airflow/example_dags/example_params_ui_tutorial.py
[2025-03-20T15:01:32.794-0500] {processor.py:925} INFO - DAG(s) 'example_params_ui_tutorial' retrieved from /home/nicolas/Escritorio/proyecto/Proyecto_ETL/venv/lib/python3.8/site-packages/airflow/example_dags/example_params_ui_tutorial.py
[2025-03-20T15:01:32.823-0500] {logging_mixin.py:190} INFO - [2025-03-20T15:01:32.823-0500] {dag.py:3211} INFO - Sync 1 DAGs
[2025-03-20T15:01:32.831-0500] {logging_mixin.py:190} INFO - [2025-03-20T15:01:32.831-0500] {dag.py:4138} INFO - Setting next_dagrun for example_params_ui_tutorial to None, run_after=None
[2025-03-20T15:01:32.856-0500] {processor.py:208} INFO - Processing /home/nicolas/Escritorio/proyecto/Proyecto_ETL/venv/lib/python3.8/site-packages/airflow/example_dags/example_params_ui_tutorial.py took 0.082 seconds
[2025-03-20T15:02:22.680-0500] {processor.py:186} INFO - Started process (PID=152396) to work on /home/nicolas/Escritorio/proyecto/Proyecto_ETL/venv/lib/python3.8/site-packages/airflow/example_dags/example_params_ui_tutorial.py
[2025-03-20T15:02:22.688-0500] {processor.py:914} INFO - Processing file /home/nicolas/Escritorio/proyecto/Proyecto_ETL/venv/lib/python3.8/site-packages/airflow/example_dags/example_params_ui_tutorial.py for tasks to queue
[2025-03-20T15:02:22.691-0500] {logging_mixin.py:190} INFO - [2025-03-20T15:02:22.691-0500] {dagbag.py:587} INFO - Filling up the DagBag from /home/nicolas/Escritorio/proyecto/Proyecto_ETL/venv/lib/python3.8/site-packages/airflow/example_dags/example_params_ui_tutorial.py
[2025-03-20T15:02:22.700-0500] {processor.py:925} INFO - DAG(s) 'example_params_ui_tutorial' retrieved from /home/nicolas/Escritorio/proyecto/Proyecto_ETL/venv/lib/python3.8/site-packages/airflow/example_dags/example_params_ui_tutorial.py
[2025-03-20T15:02:22.725-0500] {logging_mixin.py:190} INFO - [2025-03-20T15:02:22.725-0500] {dag.py:3211} INFO - Sync 1 DAGs
[2025-03-20T15:02:22.732-0500] {logging_mixin.py:190} INFO - [2025-03-20T15:02:22.732-0500] {dag.py:4138} INFO - Setting next_dagrun for example_params_ui_tutorial to None, run_after=None
[2025-03-20T15:02:22.763-0500] {processor.py:208} INFO - Processing /home/nicolas/Escritorio/proyecto/Proyecto_ETL/venv/lib/python3.8/site-packages/airflow/example_dags/example_params_ui_tutorial.py took 0.092 seconds
