[2025-03-20T15:00:24.530-0500] {processor.py:186} INFO - Started process (PID=151634) to work on /home/nicolas/Escritorio/proyecto/Proyecto_ETL/venv/lib/python3.8/site-packages/airflow/example_dags/tutorial_taskflow_api_virtualenv.py
[2025-03-20T15:00:24.531-0500] {processor.py:914} INFO - Processing file /home/nicolas/Escritorio/proyecto/Proyecto_ETL/venv/lib/python3.8/site-packages/airflow/example_dags/tutorial_taskflow_api_virtualenv.py for tasks to queue
[2025-03-20T15:00:24.534-0500] {logging_mixin.py:190} INFO - [2025-03-20T15:00:24.534-0500] {dagbag.py:587} INFO - Filling up the DagBag from /home/nicolas/Escritorio/proyecto/Proyecto_ETL/venv/lib/python3.8/site-packages/airflow/example_dags/tutorial_taskflow_api_virtualenv.py
[2025-03-20T15:00:24.544-0500] {processor.py:925} INFO - DAG(s) 'tutorial_taskflow_api_virtualenv' retrieved from /home/nicolas/Escritorio/proyecto/Proyecto_ETL/venv/lib/python3.8/site-packages/airflow/example_dags/tutorial_taskflow_api_virtualenv.py
[2025-03-20T15:00:24.599-0500] {logging_mixin.py:190} INFO - [2025-03-20T15:00:24.599-0500] {override.py:1858} INFO - Created Permission View: can read on DAG:tutorial_taskflow_api_virtualenv
[2025-03-20T15:00:24.606-0500] {logging_mixin.py:190} INFO - [2025-03-20T15:00:24.606-0500] {override.py:1858} INFO - Created Permission View: can edit on DAG:tutorial_taskflow_api_virtualenv
[2025-03-20T15:00:24.611-0500] {logging_mixin.py:190} INFO - [2025-03-20T15:00:24.611-0500] {override.py:1858} INFO - Created Permission View: can delete on DAG:tutorial_taskflow_api_virtualenv
[2025-03-20T15:00:24.612-0500] {logging_mixin.py:190} INFO - [2025-03-20T15:00:24.612-0500] {dag.py:3211} INFO - Sync 1 DAGs
[2025-03-20T15:00:24.618-0500] {logging_mixin.py:190} INFO - [2025-03-20T15:00:24.618-0500] {dag.py:3234} INFO - Creating ORM DAG for tutorial_taskflow_api_virtualenv
[2025-03-20T15:00:24.619-0500] {logging_mixin.py:190} INFO - [2025-03-20T15:00:24.619-0500] {dag.py:4138} INFO - Setting next_dagrun for tutorial_taskflow_api_virtualenv to None, run_after=None
[2025-03-20T15:00:24.629-0500] {processor.py:208} INFO - Processing /home/nicolas/Escritorio/proyecto/Proyecto_ETL/venv/lib/python3.8/site-packages/airflow/example_dags/tutorial_taskflow_api_virtualenv.py took 0.105 seconds
[2025-03-20T15:01:22.131-0500] {processor.py:186} INFO - Started process (PID=152074) to work on /home/nicolas/Escritorio/proyecto/Proyecto_ETL/venv/lib/python3.8/site-packages/airflow/example_dags/tutorial_taskflow_api_virtualenv.py
[2025-03-20T15:01:22.132-0500] {processor.py:914} INFO - Processing file /home/nicolas/Escritorio/proyecto/Proyecto_ETL/venv/lib/python3.8/site-packages/airflow/example_dags/tutorial_taskflow_api_virtualenv.py for tasks to queue
[2025-03-20T15:01:22.133-0500] {logging_mixin.py:190} INFO - [2025-03-20T15:01:22.133-0500] {dagbag.py:587} INFO - Filling up the DagBag from /home/nicolas/Escritorio/proyecto/Proyecto_ETL/venv/lib/python3.8/site-packages/airflow/example_dags/tutorial_taskflow_api_virtualenv.py
[2025-03-20T15:01:22.143-0500] {processor.py:925} INFO - DAG(s) 'tutorial_taskflow_api_virtualenv' retrieved from /home/nicolas/Escritorio/proyecto/Proyecto_ETL/venv/lib/python3.8/site-packages/airflow/example_dags/tutorial_taskflow_api_virtualenv.py
[2025-03-20T15:01:22.155-0500] {logging_mixin.py:190} INFO - [2025-03-20T15:01:22.155-0500] {dag.py:3211} INFO - Sync 1 DAGs
[2025-03-20T15:01:22.164-0500] {logging_mixin.py:190} INFO - [2025-03-20T15:01:22.164-0500] {dag.py:4138} INFO - Setting next_dagrun for tutorial_taskflow_api_virtualenv to None, run_after=None
[2025-03-20T15:01:22.179-0500] {processor.py:208} INFO - Processing /home/nicolas/Escritorio/proyecto/Proyecto_ETL/venv/lib/python3.8/site-packages/airflow/example_dags/tutorial_taskflow_api_virtualenv.py took 0.055 seconds
[2025-03-20T15:02:12.707-0500] {processor.py:186} INFO - Started process (PID=152263) to work on /home/nicolas/Escritorio/proyecto/Proyecto_ETL/venv/lib/python3.8/site-packages/airflow/example_dags/tutorial_taskflow_api_virtualenv.py
[2025-03-20T15:02:12.711-0500] {processor.py:914} INFO - Processing file /home/nicolas/Escritorio/proyecto/Proyecto_ETL/venv/lib/python3.8/site-packages/airflow/example_dags/tutorial_taskflow_api_virtualenv.py for tasks to queue
[2025-03-20T15:02:12.713-0500] {logging_mixin.py:190} INFO - [2025-03-20T15:02:12.712-0500] {dagbag.py:587} INFO - Filling up the DagBag from /home/nicolas/Escritorio/proyecto/Proyecto_ETL/venv/lib/python3.8/site-packages/airflow/example_dags/tutorial_taskflow_api_virtualenv.py
[2025-03-20T15:02:12.724-0500] {processor.py:925} INFO - DAG(s) 'tutorial_taskflow_api_virtualenv' retrieved from /home/nicolas/Escritorio/proyecto/Proyecto_ETL/venv/lib/python3.8/site-packages/airflow/example_dags/tutorial_taskflow_api_virtualenv.py
[2025-03-20T15:02:12.735-0500] {logging_mixin.py:190} INFO - [2025-03-20T15:02:12.735-0500] {dag.py:3211} INFO - Sync 1 DAGs
[2025-03-20T15:02:12.742-0500] {logging_mixin.py:190} INFO - [2025-03-20T15:02:12.742-0500] {dag.py:4138} INFO - Setting next_dagrun for tutorial_taskflow_api_virtualenv to None, run_after=None
[2025-03-20T15:02:12.756-0500] {processor.py:208} INFO - Processing /home/nicolas/Escritorio/proyecto/Proyecto_ETL/venv/lib/python3.8/site-packages/airflow/example_dags/tutorial_taskflow_api_virtualenv.py took 0.054 seconds
[2025-03-20T15:03:05.500-0500] {processor.py:186} INFO - Started process (PID=152626) to work on /home/nicolas/Escritorio/proyecto/Proyecto_ETL/venv/lib/python3.8/site-packages/airflow/example_dags/tutorial_taskflow_api_virtualenv.py
[2025-03-20T15:03:05.508-0500] {processor.py:914} INFO - Processing file /home/nicolas/Escritorio/proyecto/Proyecto_ETL/venv/lib/python3.8/site-packages/airflow/example_dags/tutorial_taskflow_api_virtualenv.py for tasks to queue
[2025-03-20T15:03:05.511-0500] {logging_mixin.py:190} INFO - [2025-03-20T15:03:05.511-0500] {dagbag.py:587} INFO - Filling up the DagBag from /home/nicolas/Escritorio/proyecto/Proyecto_ETL/venv/lib/python3.8/site-packages/airflow/example_dags/tutorial_taskflow_api_virtualenv.py
[2025-03-20T15:03:05.522-0500] {processor.py:925} INFO - DAG(s) 'tutorial_taskflow_api_virtualenv' retrieved from /home/nicolas/Escritorio/proyecto/Proyecto_ETL/venv/lib/python3.8/site-packages/airflow/example_dags/tutorial_taskflow_api_virtualenv.py
[2025-03-20T15:03:05.531-0500] {logging_mixin.py:190} INFO - [2025-03-20T15:03:05.531-0500] {dag.py:3211} INFO - Sync 1 DAGs
[2025-03-20T15:03:05.537-0500] {logging_mixin.py:190} INFO - [2025-03-20T15:03:05.537-0500] {dag.py:4138} INFO - Setting next_dagrun for tutorial_taskflow_api_virtualenv to None, run_after=None
[2025-03-20T15:03:05.548-0500] {processor.py:208} INFO - Processing /home/nicolas/Escritorio/proyecto/Proyecto_ETL/venv/lib/python3.8/site-packages/airflow/example_dags/tutorial_taskflow_api_virtualenv.py took 0.054 seconds
