[2025-03-20T15:00:23.278-0500] {processor.py:186} INFO - Started process (PID=151604) to work on /home/nicolas/Escritorio/proyecto/Proyecto_ETL/venv/lib/python3.8/site-packages/airflow/example_dags/tutorial_objectstorage.py
[2025-03-20T15:00:23.278-0500] {processor.py:914} INFO - Processing file /home/nicolas/Escritorio/proyecto/Proyecto_ETL/venv/lib/python3.8/site-packages/airflow/example_dags/tutorial_objectstorage.py for tasks to queue
[2025-03-20T15:00:23.279-0500] {logging_mixin.py:190} INFO - [2025-03-20T15:00:23.279-0500] {dagbag.py:587} INFO - Filling up the DagBag from /home/nicolas/Escritorio/proyecto/Proyecto_ETL/venv/lib/python3.8/site-packages/airflow/example_dags/tutorial_objectstorage.py
[2025-03-20T15:00:23.285-0500] {processor.py:925} INFO - DAG(s) 'tutorial_objectstorage' retrieved from /home/nicolas/Escritorio/proyecto/Proyecto_ETL/venv/lib/python3.8/site-packages/airflow/example_dags/tutorial_objectstorage.py
[2025-03-20T15:00:23.355-0500] {logging_mixin.py:190} INFO - [2025-03-20T15:00:23.355-0500] {override.py:1858} INFO - Created Permission View: can read on DAG:tutorial_objectstorage
[2025-03-20T15:00:23.364-0500] {logging_mixin.py:190} INFO - [2025-03-20T15:00:23.364-0500] {override.py:1858} INFO - Created Permission View: can edit on DAG:tutorial_objectstorage
[2025-03-20T15:00:23.380-0500] {logging_mixin.py:190} INFO - [2025-03-20T15:00:23.380-0500] {override.py:1858} INFO - Created Permission View: can delete on DAG:tutorial_objectstorage
[2025-03-20T15:00:23.380-0500] {logging_mixin.py:190} INFO - [2025-03-20T15:00:23.380-0500] {dag.py:3211} INFO - Sync 1 DAGs
[2025-03-20T15:00:23.392-0500] {logging_mixin.py:190} INFO - [2025-03-20T15:00:23.391-0500] {dag.py:3234} INFO - Creating ORM DAG for tutorial_objectstorage
[2025-03-20T15:00:23.392-0500] {logging_mixin.py:190} INFO - [2025-03-20T15:00:23.392-0500] {dag.py:4138} INFO - Setting next_dagrun for tutorial_objectstorage to None, run_after=None
[2025-03-20T15:00:23.419-0500] {processor.py:208} INFO - Processing /home/nicolas/Escritorio/proyecto/Proyecto_ETL/venv/lib/python3.8/site-packages/airflow/example_dags/tutorial_objectstorage.py took 0.144 seconds
[2025-03-20T15:01:21.676-0500] {processor.py:186} INFO - Started process (PID=152073) to work on /home/nicolas/Escritorio/proyecto/Proyecto_ETL/venv/lib/python3.8/site-packages/airflow/example_dags/tutorial_objectstorage.py
[2025-03-20T15:01:21.677-0500] {processor.py:914} INFO - Processing file /home/nicolas/Escritorio/proyecto/Proyecto_ETL/venv/lib/python3.8/site-packages/airflow/example_dags/tutorial_objectstorage.py for tasks to queue
[2025-03-20T15:01:21.679-0500] {logging_mixin.py:190} INFO - [2025-03-20T15:01:21.679-0500] {dagbag.py:587} INFO - Filling up the DagBag from /home/nicolas/Escritorio/proyecto/Proyecto_ETL/venv/lib/python3.8/site-packages/airflow/example_dags/tutorial_objectstorage.py
[2025-03-20T15:01:21.684-0500] {processor.py:925} INFO - DAG(s) 'tutorial_objectstorage' retrieved from /home/nicolas/Escritorio/proyecto/Proyecto_ETL/venv/lib/python3.8/site-packages/airflow/example_dags/tutorial_objectstorage.py
[2025-03-20T15:01:21.695-0500] {logging_mixin.py:190} INFO - [2025-03-20T15:01:21.695-0500] {dag.py:3211} INFO - Sync 1 DAGs
[2025-03-20T15:01:21.701-0500] {logging_mixin.py:190} INFO - [2025-03-20T15:01:21.701-0500] {dag.py:4138} INFO - Setting next_dagrun for tutorial_objectstorage to None, run_after=None
[2025-03-20T15:01:21.715-0500] {processor.py:208} INFO - Processing /home/nicolas/Escritorio/proyecto/Proyecto_ETL/venv/lib/python3.8/site-packages/airflow/example_dags/tutorial_objectstorage.py took 0.050 seconds
[2025-03-20T15:02:11.573-0500] {processor.py:186} INFO - Started process (PID=152262) to work on /home/nicolas/Escritorio/proyecto/Proyecto_ETL/venv/lib/python3.8/site-packages/airflow/example_dags/tutorial_objectstorage.py
[2025-03-20T15:02:11.581-0500] {processor.py:914} INFO - Processing file /home/nicolas/Escritorio/proyecto/Proyecto_ETL/venv/lib/python3.8/site-packages/airflow/example_dags/tutorial_objectstorage.py for tasks to queue
[2025-03-20T15:02:11.582-0500] {logging_mixin.py:190} INFO - [2025-03-20T15:02:11.582-0500] {dagbag.py:587} INFO - Filling up the DagBag from /home/nicolas/Escritorio/proyecto/Proyecto_ETL/venv/lib/python3.8/site-packages/airflow/example_dags/tutorial_objectstorage.py
[2025-03-20T15:02:11.587-0500] {processor.py:925} INFO - DAG(s) 'tutorial_objectstorage' retrieved from /home/nicolas/Escritorio/proyecto/Proyecto_ETL/venv/lib/python3.8/site-packages/airflow/example_dags/tutorial_objectstorage.py
[2025-03-20T15:02:11.595-0500] {logging_mixin.py:190} INFO - [2025-03-20T15:02:11.594-0500] {dag.py:3211} INFO - Sync 1 DAGs
[2025-03-20T15:02:11.601-0500] {logging_mixin.py:190} INFO - [2025-03-20T15:02:11.601-0500] {dag.py:4138} INFO - Setting next_dagrun for tutorial_objectstorage to None, run_after=None
[2025-03-20T15:02:11.612-0500] {processor.py:208} INFO - Processing /home/nicolas/Escritorio/proyecto/Proyecto_ETL/venv/lib/python3.8/site-packages/airflow/example_dags/tutorial_objectstorage.py took 0.045 seconds
[2025-03-20T15:03:04.354-0500] {processor.py:186} INFO - Started process (PID=152625) to work on /home/nicolas/Escritorio/proyecto/Proyecto_ETL/venv/lib/python3.8/site-packages/airflow/example_dags/tutorial_objectstorage.py
[2025-03-20T15:03:04.363-0500] {processor.py:914} INFO - Processing file /home/nicolas/Escritorio/proyecto/Proyecto_ETL/venv/lib/python3.8/site-packages/airflow/example_dags/tutorial_objectstorage.py for tasks to queue
[2025-03-20T15:03:04.366-0500] {logging_mixin.py:190} INFO - [2025-03-20T15:03:04.366-0500] {dagbag.py:587} INFO - Filling up the DagBag from /home/nicolas/Escritorio/proyecto/Proyecto_ETL/venv/lib/python3.8/site-packages/airflow/example_dags/tutorial_objectstorage.py
[2025-03-20T15:03:04.375-0500] {processor.py:925} INFO - DAG(s) 'tutorial_objectstorage' retrieved from /home/nicolas/Escritorio/proyecto/Proyecto_ETL/venv/lib/python3.8/site-packages/airflow/example_dags/tutorial_objectstorage.py
[2025-03-20T15:03:04.383-0500] {logging_mixin.py:190} INFO - [2025-03-20T15:03:04.383-0500] {dag.py:3211} INFO - Sync 1 DAGs
[2025-03-20T15:03:04.390-0500] {logging_mixin.py:190} INFO - [2025-03-20T15:03:04.390-0500] {dag.py:4138} INFO - Setting next_dagrun for tutorial_objectstorage to None, run_after=None
[2025-03-20T15:03:04.401-0500] {processor.py:208} INFO - Processing /home/nicolas/Escritorio/proyecto/Proyecto_ETL/venv/lib/python3.8/site-packages/airflow/example_dags/tutorial_objectstorage.py took 0.057 seconds
