[2025-03-20T15:00:36.924-0500] {processor.py:186} INFO - Started process (PID=151746) to work on /home/nicolas/Escritorio/proyecto/Proyecto_ETL/venv/lib/python3.8/site-packages/airflow/example_dags/tutorial_dag.py
[2025-03-20T15:00:36.925-0500] {processor.py:914} INFO - Processing file /home/nicolas/Escritorio/proyecto/Proyecto_ETL/venv/lib/python3.8/site-packages/airflow/example_dags/tutorial_dag.py for tasks to queue
[2025-03-20T15:00:36.926-0500] {logging_mixin.py:190} INFO - [2025-03-20T15:00:36.925-0500] {dagbag.py:587} INFO - Filling up the DagBag from /home/nicolas/Escritorio/proyecto/Proyecto_ETL/venv/lib/python3.8/site-packages/airflow/example_dags/tutorial_dag.py
[2025-03-20T15:00:36.930-0500] {processor.py:925} INFO - DAG(s) 'tutorial_dag' retrieved from /home/nicolas/Escritorio/proyecto/Proyecto_ETL/venv/lib/python3.8/site-packages/airflow/example_dags/tutorial_dag.py
[2025-03-20T15:00:36.995-0500] {logging_mixin.py:190} INFO - [2025-03-20T15:00:36.995-0500] {override.py:1858} INFO - Created Permission View: can read on DAG:tutorial_dag
[2025-03-20T15:00:37.002-0500] {logging_mixin.py:190} INFO - [2025-03-20T15:00:37.002-0500] {override.py:1858} INFO - Created Permission View: can edit on DAG:tutorial_dag
[2025-03-20T15:00:37.007-0500] {logging_mixin.py:190} INFO - [2025-03-20T15:00:37.007-0500] {override.py:1858} INFO - Created Permission View: can delete on DAG:tutorial_dag
[2025-03-20T15:00:37.007-0500] {logging_mixin.py:190} INFO - [2025-03-20T15:00:37.007-0500] {dag.py:3211} INFO - Sync 1 DAGs
[2025-03-20T15:00:37.014-0500] {logging_mixin.py:190} INFO - [2025-03-20T15:00:37.013-0500] {dag.py:3234} INFO - Creating ORM DAG for tutorial_dag
[2025-03-20T15:00:37.014-0500] {logging_mixin.py:190} INFO - [2025-03-20T15:00:37.014-0500] {dag.py:4138} INFO - Setting next_dagrun for tutorial_dag to None, run_after=None
[2025-03-20T15:00:37.025-0500] {processor.py:208} INFO - Processing /home/nicolas/Escritorio/proyecto/Proyecto_ETL/venv/lib/python3.8/site-packages/airflow/example_dags/tutorial_dag.py took 0.104 seconds
[2025-03-20T15:01:34.361-0500] {processor.py:186} INFO - Started process (PID=152124) to work on /home/nicolas/Escritorio/proyecto/Proyecto_ETL/venv/lib/python3.8/site-packages/airflow/example_dags/tutorial_dag.py
[2025-03-20T15:01:34.361-0500] {processor.py:914} INFO - Processing file /home/nicolas/Escritorio/proyecto/Proyecto_ETL/venv/lib/python3.8/site-packages/airflow/example_dags/tutorial_dag.py for tasks to queue
[2025-03-20T15:01:34.362-0500] {logging_mixin.py:190} INFO - [2025-03-20T15:01:34.362-0500] {dagbag.py:587} INFO - Filling up the DagBag from /home/nicolas/Escritorio/proyecto/Proyecto_ETL/venv/lib/python3.8/site-packages/airflow/example_dags/tutorial_dag.py
[2025-03-20T15:01:34.366-0500] {processor.py:925} INFO - DAG(s) 'tutorial_dag' retrieved from /home/nicolas/Escritorio/proyecto/Proyecto_ETL/venv/lib/python3.8/site-packages/airflow/example_dags/tutorial_dag.py
[2025-03-20T15:01:34.377-0500] {logging_mixin.py:190} INFO - [2025-03-20T15:01:34.376-0500] {dag.py:3211} INFO - Sync 1 DAGs
[2025-03-20T15:01:34.383-0500] {logging_mixin.py:190} INFO - [2025-03-20T15:01:34.383-0500] {dag.py:4138} INFO - Setting next_dagrun for tutorial_dag to None, run_after=None
[2025-03-20T15:01:34.397-0500] {processor.py:208} INFO - Processing /home/nicolas/Escritorio/proyecto/Proyecto_ETL/venv/lib/python3.8/site-packages/airflow/example_dags/tutorial_dag.py took 0.041 seconds
[2025-03-20T15:02:24.941-0500] {processor.py:186} INFO - Started process (PID=152398) to work on /home/nicolas/Escritorio/proyecto/Proyecto_ETL/venv/lib/python3.8/site-packages/airflow/example_dags/tutorial_dag.py
[2025-03-20T15:02:24.949-0500] {processor.py:914} INFO - Processing file /home/nicolas/Escritorio/proyecto/Proyecto_ETL/venv/lib/python3.8/site-packages/airflow/example_dags/tutorial_dag.py for tasks to queue
[2025-03-20T15:02:24.950-0500] {logging_mixin.py:190} INFO - [2025-03-20T15:02:24.950-0500] {dagbag.py:587} INFO - Filling up the DagBag from /home/nicolas/Escritorio/proyecto/Proyecto_ETL/venv/lib/python3.8/site-packages/airflow/example_dags/tutorial_dag.py
[2025-03-20T15:02:24.955-0500] {processor.py:925} INFO - DAG(s) 'tutorial_dag' retrieved from /home/nicolas/Escritorio/proyecto/Proyecto_ETL/venv/lib/python3.8/site-packages/airflow/example_dags/tutorial_dag.py
[2025-03-20T15:02:24.965-0500] {logging_mixin.py:190} INFO - [2025-03-20T15:02:24.965-0500] {dag.py:3211} INFO - Sync 1 DAGs
[2025-03-20T15:02:24.975-0500] {logging_mixin.py:190} INFO - [2025-03-20T15:02:24.974-0500] {dag.py:4138} INFO - Setting next_dagrun for tutorial_dag to None, run_after=None
[2025-03-20T15:02:25.008-0500] {processor.py:208} INFO - Processing /home/nicolas/Escritorio/proyecto/Proyecto_ETL/venv/lib/python3.8/site-packages/airflow/example_dags/tutorial_dag.py took 0.072 seconds
