2025-05-16 22:04:18,379 - INFO - Inicio del notebook de la carga 001_load_airbnb
2025-05-16 22:04:18,386 - INFO - Ruta del archivo CSV: /home/nicolas/Escritorio/proyecto ETL/develop/data/raw/Airbnb_Open_Data.csv
2025-05-16 22:04:18,387 - INFO - Ruta del archivo .env: /home/nicolas/Escritorio/proyecto ETL/develop/env/.env
2025-05-16 22:04:18,388 - INFO - Nombre de la tabla en PostgreSQL: raw_airbnb
2025-05-16 22:04:18,389 - INFO - Variables de entorno para PostgreSQL cargadas correctamente.
2025-05-16 22:04:18,396 - INFO - DataFrame 'df_airbnb' predefinido como un DataFrame vacío.
2025-05-16 22:04:18,402 - INFO - Intentando cargar el archivo CSV: /home/nicolas/Escritorio/proyecto ETL/develop/data/raw/Airbnb_Open_Data.csv
2025-05-16 22:04:18,835 - INFO - Archivo CSV '/home/nicolas/Escritorio/proyecto ETL/develop/data/raw/Airbnb_Open_Data.csv' cargado exitosamente.
2025-05-16 22:04:18,835 - INFO - El DataFrame tiene 102599 filas y 26 columnas.
2025-05-16 22:04:18,840 - INFO - Mostrando las primeras 5 filas del DataFrame df_airbnb (formato markdown):
2025-05-16 22:04:18,847 - INFO - 
|      id | NAME                                             |     host id | host_identity_verified   | host name   | neighbourhood group   | neighbourhood   |     lat |     long | country       | country code   | instant_bookable   | cancellation_policy   | room type       |   Construction year | price   | service fee   |   minimum nights |   number of reviews | last review   |   reviews per month |   review rate number |   calculated host listings count |   availability 365 | house_rules                                                                                                                                                                                                                                                                                                                                                                                                         |   license |
|--------:|:-------------------------------------------------|------------:|:-------------------------|:------------|:----------------------|:----------------|--------:|---------:|:--------------|:---------------|:-------------------|:----------------------|:----------------|--------------------:|:--------|:--------------|-----------------:|--------------------:|:--------------|--------------------:|---------------------:|---------------------------------:|-------------------:|:--------------------------------------------------------------------------------------------------------------------------------------------------------------------------------------------------------------------------------------------------------------------------------------------------------------------------------------------------------------------------------------------------------------------|----------:|
| 1001254 | Clean & quiet apt home by the park               | 80014485718 | unconfirmed              | Madaline    | Brooklyn              | Kensington      | 40.6475 | -73.9724 | United States | US             | False              | strict                | Private room    |                2020 | $966    | $193          |               10 |                   9 | 10/19/2021    |                0.21 |                    4 |                                6 |                286 | Clean up and treat the home the way you'd like your home to be treated.  No smoking.                                                                                                                                                                                                                                                                                                                                |       nan |
| 1002102 | Skylit Midtown Castle                            | 52335172823 | verified                 | Jenna       | Manhattan             | Midtown         | 40.7536 | -73.9838 | United States | US             | False              | moderate              | Entire home/apt |                2007 | $142    | $28           |               30 |                  45 | 5/21/2022     |                0.38 |                    4 |                                2 |                228 | Pet friendly but please confirm with me if the pet you are planning on bringing with you is OK. I have a cute and quiet mixed chihuahua. I could accept more guests (for an extra fee) but this also needs to be confirmed beforehand. Also friends traveling together could sleep in separate beds for an extra fee (the second bed is either a sofa bed or inflatable bed). Smoking is only allowed on the porch. |       nan |
| 1002403 | THE VILLAGE OF HARLEM....NEW YORK !              | 78829239556 | nan                      | Elise       | Manhattan             | Harlem          | 40.809  | -73.9419 | United States | US             | True               | flexible              | Private room    |                2005 | $620    | $124          |                3 |                   0 | nan           |              nan    |                    5 |                                1 |                352 | I encourage you to use my kitchen, cooking and laundry facilities. There is no additional charge to use the washer/dryer in the basement.  No smoking, inside or outside. Come home as late as you want.  If you come home stumbling drunk, it's OK the first time. If you do it again, and you wake up me or the neighbors downstairs, we will be annoyed.  (Just so you know . . . )                              |       nan |
| 1002755 | nan                                              | 85098326012 | unconfirmed              | Garry       | Brooklyn              | Clinton Hill    | 40.6851 | -73.9598 | United States | US             | True               | moderate              | Entire home/apt |                2005 | $368    | $74           |               30 |                 270 | 7/5/2019      |                4.64 |                    4 |                                1 |                322 | nan                                                                                                                                                                                                                                                                                                                                                                                                                 |       nan |
| 1003689 | Entire Apt: Spacious Studio/Loft by central park | 92037596077 | verified                 | Lyndon      | Manhattan             | East Harlem     | 40.7985 | -73.944  | United States | US             | False              | moderate              | Entire home/apt |                2009 | $204    | $41           |               10 |                   9 | 11/19/2018    |                0.1  |                    3 |                                1 |                289 | Please no smoking in the house, porch or on the property (you can go to the nearby corner).  Reasonable quiet after 10:30 pm.  Please remove shoes in the house.                                                                                                                                                                                                                                                    |       nan |
2025-05-16 22:04:18,871 - INFO - Motor de SQLAlchemy para PostgreSQL creado.
2025-05-16 22:04:18,881 - INFO - Conexión a la base de datos PostgreSQL establecida y verificada exitosamente.
2025-05-16 22:04:18,889 - INFO - Intentando crear/reemplazar la tabla vacía 'raw_airbnb' en PostgreSQL.
2025-05-16 22:04:18,918 - INFO - Tabla 'raw_airbnb' creada/reemplazada exitosamente (estructura definida, sin datos).
2025-05-16 22:04:18,924 - INFO - Intentando insertar datos del DataFrame en la tabla 'raw_airbnb'.
2025-05-16 22:04:24,674 - INFO - Datos insertados exitosamente en la tabla 'raw_airbnb'.
2025-05-16 22:04:24,680 - INFO - Consultando las primeras 5 filas de la tabla 'raw_airbnb' desde PostgreSQL.
2025-05-16 22:04:24,684 - INFO - Primeras 5 filas obtenidas de PostgreSQL (formato markdown):
2025-05-16 22:04:24,692 - INFO - Script de carga de datos finalizado.
2025-05-16 22:04:24,693 - INFO - Conexiones del motor de SQLAlchemy dispuestas (cerradas).
